<?xml version="1.0" encoding="UTF-8"?>
<coverage generated="1541096416251" clover="3.2.0">
  <project timestamp="1541096416251" name="All files">
    <metrics statements="816" coveredstatements="716" conditionals="343" coveredconditionals="183" methods="174" coveredmethods="146" elements="1333" coveredelements="1045" complexity="0" loc="816" ncloc="816" packages="11" files="30" classes="30">
      <package name="src">
        <metrics statements="0" coveredstatements="0" conditionals="0" coveredconditionals="0" methods="0" coveredmethods="0"/>
        <file name="index.js" path="/home/orar/workspace/npmlab/questrar/src/index.js">
          <metrics statements="0" coveredstatements="0" conditionals="0" coveredconditionals="0" methods="0" coveredmethods="0"/>
        </file>
      </package>
      <package name="src.components">
        <metrics statements="70" coveredstatements="54" conditionals="92" coveredconditionals="53" methods="1" coveredmethods="1"/>
        <file name="Request.jsx" path="/home/orar/workspace/npmlab/questrar/src/components/Request.jsx">
          <metrics statements="70" coveredstatements="54" conditionals="92" coveredconditionals="53" methods="1" coveredmethods="1"/>
          <line num="75" count="4" type="stmt"/>
          <line num="100" count="40" type="cond" truecount="2" falsecount="0"/>
          <line num="102" count="40" type="stmt"/>
          <line num="105" count="21" type="cond" truecount="4" falsecount="0"/>
          <line num="106" count="1" type="cond" truecount="1" falsecount="1"/>
          <line num="107" count="1" type="stmt"/>
          <line num="109" count="1" type="cond" truecount="2" falsecount="2"/>
          <line num="110" count="1" type="stmt"/>
          <line num="111" count="0" type="cond" truecount="0" falsecount="2"/>
          <line num="113" count="1" type="stmt"/>
          <line num="116" count="1" type="cond" truecount="2" falsecount="2"/>
          <line num="117" count="1" type="stmt"/>
          <line num="120" count="20" type="cond" truecount="1" falsecount="1"/>
          <line num="121" count="1" type="stmt"/>
          <line num="124" count="2" type="stmt"/>
          <line num="128" count="19" type="cond" truecount="4" falsecount="0"/>
          <line num="129" count="1" type="stmt"/>
          <line num="132" count="1" type="cond" truecount="3" falsecount="1"/>
          <line num="135" count="19" type="stmt"/>
          <line num="136" count="3" type="cond" truecount="1" falsecount="1"/>
          <line num="138" count="1" type="stmt"/>
          <line num="140" count="0" type="cond" truecount="0" falsecount="4"/>
          <line num="142" count="2" type="stmt"/>
          <line num="144" count="0" type="stmt"/>
          <line num="148" count="20" type="cond" truecount="2" falsecount="0"/>
          <line num="150" count="2" type="cond" truecount="2" falsecount="2"/>
          <line num="151" count="0" type="stmt"/>
          <line num="152" count="0" type="stmt"/>
          <line num="155" count="4" type="cond" truecount="1" falsecount="1"/>
          <line num="156" count="16" type="stmt"/>
          <line num="161" count="5" type="cond" truecount="1" falsecount="1"/>
          <line num="162" count="0" type="cond" truecount="0" falsecount="2"/>
          <line num="163" count="0" type="stmt"/>
          <line num="164" count="3" type="cond" truecount="0" falsecount="2"/>
          <line num="166" count="1" type="stmt"/>
          <line num="169" count="2" type="cond" truecount="0" falsecount="2"/>
          <line num="173" count="2" type="stmt"/>
          <line num="190" count="18" type="cond" truecount="2" falsecount="0"/>
          <line num="192" count="5" type="cond" truecount="2" falsecount="2"/>
          <line num="193" count="0" type="stmt"/>
          <line num="194" count="13" type="stmt"/>
          <line num="197" count="4" type="cond" truecount="4" falsecount="0"/>
          <line num="198" count="1" type="stmt"/>
          <line num="214" count="3" type="stmt"/>
          <line num="216" count="2" type="cond" truecount="3" falsecount="1"/>
          <line num="217" count="0" type="stmt"/>
          <line num="218" count="0" type="cond" truecount="0" falsecount="2"/>
          <line num="220" count="1" type="stmt"/>
          <line num="223" count="2" type="cond" truecount="3" falsecount="1"/>
          <line num="225" count="3" type="stmt"/>
          <line num="228" count="12" type="stmt"/>
          <line num="233" count="14" type="cond" truecount="2" falsecount="0"/>
          <line num="234" count="1" type="cond" truecount="1" falsecount="1"/>
          <line num="235" count="1" type="stmt"/>
          <line num="238" count="2" type="cond" truecount="3" falsecount="1"/>
          <line num="239" count="11" type="cond" truecount="0" falsecount="2"/>
          <line num="240" count="0" type="stmt"/>
          <line num="242" count="0" type="stmt"/>
          <line num="245" count="1" type="cond" truecount="1" falsecount="1"/>
          <line num="246" count="0" type="stmt"/>
          <line num="249" count="1" type="stmt"/>
          <line num="252" count="12" type="cond" truecount="2" falsecount="0"/>
          <line num="253" count="1" type="stmt"/>
          <line num="256" count="1" type="cond" truecount="3" falsecount="1"/>
          <line num="257" count="0" type="stmt"/>
          <line num="258" count="0" type="cond" truecount="0" falsecount="2"/>
          <line num="260" count="0" type="stmt"/>
          <line num="263" count="1" type="cond" truecount="1" falsecount="1"/>
          <line num="265" count="1" type="stmt"/>
          <line num="270" count="11" type="stmt"/>
        </file>
      </package>
      <package name="src.components.RequestError">
        <metrics statements="40" coveredstatements="31" conditionals="40" coveredconditionals="24" methods="6" coveredmethods="3"/>
        <file name="RequestError.jsx" path="/home/orar/workspace/npmlab/questrar/src/components/RequestError/RequestError.jsx">
          <metrics statements="40" coveredstatements="31" conditionals="40" coveredconditionals="24" methods="6" coveredmethods="3"/>
          <line num="38" count="0" type="stmt"/>
          <line num="46" count="0" type="stmt"/>
          <line num="47" count="0" type="stmt"/>
          <line num="49" count="0" type="cond" truecount="0" falsecount="4"/>
          <line num="50" count="0" type="stmt"/>
          <line num="53" count="0" type="cond" truecount="0" falsecount="5"/>
          <line num="54" count="0" type="stmt"/>
          <line num="55" count="0" type="stmt"/>
          <line num="56" count="0" type="stmt"/>
          <line num="64" count="5" type="cond" truecount="0" falsecount="2"/>
          <line num="65" count="5" type="stmt"/>
          <line num="75" count="5" type="stmt"/>
          <line num="76" count="10" type="stmt"/>
          <line num="78" count="7" type="cond" truecount="1" falsecount="1"/>
          <line num="80" count="8" type="cond" truecount="1" falsecount="1"/>
          <line num="81" count="4" type="stmt"/>
          <line num="82" count="1" type="cond" truecount="0" falsecount="2"/>
          <line num="84" count="4" type="stmt"/>
          <line num="86" count="25" type="cond" truecount="2" falsecount="0"/>
          <line num="87" count="4" type="stmt"/>
          <line num="90" count="21" type="stmt"/>
          <line num="101" count="7" type="stmt"/>
          <line num="103" count="19" type="cond" truecount="2" falsecount="0"/>
          <line num="104" count="2" type="cond" truecount="1" falsecount="1"/>
          <line num="111" count="18" type="cond" truecount="2" falsecount="0"/>
          <line num="118" count="6" type="stmt"/>
          <line num="132" count="32" type="cond" truecount="1" falsecount="0"/>
          <line num="133" count="21" type="stmt"/>
          <line num="135" count="31" type="cond" truecount="4" falsecount="0"/>
          <line num="136" count="2" type="stmt"/>
          <line num="138" count="2" type="stmt"/>
          <line num="150" count="18" type="cond" truecount="4" falsecount="0"/>
          <line num="151" count="3" type="stmt"/>
          <line num="154" count="15" type="cond" truecount="2" falsecount="0"/>
          <line num="155" count="1" type="stmt"/>
          <line num="158" count="14" type="cond" truecount="2" falsecount="0"/>
          <line num="159" count="2" type="stmt"/>
          <line num="167" count="12" type="cond" truecount="2" falsecount="0"/>
          <line num="168" count="1" type="stmt"/>
          <line num="175" count="11" type="stmt"/>
        </file>
        <file name="index.js" path="/home/orar/workspace/npmlab/questrar/src/components/RequestError/index.js">
          <metrics statements="0" coveredstatements="0" conditionals="0" coveredconditionals="0" methods="0" coveredmethods="0"/>
        </file>
      </package>
      <package name="src.components.RequestPending">
        <metrics statements="2" coveredstatements="2" conditionals="0" coveredconditionals="0" methods="1" coveredmethods="1"/>
        <file name="RequestPending.jsx" path="/home/orar/workspace/npmlab/questrar/src/components/RequestPending/RequestPending.jsx">
          <metrics statements="2" coveredstatements="2" conditionals="0" coveredconditionals="0" methods="1" coveredmethods="1"/>
          <line num="15" count="8" type="stmt"/>
          <line num="16" count="6" type="stmt"/>
        </file>
        <file name="index.js" path="/home/orar/workspace/npmlab/questrar/src/components/RequestPending/index.js">
          <metrics statements="0" coveredstatements="0" conditionals="0" coveredconditionals="0" methods="0" coveredmethods="0"/>
        </file>
      </package>
      <package name="src.components.RequestSuccess">
        <metrics statements="36" coveredstatements="26" conditionals="38" coveredconditionals="16" methods="6" coveredmethods="3"/>
        <file name="RequestSuccess.jsx" path="/home/orar/workspace/npmlab/questrar/src/components/RequestSuccess/RequestSuccess.jsx">
          <metrics statements="36" coveredstatements="26" conditionals="38" coveredconditionals="16" methods="6" coveredmethods="3"/>
          <line num="39" count="0" type="stmt"/>
          <line num="48" count="0" type="stmt"/>
          <line num="49" count="0" type="stmt"/>
          <line num="52" count="0" type="cond" truecount="0" falsecount="4"/>
          <line num="53" count="0" type="stmt"/>
          <line num="56" count="0" type="cond" truecount="0" falsecount="5"/>
          <line num="57" count="0" type="stmt"/>
          <line num="58" count="0" type="stmt"/>
          <line num="59" count="0" type="stmt"/>
          <line num="68" count="10" type="cond" truecount="0" falsecount="2"/>
          <line num="69" count="10" type="stmt"/>
          <line num="79" count="11" type="stmt"/>
          <line num="80" count="19" type="stmt"/>
          <line num="82" count="12" type="cond" truecount="1" falsecount="1"/>
          <line num="84" count="17" type="cond" truecount="2" falsecount="0"/>
          <line num="85" count="2" type="stmt"/>
          <line num="86" count="1" type="cond" truecount="1" falsecount="1"/>
          <line num="88" count="2" type="stmt"/>
          <line num="90" count="20" type="cond" truecount="2" falsecount="0"/>
          <line num="91" count="3" type="stmt"/>
          <line num="94" count="8" type="stmt"/>
          <line num="104" count="1" type="stmt"/>
          <line num="106" count="11" type="cond" truecount="1" falsecount="1"/>
          <line num="107" count="1" type="cond" truecount="0" falsecount="2"/>
          <line num="114" count="10" type="cond" truecount="1" falsecount="1"/>
          <line num="117" count="1" type="stmt"/>
          <line num="131" count="11" type="cond" truecount="1" falsecount="0"/>
          <line num="132" count="11" type="stmt"/>
          <line num="134" count="11" type="cond" truecount="2" falsecount="0"/>
          <line num="135" count="1" type="cond" truecount="1" falsecount="1"/>
          <line num="136" count="1" type="stmt"/>
          <line num="139" count="0" type="stmt"/>
          <line num="150" count="10" type="cond" truecount="4" falsecount="0"/>
          <line num="151" count="1" type="stmt"/>
          <line num="153" count="1" type="stmt"/>
          <line num="165" count="9" type="stmt"/>
        </file>
        <file name="index.js" path="/home/orar/workspace/npmlab/questrar/src/components/RequestSuccess/index.js">
          <metrics statements="0" coveredstatements="0" conditionals="0" coveredconditionals="0" methods="0" coveredmethods="0"/>
        </file>
      </package>
      <package name="src.components.Spinner">
        <metrics statements="8" coveredstatements="8" conditionals="2" coveredconditionals="2" methods="2" coveredmethods="2"/>
        <file name="Spinner.jsx" path="/home/orar/workspace/npmlab/questrar/src/components/Spinner/Spinner.jsx">
          <metrics statements="8" coveredstatements="8" conditionals="2" coveredconditionals="2" methods="2" coveredmethods="2"/>
          <line num="10" count="10" type="stmt"/>
          <line num="11" count="6" type="stmt"/>
          <line num="12" count="6" type="cond" truecount="2" falsecount="0"/>
          <line num="13" count="36" type="stmt"/>
          <line num="15" count="3" type="stmt"/>
          <line num="17" count="3" type="stmt"/>
          <line num="20" count="33" type="stmt"/>
          <line num="21" count="33" type="stmt"/>
        </file>
      </package>
      <package name="src.module">
        <metrics statements="176" coveredstatements="150" conditionals="95" coveredconditionals="47" methods="45" coveredmethods="36"/>
        <file name="RequestProvider.jsx" path="/home/orar/workspace/npmlab/questrar/src/module/RequestProvider.jsx">
          <metrics statements="84" coveredstatements="69" conditionals="38" coveredconditionals="14" methods="23" coveredmethods="16"/>
          <line num="43" count="18" type="stmt"/>
          <line num="44" count="9" type="cond" truecount="2" falsecount="2"/>
          <line num="45" count="0" type="stmt"/>
          <line num="46" count="0" type="cond" truecount="0" falsecount="2"/>
          <line num="47" count="0" type="stmt"/>
          <line num="54" count="0" type="stmt"/>
          <line num="55" count="49" type="cond" truecount="0" falsecount="2"/>
          <line num="56" count="0" type="stmt"/>
          <line num="65" count="49" type="stmt"/>
          <line num="74" count="0" type="cond" truecount="0" falsecount="2"/>
          <line num="75" count="28" type="stmt"/>
          <line num="77" count="28" type="stmt"/>
          <line num="84" count="28" type="stmt"/>
          <line num="93" count="56" type="cond" truecount="1" falsecount="1"/>
          <line num="94" count="6" type="stmt"/>
          <line num="96" count="28" type="stmt"/>
          <line num="106" count="12" type="cond" truecount="1" falsecount="1"/>
          <line num="107" count="5" type="stmt"/>
          <line num="109" count="11" type="stmt"/>
          <line num="118" count="5" type="stmt"/>
          <line num="119" count="10" type="cond" truecount="1" falsecount="1"/>
          <line num="121" count="6" type="stmt"/>
          <line num="122" count="5" type="stmt"/>
          <line num="123" count="6" type="cond" truecount="1" falsecount="1"/>
          <line num="124" count="6" type="stmt"/>
          <line num="125" count="6" type="stmt"/>
          <line num="126" count="6" type="stmt"/>
          <line num="127" count="6" type="stmt"/>
          <line num="128" count="6" type="stmt"/>
          <line num="138" count="2" type="cond" truecount="1" falsecount="1"/>
          <line num="139" count="1" type="stmt"/>
          <line num="141" count="1" type="stmt"/>
          <line num="142" count="2" type="stmt"/>
          <line num="143" count="2" type="stmt"/>
          <line num="144" count="2" type="stmt"/>
          <line num="146" count="2" type="cond" truecount="1" falsecount="1"/>
          <line num="147" count="2" type="stmt"/>
          <line num="149" count="2" type="stmt"/>
          <line num="151" count="2" type="stmt"/>
          <line num="162" count="3" type="cond" truecount="1" falsecount="1"/>
          <line num="163" count="0" type="stmt"/>
          <line num="165" count="3" type="stmt"/>
          <line num="166" count="3" type="stmt"/>
          <line num="167" count="3" type="stmt"/>
          <line num="168" count="3" type="stmt"/>
          <line num="170" count="3" type="cond" truecount="1" falsecount="1"/>
          <line num="171" count="3" type="stmt"/>
          <line num="173" count="3" type="stmt"/>
          <line num="175" count="1" type="stmt"/>
          <line num="187" count="2" type="cond" truecount="1" falsecount="1"/>
          <line num="188" count="0" type="stmt"/>
          <line num="190" count="2" type="stmt"/>
          <line num="191" count="2" type="stmt"/>
          <line num="192" count="2" type="stmt"/>
          <line num="193" count="2" type="stmt"/>
          <line num="195" count="2" type="cond" truecount="1" falsecount="1"/>
          <line num="196" count="2" type="stmt"/>
          <line num="198" count="2" type="stmt"/>
          <line num="200" count="2" type="stmt"/>
          <line num="209" count="0" type="cond" truecount="0" falsecount="2"/>
          <line num="210" count="1" type="stmt"/>
          <line num="212" count="0" type="stmt"/>
          <line num="214" count="1" type="stmt"/>
          <line num="215" count="0" type="stmt"/>
          <line num="217" count="1" type="stmt"/>
          <line num="226" count="1" type="cond" truecount="0" falsecount="2"/>
          <line num="227" count="16" type="stmt"/>
          <line num="229" count="15" type="stmt"/>
          <line num="230" count="0" type="stmt"/>
          <line num="231" count="0" type="stmt"/>
          <line num="233" count="0" type="stmt"/>
          <line num="243" count="1" type="cond" truecount="1" falsecount="1"/>
          <line num="244" count="0" type="stmt"/>
          <line num="246" count="1" type="stmt"/>
          <line num="247" count="1" type="cond" truecount="1" falsecount="1"/>
          <line num="249" count="1" type="stmt"/>
          <line num="250" count="1" type="stmt"/>
          <line num="251" count="1" type="stmt"/>
          <line num="259" count="16" type="stmt"/>
          <line num="270" count="15" type="stmt"/>
          <line num="272" count="15" type="stmt"/>
          <line num="273" count="15" type="stmt"/>
          <line num="275" count="15" type="stmt"/>
          <line num="277" count="15" type="stmt"/>
        </file>
        <file name="common.js" path="/home/orar/workspace/npmlab/questrar/src/module/common.js">
          <metrics statements="8" coveredstatements="8" conditionals="0" coveredconditionals="0" methods="0" coveredmethods="0"/>
          <line num="6" count="12" type="stmt"/>
          <line num="7" count="12" type="stmt"/>
          <line num="8" count="12" type="stmt"/>
          <line num="11" count="12" type="stmt"/>
          <line num="12" count="12" type="stmt"/>
          <line num="13" count="12" type="stmt"/>
          <line num="14" count="12" type="stmt"/>
          <line num="18" count="12" type="stmt"/>
        </file>
        <file name="context.js" path="/home/orar/workspace/npmlab/questrar/src/module/context.js">
          <metrics statements="2" coveredstatements="2" conditionals="0" coveredconditionals="0" methods="0" coveredmethods="0"/>
          <line num="6" count="6" type="stmt"/>
          <line num="15" count="6" type="stmt"/>
        </file>
        <file name="helper.js" path="/home/orar/workspace/npmlab/questrar/src/module/helper.js">
          <metrics statements="33" coveredstatements="28" conditionals="20" coveredconditionals="13" methods="8" coveredmethods="8"/>
          <line num="20" count="30" type="stmt"/>
          <line num="25" count="8" type="stmt"/>
          <line num="26" count="8" type="stmt"/>
          <line num="28" count="8" type="cond" truecount="1" falsecount="1"/>
          <line num="29" count="0" type="cond" truecount="0" falsecount="2"/>
          <line num="30" count="0" type="stmt"/>
          <line num="31" count="0" type="cond" truecount="0" falsecount="2"/>
          <line num="32" count="0" type="stmt"/>
          <line num="34" count="0" type="stmt"/>
          <line num="37" count="8" type="stmt"/>
          <line num="38" count="11" type="stmt"/>
          <line num="39" count="12" type="cond" truecount="2" falsecount="0"/>
          <line num="40" count="7" type="stmt"/>
          <line num="41" count="7" type="stmt"/>
          <line num="42" count="6" type="cond" truecount="1" falsecount="1"/>
          <line num="43" count="17" type="stmt"/>
          <line num="47" count="30" type="stmt"/>
          <line num="58" count="41" type="stmt"/>
          <line num="59" count="52" type="stmt"/>
          <line num="60" count="52" type="stmt"/>
          <line num="61" count="27" type="stmt"/>
          <line num="62" count="52" type="stmt"/>
          <line num="63" count="192" type="cond" truecount="2" falsecount="0"/>
          <line num="64" count="44" type="stmt"/>
          <line num="66" count="53" type="stmt"/>
          <line num="76" count="173" type="stmt"/>
          <line num="77" count="325" type="stmt"/>
          <line num="88" count="49" type="stmt"/>
          <line num="98" count="27" type="cond" truecount="2" falsecount="0"/>
          <line num="108" count="13" type="stmt"/>
          <line num="118" count="159" type="cond" truecount="2" falsecount="0"/>
          <line num="123" count="6" type="cond" truecount="3" falsecount="1"/>
          <line num="125" count="6" type="stmt"/>
        </file>
        <file name="withRequest.jsx" path="/home/orar/workspace/npmlab/questrar/src/module/withRequest.jsx">
          <metrics statements="41" coveredstatements="36" conditionals="33" coveredconditionals="17" methods="10" coveredmethods="9"/>
          <line num="26" count="24" type="stmt"/>
          <line num="27" count="24" type="stmt"/>
          <line num="36" count="10" type="stmt"/>
          <line num="38" count="10" type="cond" truecount="1" falsecount="1"/>
          <line num="40" count="5" type="cond" truecount="1" falsecount="1"/>
          <line num="41" count="0" type="stmt"/>
          <line num="42" count="5" type="cond" truecount="0" falsecount="2"/>
          <line num="43" count="5" type="cond" truecount="0" falsecount="2"/>
          <line num="44" count="5" type="stmt"/>
          <line num="46" count="5" type="cond" truecount="1" falsecount="1"/>
          <line num="47" count="10" type="cond" truecount="2" falsecount="0"/>
          <line num="49" count="8" type="stmt"/>
          <line num="53" count="5" type="stmt"/>
          <line num="54" count="8" type="cond" truecount="3" falsecount="2"/>
          <line num="55" count="0" type="cond" truecount="0" falsecount="2"/>
          <line num="57" count="0" type="stmt"/>
          <line num="61" count="5" type="stmt"/>
          <line num="71" count="3" type="stmt"/>
          <line num="73" count="8" type="cond" truecount="3" falsecount="1"/>
          <line num="75" count="7" type="cond" truecount="1" falsecount="1"/>
          <line num="77" count="3" type="cond" truecount="0" falsecount="2"/>
          <line num="78" count="2" type="stmt"/>
          <line num="82" count="2" type="stmt"/>
          <line num="83" count="2" type="stmt"/>
          <line num="84" count="0" type="stmt"/>
          <line num="89" count="4" type="stmt"/>
          <line num="90" count="8" type="cond" truecount="2" falsecount="0"/>
          <line num="91" count="4" type="stmt"/>
          <line num="93" count="5" type="stmt"/>
          <line num="97" count="15" type="cond" truecount="2" falsecount="0"/>
          <line num="98" count="2" type="stmt"/>
          <line num="99" count="2" type="cond" truecount="1" falsecount="1"/>
          <line num="100" count="2" type="stmt"/>
          <line num="102" count="0" type="stmt"/>
          <line num="105" count="1" type="stmt"/>
          <line num="106" count="3" type="stmt"/>
          <line num="107" count="3" type="stmt"/>
          <line num="118" count="1" type="stmt"/>
          <line num="119" count="1" type="stmt"/>
          <line num="121" count="1" type="stmt"/>
          <line num="126" count="12" type="stmt"/>
        </file>
        <file name="withRequestSelector.jsx" path="/home/orar/workspace/npmlab/questrar/src/module/withRequestSelector.jsx">
          <metrics statements="8" coveredstatements="7" conditionals="4" coveredconditionals="3" methods="4" coveredmethods="3"/>
          <line num="20" count="6" type="stmt"/>
          <line num="32" count="2" type="stmt"/>
          <line num="33" count="1" type="cond" truecount="3" falsecount="1"/>
          <line num="34" count="1" type="stmt"/>
          <line num="36" count="1" type="stmt"/>
          <line num="45" count="1" type="stmt"/>
          <line num="47" count="0" type="stmt"/>
          <line num="51" count="1" type="stmt"/>
        </file>
      </package>
      <package name="src.redux">
        <metrics statements="169" coveredstatements="130" conditionals="76" coveredconditionals="41" methods="30" coveredmethods="21"/>
        <file name="RequestReducer.js" path="/home/orar/workspace/npmlab/questrar/src/redux/RequestReducer.js">
          <metrics statements="86" coveredstatements="80" conditionals="28" coveredconditionals="22" methods="11" coveredmethods="10"/>
          <line num="12" count="11" type="stmt"/>
          <line num="23" count="10" type="stmt"/>
          <line num="25" count="18" type="cond" truecount="2" falsecount="0"/>
          <line num="26" count="2" type="stmt"/>
          <line num="28" count="10" type="cond" truecount="2" falsecount="0"/>
          <line num="29" count="2" type="stmt"/>
          <line num="30" count="2" type="cond" truecount="1" falsecount="1"/>
          <line num="31" count="9" type="stmt"/>
          <line num="33" count="1" type="stmt"/>
          <line num="36" count="8" type="cond" truecount="1" falsecount="1"/>
          <line num="37" count="0" type="stmt"/>
          <line num="38" count="0" type="cond" truecount="0" falsecount="2"/>
          <line num="39" count="8" type="stmt"/>
          <line num="41" count="32" type="stmt"/>
          <line num="44" count="35" type="stmt"/>
          <line num="55" count="37" type="cond" truecount="2" falsecount="0"/>
          <line num="56" count="40" type="stmt"/>
          <line num="58" count="16" type="stmt"/>
          <line num="68" count="26" type="cond" truecount="2" falsecount="0"/>
          <line num="70" count="15" type="stmt"/>
          <line num="72" count="17" type="stmt"/>
          <line num="81" count="8" type="stmt"/>
          <line num="84" count="8" type="stmt"/>
          <line num="85" count="8" type="stmt"/>
          <line num="87" count="8" type="stmt"/>
          <line num="88" count="8" type="stmt"/>
          <line num="89" count="8" type="stmt"/>
          <line num="90" count="8" type="stmt"/>
          <line num="92" count="8" type="stmt"/>
          <line num="93" count="8" type="stmt"/>
          <line num="102" count="8" type="stmt"/>
          <line num="104" count="8" type="stmt"/>
          <line num="105" count="8" type="stmt"/>
          <line num="107" count="8" type="stmt"/>
          <line num="108" count="8" type="stmt"/>
          <line num="110" count="8" type="stmt"/>
          <line num="111" count="8" type="stmt"/>
          <line num="120" count="8" type="stmt"/>
          <line num="122" count="8" type="stmt"/>
          <line num="123" count="8" type="stmt"/>
          <line num="125" count="8" type="stmt"/>
          <line num="126" count="8" type="stmt"/>
          <line num="128" count="8" type="stmt"/>
          <line num="129" count="8" type="stmt"/>
          <line num="139" count="8" type="stmt"/>
          <line num="141" count="8" type="stmt"/>
          <line num="142" count="4" type="stmt"/>
          <line num="145" count="6" type="stmt"/>
          <line num="146" count="4" type="stmt"/>
          <line num="147" count="17" type="stmt"/>
          <line num="148" count="6" type="stmt"/>
          <line num="149" count="6" type="stmt"/>
          <line num="151" count="6" type="stmt"/>
          <line num="152" count="6" type="stmt"/>
          <line num="163" count="6" type="stmt"/>
          <line num="165" count="4" type="stmt"/>
          <line num="166" count="6" type="stmt"/>
          <line num="168" count="5" type="stmt"/>
          <line num="169" count="4" type="stmt"/>
          <line num="170" count="4" type="stmt"/>
          <line num="171" count="4" type="stmt"/>
          <line num="172" count="4" type="stmt"/>
          <line num="174" count="4" type="stmt"/>
          <line num="175" count="4" type="stmt"/>
          <line num="186" count="4" type="stmt"/>
          <line num="188" count="4" type="stmt"/>
          <line num="189" count="4" type="stmt"/>
          <line num="191" count="4" type="cond" truecount="1" falsecount="1"/>
          <line num="192" count="4" type="stmt"/>
          <line num="193" count="4" type="stmt"/>
          <line num="194" count="4" type="stmt"/>
          <line num="196" count="0" type="stmt"/>
          <line num="207" count="2" type="stmt"/>
          <line num="208" count="0" type="stmt"/>
          <line num="210" count="0" type="stmt"/>
          <line num="221" count="13" type="stmt"/>
          <line num="222" count="13" type="cond" truecount="4" falsecount="0"/>
          <line num="223" count="13" type="cond" truecount="7" falsecount="1"/>
          <line num="225" count="2" type="stmt"/>
          <line num="228" count="2" type="stmt"/>
          <line num="231" count="2" type="stmt"/>
          <line num="234" count="2" type="stmt"/>
          <line num="237" count="2" type="stmt"/>
          <line num="240" count="0" type="stmt"/>
          <line num="243" count="2" type="stmt"/>
          <line num="246" count="1" type="stmt"/>
        </file>
        <file name="common.js" path="/home/orar/workspace/npmlab/questrar/src/redux/common.js">
          <metrics statements="2" coveredstatements="2" conditionals="0" coveredconditionals="0" methods="0" coveredmethods="0"/>
          <line num="4" count="4" type="stmt"/>
          <line num="7" count="4" type="stmt"/>
        </file>
        <file name="createRequest.js" path="/home/orar/workspace/npmlab/questrar/src/redux/createRequest.js">
          <metrics statements="44" coveredstatements="44" conditionals="25" coveredconditionals="17" methods="10" coveredmethods="10"/>
          <line num="29" count="22" type="stmt"/>
          <line num="31" count="23" type="cond" truecount="2" falsecount="1"/>
          <line num="32" count="14" type="stmt"/>
          <line num="34" count="23" type="cond" truecount="1" falsecount="1"/>
          <line num="35" count="23" type="cond" truecount="1" falsecount="1"/>
          <line num="36" count="22" type="cond" truecount="1" falsecount="1"/>
          <line num="39" count="13" type="cond" truecount="2" falsecount="0"/>
          <line num="49" count="22" type="stmt"/>
          <line num="50" count="14" type="stmt"/>
          <line num="51" count="12" type="stmt"/>
          <line num="52" count="14" type="cond" truecount="2" falsecount="0"/>
          <line num="53" count="3" type="stmt"/>
          <line num="55" count="14" type="stmt"/>
          <line num="56" count="23" type="stmt"/>
          <line num="65" count="13" type="stmt"/>
          <line num="74" count="13" type="stmt"/>
          <line num="75" count="2" type="stmt"/>
          <line num="76" count="4" type="stmt"/>
          <line num="77" count="13" type="cond" truecount="1" falsecount="1"/>
          <line num="78" count="2" type="stmt"/>
          <line num="79" count="13" type="cond" truecount="3" falsecount="1"/>
          <line num="80" count="2" type="stmt"/>
          <line num="83" count="13" type="stmt"/>
          <line num="93" count="13" type="stmt"/>
          <line num="94" count="3" type="stmt"/>
          <line num="95" count="13" type="stmt"/>
          <line num="96" count="3" type="cond" truecount="1" falsecount="1"/>
          <line num="97" count="11" type="stmt"/>
          <line num="98" count="13" type="cond" truecount="3" falsecount="1"/>
          <line num="99" count="11" type="stmt"/>
          <line num="101" count="13" type="stmt"/>
          <line num="108" count="22" type="stmt"/>
          <line num="114" count="22" type="stmt"/>
          <line num="120" count="11" type="stmt"/>
          <line num="127" count="1" type="stmt"/>
          <line num="130" count="11" type="stmt"/>
          <line num="132" count="11" type="stmt"/>
          <line num="134" count="11" type="stmt"/>
          <line num="135" count="11" type="stmt"/>
          <line num="136" count="11" type="stmt"/>
          <line num="138" count="11" type="stmt"/>
          <line num="139" count="11" type="stmt"/>
          <line num="141" count="11" type="stmt"/>
          <line num="143" count="11" type="stmt"/>
        </file>
        <file name="createStateProvider.js" path="/home/orar/workspace/npmlab/questrar/src/redux/createStateProvider.js">
          <metrics statements="37" coveredstatements="4" conditionals="23" coveredconditionals="2" methods="9" coveredmethods="1"/>
          <line num="22" count="4" type="stmt"/>
          <line num="46" count="4" type="cond" truecount="2" falsecount="0"/>
          <line num="54" count="0" type="stmt"/>
          <line num="55" count="0" type="stmt"/>
          <line num="56" count="0" type="stmt"/>
          <line num="57" count="0" type="stmt"/>
          <line num="58" count="0" type="cond" truecount="0" falsecount="4"/>
          <line num="59" count="0" type="stmt"/>
          <line num="62" count="0" type="stmt"/>
          <line num="70" count="0" type="stmt"/>
          <line num="71" count="0" type="cond" truecount="0" falsecount="4"/>
          <line num="72" count="0" type="stmt"/>
          <line num="74" count="0" type="stmt"/>
          <line num="85" count="0" type="stmt"/>
          <line num="96" count="0" type="stmt"/>
          <line num="97" count="0" type="stmt"/>
          <line num="98" count="0" type="cond" truecount="0" falsecount="2"/>
          <line num="99" count="0" type="cond" truecount="0" falsecount="2"/>
          <line num="101" count="0" type="stmt"/>
          <line num="102" count="0" type="stmt"/>
          <line num="114" count="0" type="stmt"/>
          <line num="122" count="0" type="cond" truecount="0" falsecount="2"/>
          <line num="123" count="0" type="stmt"/>
          <line num="132" count="0" type="stmt"/>
          <line num="134" count="0" type="cond" truecount="0" falsecount="5"/>
          <line num="136" count="0" type="stmt"/>
          <line num="137" count="0" type="stmt"/>
          <line num="139" count="0" type="stmt"/>
          <line num="140" count="4" type="stmt"/>
          <line num="142" count="0" type="stmt"/>
          <line num="143" count="0" type="stmt"/>
          <line num="145" count="0" type="stmt"/>
          <line num="146" count="0" type="stmt"/>
          <line num="148" count="0" type="stmt"/>
          <line num="150" count="0" type="cond" truecount="0" falsecount="2"/>
          <line num="151" count="0" type="stmt"/>
          <line num="156" count="4" type="stmt"/>
        </file>
        <file name="index.js" path="/home/orar/workspace/npmlab/questrar/src/redux/index.js">
          <metrics statements="0" coveredstatements="0" conditionals="0" coveredconditionals="0" methods="0" coveredmethods="0"/>
        </file>
      </package>
      <package name="test">
        <metrics statements="6" coveredstatements="6" conditionals="0" coveredconditionals="0" methods="0" coveredmethods="0"/>
        <file name="StyleMock.js" path="/home/orar/workspace/npmlab/questrar/test/StyleMock.js">
          <metrics statements="0" coveredstatements="0" conditionals="0" coveredconditionals="0" methods="0" coveredmethods="0"/>
        </file>
        <file name="test-bundle.js" path="/home/orar/workspace/npmlab/questrar/test/test-bundle.js">
          <metrics statements="6" coveredstatements="6" conditionals="0" coveredconditionals="0" methods="0" coveredmethods="0"/>
          <line num="10" count="16" type="stmt"/>
          <line num="12" count="16" type="stmt"/>
          <line num="13" count="16" type="stmt"/>
          <line num="14" count="16" type="stmt"/>
          <line num="16" count="16" type="stmt"/>
          <line num="17" count="16" type="stmt"/>
        </file>
      </package>
      <package name="test.components">
        <metrics statements="190" coveredstatements="190" conditionals="0" coveredconditionals="0" methods="52" coveredmethods="49"/>
        <file name="Request.spec.jsx" path="/home/orar/workspace/npmlab/questrar/test/components/Request.spec.jsx">
          <metrics statements="65" coveredstatements="65" conditionals="0" coveredconditionals="0" methods="16" coveredmethods="15"/>
          <line num="10" count="1" type="stmt"/>
          <line num="12" count="1" type="stmt"/>
          <line num="19" count="1" type="stmt"/>
          <line num="20" count="10" type="stmt"/>
          <line num="30" count="1" type="stmt"/>
          <line num="31" count="19" type="stmt"/>
          <line num="38" count="1" type="stmt"/>
          <line num="39" count="10" type="stmt"/>
          <line num="40" count="10" type="stmt"/>
          <line num="41" count="10" type="stmt"/>
          <line num="42" count="10" type="stmt"/>
          <line num="43" count="10" type="stmt"/>
          <line num="46" count="1" type="stmt"/>
          <line num="47" count="1" type="stmt"/>
          <line num="50" count="1" type="stmt"/>
          <line num="51" count="1" type="stmt"/>
          <line num="52" count="1" type="stmt"/>
          <line num="53" count="1" type="stmt"/>
          <line num="56" count="1" type="stmt"/>
          <line num="57" count="1" type="stmt"/>
          <line num="58" count="1" type="stmt"/>
          <line num="59" count="1" type="stmt"/>
          <line num="62" count="1" type="stmt"/>
          <line num="63" count="1" type="stmt"/>
          <line num="64" count="1" type="stmt"/>
          <line num="65" count="1" type="stmt"/>
          <line num="67" count="1" type="stmt"/>
          <line num="68" count="1" type="stmt"/>
          <line num="71" count="1" type="stmt"/>
          <line num="72" count="1" type="stmt"/>
          <line num="73" count="1" type="stmt"/>
          <line num="75" count="1" type="stmt"/>
          <line num="77" count="1" type="stmt"/>
          <line num="80" count="1" type="stmt"/>
          <line num="81" count="1" type="stmt"/>
          <line num="82" count="1" type="stmt"/>
          <line num="83" count="1" type="stmt"/>
          <line num="84" count="1" type="stmt"/>
          <line num="86" count="1" type="stmt"/>
          <line num="87" count="1" type="stmt"/>
          <line num="90" count="1" type="stmt"/>
          <line num="91" count="1" type="stmt"/>
          <line num="92" count="1" type="stmt"/>
          <line num="93" count="1" type="stmt"/>
          <line num="94" count="1" type="stmt"/>
          <line num="96" count="1" type="stmt"/>
          <line num="100" count="1" type="stmt"/>
          <line num="101" count="1" type="stmt"/>
          <line num="102" count="1" type="stmt"/>
          <line num="104" count="1" type="stmt"/>
          <line num="107" count="1" type="stmt"/>
          <line num="108" count="1" type="stmt"/>
          <line num="109" count="1" type="stmt"/>
          <line num="110" count="1" type="stmt"/>
          <line num="112" count="1" type="stmt"/>
          <line num="113" count="1" type="stmt"/>
          <line num="116" count="1" type="stmt"/>
          <line num="117" count="1" type="stmt"/>
          <line num="118" count="1" type="stmt"/>
          <line num="119" count="1" type="stmt"/>
          <line num="121" count="1" type="stmt"/>
          <line num="123" count="1" type="stmt"/>
          <line num="124" count="1" type="stmt"/>
          <line num="125" count="1" type="stmt"/>
          <line num="126" count="1" type="stmt"/>
        </file>
        <file name="RequestError.spec.jsx" path="/home/orar/workspace/npmlab/questrar/test/components/RequestError.spec.jsx">
          <metrics statements="65" coveredstatements="65" conditionals="0" coveredconditionals="0" methods="15" coveredmethods="14"/>
          <line num="8" count="1" type="stmt"/>
          <line num="11" count="1" type="stmt"/>
          <line num="18" count="1" type="stmt"/>
          <line num="19" count="19" type="stmt"/>
          <line num="26" count="1" type="stmt"/>
          <line num="27" count="10" type="stmt"/>
          <line num="37" count="1" type="stmt"/>
          <line num="38" count="10" type="stmt"/>
          <line num="39" count="10" type="stmt"/>
          <line num="40" count="10" type="stmt"/>
          <line num="41" count="10" type="stmt"/>
          <line num="42" count="10" type="stmt"/>
          <line num="46" count="1" type="stmt"/>
          <line num="47" count="1" type="stmt"/>
          <line num="50" count="1" type="stmt"/>
          <line num="51" count="1" type="stmt"/>
          <line num="52" count="1" type="stmt"/>
          <line num="54" count="1" type="stmt"/>
          <line num="57" count="1" type="stmt"/>
          <line num="58" count="1" type="stmt"/>
          <line num="62" count="1" type="stmt"/>
          <line num="64" count="1" type="stmt"/>
          <line num="65" count="1" type="stmt"/>
          <line num="66" count="1" type="stmt"/>
          <line num="69" count="1" type="stmt"/>
          <line num="70" count="1" type="stmt"/>
          <line num="71" count="1" type="stmt"/>
          <line num="72" count="1" type="stmt"/>
          <line num="74" count="1" type="stmt"/>
          <line num="77" count="1" type="stmt"/>
          <line num="78" count="1" type="stmt"/>
          <line num="79" count="1" type="stmt"/>
          <line num="80" count="1" type="stmt"/>
          <line num="82" count="1" type="stmt"/>
          <line num="85" count="1" type="stmt"/>
          <line num="86" count="1" type="stmt"/>
          <line num="87" count="1" type="stmt"/>
          <line num="89" count="1" type="stmt"/>
          <line num="92" count="1" type="stmt"/>
          <line num="93" count="1" type="stmt"/>
          <line num="94" count="1" type="stmt"/>
          <line num="95" count="1" type="stmt"/>
          <line num="97" count="1" type="stmt"/>
          <line num="98" count="1" type="stmt"/>
          <line num="101" count="1" type="stmt"/>
          <line num="102" count="1" type="stmt"/>
          <line num="103" count="1" type="stmt"/>
          <line num="104" count="1" type="stmt"/>
          <line num="105" count="1" type="stmt"/>
          <line num="107" count="1" type="stmt"/>
          <line num="108" count="1" type="stmt"/>
          <line num="111" count="1" type="stmt"/>
          <line num="112" count="1" type="stmt"/>
          <line num="113" count="1" type="stmt"/>
          <line num="115" count="1" type="stmt"/>
          <line num="116" count="1" type="stmt"/>
          <line num="117" count="1" type="stmt"/>
          <line num="120" count="1" type="stmt"/>
          <line num="121" count="1" type="stmt"/>
          <line num="125" count="1" type="stmt"/>
          <line num="127" count="1" type="stmt"/>
          <line num="128" count="1" type="stmt"/>
          <line num="129" count="1" type="stmt"/>
          <line num="130" count="1" type="stmt"/>
          <line num="131" count="1" type="stmt"/>
        </file>
        <file name="RequestPending.spec.jsx" path="/home/orar/workspace/npmlab/questrar/test/components/RequestPending.spec.jsx">
          <metrics statements="12" coveredstatements="12" conditionals="0" coveredconditionals="0" methods="5" coveredmethods="5"/>
          <line num="7" count="1" type="stmt"/>
          <line num="12" count="1" type="stmt"/>
          <line num="13" count="3" type="stmt"/>
          <line num="18" count="1" type="stmt"/>
          <line num="19" count="2" type="stmt"/>
          <line num="22" count="1" type="stmt"/>
          <line num="23" count="1" type="stmt"/>
          <line num="24" count="1" type="stmt"/>
          <line num="27" count="1" type="stmt"/>
          <line num="28" count="1" type="stmt"/>
          <line num="29" count="1" type="stmt"/>
          <line num="30" count="1" type="stmt"/>
        </file>
        <file name="RequestSuccess.spec.jsx" path="/home/orar/workspace/npmlab/questrar/test/components/RequestSuccess.spec.jsx">
          <metrics statements="36" coveredstatements="36" conditionals="0" coveredconditionals="0" methods="11" coveredmethods="10"/>
          <line num="9" count="1" type="stmt"/>
          <line num="11" count="1" type="stmt"/>
          <line num="18" count="1" type="stmt"/>
          <line num="19" count="10" type="stmt"/>
          <line num="26" count="1" type="stmt"/>
          <line num="27" count="5" type="stmt"/>
          <line num="37" count="1" type="stmt"/>
          <line num="38" count="5" type="stmt"/>
          <line num="39" count="5" type="stmt"/>
          <line num="40" count="5" type="stmt"/>
          <line num="41" count="5" type="stmt"/>
          <line num="42" count="5" type="stmt"/>
          <line num="45" count="1" type="stmt"/>
          <line num="46" count="1" type="stmt"/>
          <line num="47" count="1" type="stmt"/>
          <line num="49" count="1" type="stmt"/>
          <line num="52" count="1" type="stmt"/>
          <line num="53" count="1" type="stmt"/>
          <line num="54" count="1" type="stmt"/>
          <line num="55" count="1" type="stmt"/>
          <line num="57" count="1" type="stmt"/>
          <line num="60" count="1" type="stmt"/>
          <line num="61" count="1" type="stmt"/>
          <line num="62" count="1" type="stmt"/>
          <line num="64" count="1" type="stmt"/>
          <line num="65" count="1" type="stmt"/>
          <line num="68" count="1" type="stmt"/>
          <line num="69" count="1" type="stmt"/>
          <line num="70" count="1" type="stmt"/>
          <line num="72" count="1" type="stmt"/>
          <line num="73" count="1" type="stmt"/>
          <line num="76" count="1" type="stmt"/>
          <line num="77" count="1" type="stmt"/>
          <line num="78" count="1" type="stmt"/>
          <line num="79" count="1" type="stmt"/>
          <line num="81" count="1" type="stmt"/>
        </file>
        <file name="Spinner.spec.jsx" path="/home/orar/workspace/npmlab/questrar/test/components/Spinner.spec.jsx">
          <metrics statements="12" coveredstatements="12" conditionals="0" coveredconditionals="0" methods="5" coveredmethods="5"/>
          <line num="6" count="1" type="stmt"/>
          <line num="10" count="1" type="stmt"/>
          <line num="11" count="3" type="stmt"/>
          <line num="16" count="1" type="stmt"/>
          <line num="17" count="2" type="stmt"/>
          <line num="20" count="1" type="stmt"/>
          <line num="21" count="1" type="stmt"/>
          <line num="22" count="1" type="stmt"/>
          <line num="25" count="1" type="stmt"/>
          <line num="26" count="1" type="stmt"/>
          <line num="27" count="1" type="stmt"/>
          <line num="29" count="1" type="stmt"/>
        </file>
      </package>
      <package name="test.module">
        <metrics statements="119" coveredstatements="119" conditionals="0" coveredconditionals="0" methods="31" coveredmethods="30"/>
        <file name="RequestProvider.spec.jsx" path="/home/orar/workspace/npmlab/questrar/test/module/RequestProvider.spec.jsx">
          <metrics statements="67" coveredstatements="67" conditionals="0" coveredconditionals="0" methods="13" coveredmethods="13"/>
          <line num="8" count="1" type="stmt"/>
          <line num="10" count="1" type="stmt"/>
          <line num="11" count="9" type="stmt"/>
          <line num="14" count="1" type="stmt"/>
          <line num="15" count="9" type="stmt"/>
          <line num="18" count="1" type="stmt"/>
          <line num="19" count="1" type="stmt"/>
          <line num="23" count="1" type="stmt"/>
          <line num="24" count="1" type="stmt"/>
          <line num="25" count="1" type="stmt"/>
          <line num="28" count="1" type="stmt"/>
          <line num="29" count="1" type="stmt"/>
          <line num="30" count="1" type="stmt"/>
          <line num="34" count="1" type="stmt"/>
          <line num="35" count="1" type="stmt"/>
          <line num="36" count="1" type="stmt"/>
          <line num="37" count="1" type="stmt"/>
          <line num="38" count="1" type="stmt"/>
          <line num="40" count="1" type="stmt"/>
          <line num="41" count="1" type="stmt"/>
          <line num="42" count="1" type="stmt"/>
          <line num="45" count="1" type="stmt"/>
          <line num="46" count="1" type="stmt"/>
          <line num="47" count="1" type="stmt"/>
          <line num="48" count="1" type="stmt"/>
          <line num="49" count="1" type="stmt"/>
          <line num="51" count="1" type="stmt"/>
          <line num="52" count="1" type="stmt"/>
          <line num="53" count="1" type="stmt"/>
          <line num="56" count="1" type="stmt"/>
          <line num="57" count="1" type="stmt"/>
          <line num="58" count="1" type="stmt"/>
          <line num="59" count="1" type="stmt"/>
          <line num="60" count="1" type="stmt"/>
          <line num="62" count="1" type="stmt"/>
          <line num="63" count="1" type="stmt"/>
          <line num="64" count="1" type="stmt"/>
          <line num="68" count="1" type="stmt"/>
          <line num="69" count="1" type="stmt"/>
          <line num="70" count="1" type="stmt"/>
          <line num="71" count="1" type="stmt"/>
          <line num="72" count="1" type="stmt"/>
          <line num="74" count="1" type="stmt"/>
          <line num="75" count="1" type="stmt"/>
          <line num="76" count="1" type="stmt"/>
          <line num="78" count="1" type="stmt"/>
          <line num="79" count="1" type="stmt"/>
          <line num="80" count="1" type="stmt"/>
          <line num="84" count="1" type="stmt"/>
          <line num="85" count="1" type="stmt"/>
          <line num="87" count="1" type="stmt"/>
          <line num="88" count="1" type="stmt"/>
          <line num="89" count="1" type="stmt"/>
          <line num="90" count="1" type="stmt"/>
          <line num="91" count="1" type="stmt"/>
          <line num="92" count="1" type="stmt"/>
          <line num="96" count="1" type="stmt"/>
          <line num="97" count="1" type="stmt"/>
          <line num="98" count="1" type="stmt"/>
          <line num="99" count="1" type="stmt"/>
          <line num="100" count="1" type="stmt"/>
          <line num="101" count="1" type="stmt"/>
          <line num="102" count="1" type="stmt"/>
          <line num="104" count="1" type="stmt"/>
          <line num="105" count="1" type="stmt"/>
          <line num="107" count="1" type="stmt"/>
          <line num="108" count="1" type="stmt"/>
        </file>
        <file name="withRequest.spec.jsx" path="/home/orar/workspace/npmlab/questrar/test/module/withRequest.spec.jsx">
          <metrics statements="35" coveredstatements="35" conditionals="0" coveredconditionals="0" methods="11" coveredmethods="11"/>
          <line num="8" count="1" type="stmt"/>
          <line num="11" count="1" type="stmt"/>
          <line num="21" count="1" type="stmt"/>
          <line num="22" count="6" type="stmt"/>
          <line num="23" count="60" type="stmt"/>
          <line num="24" count="60" type="stmt"/>
          <line num="27" count="6" type="stmt"/>
          <line num="30" count="1" type="stmt"/>
          <line num="31" count="6" type="stmt"/>
          <line num="32" count="6" type="stmt"/>
          <line num="33" count="6" type="stmt"/>
          <line num="34" count="6" type="stmt"/>
          <line num="35" count="6" type="stmt"/>
          <line num="37" count="6" type="stmt"/>
          <line num="38" count="6" type="stmt"/>
          <line num="42" count="1" type="stmt"/>
          <line num="43" count="1" type="stmt"/>
          <line num="47" count="1" type="stmt"/>
          <line num="48" count="1" type="stmt"/>
          <line num="49" count="1" type="stmt"/>
          <line num="51" count="1" type="stmt"/>
          <line num="54" count="1" type="stmt"/>
          <line num="55" count="1" type="stmt"/>
          <line num="57" count="1" type="stmt"/>
          <line num="61" count="1" type="stmt"/>
          <line num="62" count="1" type="stmt"/>
          <line num="63" count="1" type="stmt"/>
          <line num="65" count="1" type="stmt"/>
          <line num="69" count="1" type="stmt"/>
          <line num="71" count="1" type="stmt"/>
          <line num="73" count="1" type="stmt"/>
          <line num="76" count="1" type="stmt"/>
          <line num="77" count="1" type="stmt"/>
          <line num="78" count="1" type="stmt"/>
          <line num="80" count="1" type="stmt"/>
        </file>
        <file name="withRequestSelector.spec.jsx" path="/home/orar/workspace/npmlab/questrar/test/module/withRequestSelector.spec.jsx">
          <metrics statements="17" coveredstatements="17" conditionals="0" coveredconditionals="0" methods="7" coveredmethods="6"/>
          <line num="8" count="1" type="stmt"/>
          <line num="11" count="1" type="stmt"/>
          <line num="18" count="1" type="stmt"/>
          <line num="19" count="1" type="stmt"/>
          <line num="20" count="10" type="stmt"/>
          <line num="21" count="10" type="stmt"/>
          <line num="24" count="1" type="stmt"/>
          <line num="27" count="1" type="stmt"/>
          <line num="28" count="1" type="stmt"/>
          <line num="29" count="1" type="stmt"/>
          <line num="31" count="1" type="stmt"/>
          <line num="33" count="1" type="stmt"/>
          <line num="36" count="1" type="stmt"/>
          <line num="37" count="1" type="stmt"/>
          <line num="40" count="1" type="stmt"/>
          <line num="41" count="1" type="stmt"/>
          <line num="43" count="1" type="stmt"/>
        </file>
      </package>
    </metrics>
  </project>
</coverage>
