{"/home/orar/workspace/npmlab/questrar/src/index.js": {"path":"/home/orar/workspace/npmlab/questrar/src/index.js","statementMap":{},"fnMap":{},"branchMap":{},"s":{},"f":{},"b":{},"_coverageSchema":"332fd63041d2c1bcb487cc26dd0d5f7d97098a6c","hash":"8a4a70cb89672a58e658dfe252625d5327ec0e17"}
,"/home/orar/workspace/npmlab/questrar/src/components/Request.jsx": {"path":"/home/orar/workspace/npmlab/questrar/src/components/Request.jsx","statementMap":{"0":{"start":{"line":75,"column":23},"end":{"line":271,"column":1}},"1":{"start":{"line":100,"column":2},"end":{"line":100,"column":90}},"2":{"start":{"line":102,"column":20},"end":{"line":102,"column":59}},"3":{"start":{"line":105,"column":2},"end":{"line":125,"column":3}},"4":{"start":{"line":106,"column":4},"end":{"line":108,"column":5}},"5":{"start":{"line":107,"column":6},"end":{"line":107,"column":35}},"6":{"start":{"line":109,"column":4},"end":{"line":114,"column":5}},"7":{"start":{"line":110,"column":21},"end":{"line":110,"column":46}},"8":{"start":{"line":111,"column":25},"end":{"line":111,"column":69}},"9":{"start":{"line":113,"column":6},"end":{"line":113,"column":59}},"10":{"start":{"line":116,"column":4},"end":{"line":118,"column":5}},"11":{"start":{"line":117,"column":6},"end":{"line":117,"column":58}},"12":{"start":{"line":120,"column":4},"end":{"line":122,"column":5}},"13":{"start":{"line":121,"column":6},"end":{"line":121,"column":26}},"14":{"start":{"line":124,"column":4},"end":{"line":124,"column":30}},"15":{"start":{"line":128,"column":2},"end":{"line":145,"column":3}},"16":{"start":{"line":129,"column":24},"end":{"line":129,"column":60}},"17":{"start":{"line":132,"column":4},"end":{"line":139,"column":5}},"18":{"start":{"line":135,"column":21},"end":{"line":135,"column":46}},"19":{"start":{"line":136,"column":25},"end":{"line":136,"column":69}},"20":{"start":{"line":138,"column":6},"end":{"line":138,"column":54}},"21":{"start":{"line":140,"column":4},"end":{"line":143,"column":5}},"22":{"start":{"line":142,"column":6},"end":{"line":142,"column":53}},"23":{"start":{"line":144,"column":4},"end":{"line":144,"column":20}},"24":{"start":{"line":148,"column":2},"end":{"line":187,"column":3}},"25":{"start":{"line":150,"column":4},"end":{"line":153,"column":5}},"26":{"start":{"line":151,"column":6},"end":{"line":151,"column":25}},"27":{"start":{"line":152,"column":6},"end":{"line":152,"column":24}},"28":{"start":{"line":155,"column":4},"end":{"line":157,"column":5}},"29":{"start":{"line":156,"column":6},"end":{"line":156,"column":34}},"30":{"start":{"line":161,"column":4},"end":{"line":170,"column":5}},"31":{"start":{"line":162,"column":6},"end":{"line":167,"column":7}},"32":{"start":{"line":163,"column":23},"end":{"line":163,"column":48}},"33":{"start":{"line":164,"column":27},"end":{"line":164,"column":71}},"34":{"start":{"line":166,"column":8},"end":{"line":166,"column":60}},"35":{"start":{"line":169,"column":6},"end":{"line":169,"column":79}},"36":{"start":{"line":173,"column":4},"end":{"line":186,"column":6}},"37":{"start":{"line":190,"column":2},"end":{"line":229,"column":3}},"38":{"start":{"line":192,"column":4},"end":{"line":195,"column":5}},"39":{"start":{"line":193,"column":6},"end":{"line":193,"column":25}},"40":{"start":{"line":194,"column":6},"end":{"line":194,"column":32}},"41":{"start":{"line":197,"column":4},"end":{"line":212,"column":5}},"42":{"start":{"line":198,"column":6},"end":{"line":211,"column":8}},"43":{"start":{"line":214,"column":24},"end":{"line":214,"column":60}},"44":{"start":{"line":216,"column":4},"end":{"line":221,"column":5}},"45":{"start":{"line":217,"column":21},"end":{"line":217,"column":46}},"46":{"start":{"line":218,"column":25},"end":{"line":218,"column":69}},"47":{"start":{"line":220,"column":6},"end":{"line":220,"column":54}},"48":{"start":{"line":223,"column":4},"end":{"line":226,"column":5}},"49":{"start":{"line":225,"column":6},"end":{"line":225,"column":53}},"50":{"start":{"line":228,"column":4},"end":{"line":228,"column":20}},"51":{"start":{"line":233,"column":2},"end":{"line":250,"column":3}},"52":{"start":{"line":234,"column":4},"end":{"line":236,"column":5}},"53":{"start":{"line":235,"column":6},"end":{"line":235,"column":41}},"54":{"start":{"line":238,"column":4},"end":{"line":243,"column":5}},"55":{"start":{"line":239,"column":6},"end":{"line":241,"column":7}},"56":{"start":{"line":240,"column":8},"end":{"line":240,"column":39}},"57":{"start":{"line":242,"column":6},"end":{"line":242,"column":27}},"58":{"start":{"line":245,"column":4},"end":{"line":247,"column":5}},"59":{"start":{"line":246,"column":6},"end":{"line":246,"column":30}},"60":{"start":{"line":249,"column":4},"end":{"line":249,"column":30}},"61":{"start":{"line":252,"column":2},"end":{"line":267,"column":3}},"62":{"start":{"line":253,"column":24},"end":{"line":253,"column":60}},"63":{"start":{"line":256,"column":4},"end":{"line":261,"column":5}},"64":{"start":{"line":257,"column":21},"end":{"line":257,"column":46}},"65":{"start":{"line":258,"column":25},"end":{"line":258,"column":69}},"66":{"start":{"line":260,"column":6},"end":{"line":260,"column":54}},"67":{"start":{"line":263,"column":4},"end":{"line":266,"column":5}},"68":{"start":{"line":265,"column":6},"end":{"line":265,"column":53}},"69":{"start":{"line":270,"column":2},"end":{"line":270,"column":18}}},"fnMap":{"0":{"name":"(anonymous_0)","decl":{"start":{"line":75,"column":23},"end":{"line":75,"column":24}},"loc":{"start":{"line":99,"column":13},"end":{"line":271,"column":1}},"line":99}},"branchMap":{"0":{"loc":{"start":{"line":100,"column":12},"end":{"line":100,"column":43}},"type":"binary-expr","locations":[{"start":{"line":100,"column":12},"end":{"line":100,"column":23}},{"start":{"line":100,"column":27},"end":{"line":100,"column":43}}],"line":100},"1":{"loc":{"start":{"line":105,"column":2},"end":{"line":125,"column":3}},"type":"if","locations":[{"start":{"line":105,"column":2},"end":{"line":125,"column":3}},{"start":{"line":105,"column":2},"end":{"line":125,"column":3}}],"line":105},"2":{"loc":{"start":{"line":105,"column":6},"end":{"line":105,"column":40}},"type":"binary-expr","locations":[{"start":{"line":105,"column":6},"end":{"line":105,"column":21}},{"start":{"line":105,"column":25},"end":{"line":105,"column":40}}],"line":105},"3":{"loc":{"start":{"line":106,"column":4},"end":{"line":108,"column":5}},"type":"if","locations":[{"start":{"line":106,"column":4},"end":{"line":108,"column":5}},{"start":{"line":106,"column":4},"end":{"line":108,"column":5}}],"line":106},"4":{"loc":{"start":{"line":109,"column":4},"end":{"line":114,"column":5}},"type":"if","locations":[{"start":{"line":109,"column":4},"end":{"line":114,"column":5}},{"start":{"line":109,"column":4},"end":{"line":114,"column":5}}],"line":109},"5":{"loc":{"start":{"line":109,"column":8},"end":{"line":109,"column":39}},"type":"binary-expr","locations":[{"start":{"line":109,"column":8},"end":{"line":109,"column":21}},{"start":{"line":109,"column":25},"end":{"line":109,"column":39}}],"line":109},"6":{"loc":{"start":{"line":111,"column":25},"end":{"line":111,"column":69}},"type":"cond-expr","locations":[{"start":{"line":111,"column":41},"end":{"line":111,"column":47}},{"start":{"line":111,"column":50},"end":{"line":111,"column":69}}],"line":111},"7":{"loc":{"start":{"line":116,"column":4},"end":{"line":118,"column":5}},"type":"if","locations":[{"start":{"line":116,"column":4},"end":{"line":118,"column":5}},{"start":{"line":116,"column":4},"end":{"line":118,"column":5}}],"line":116},"8":{"loc":{"start":{"line":116,"column":8},"end":{"line":116,"column":31}},"type":"binary-expr","locations":[{"start":{"line":116,"column":8},"end":{"line":116,"column":21}},{"start":{"line":116,"column":25},"end":{"line":116,"column":31}}],"line":116},"9":{"loc":{"start":{"line":120,"column":4},"end":{"line":122,"column":5}},"type":"if","locations":[{"start":{"line":120,"column":4},"end":{"line":122,"column":5}},{"start":{"line":120,"column":4},"end":{"line":122,"column":5}}],"line":120},"10":{"loc":{"start":{"line":128,"column":2},"end":{"line":145,"column":3}},"type":"if","locations":[{"start":{"line":128,"column":2},"end":{"line":145,"column":3}},{"start":{"line":128,"column":2},"end":{"line":145,"column":3}}],"line":128},"11":{"loc":{"start":{"line":128,"column":6},"end":{"line":128,"column":39}},"type":"binary-expr","locations":[{"start":{"line":128,"column":6},"end":{"line":128,"column":21}},{"start":{"line":128,"column":25},"end":{"line":128,"column":39}}],"line":128},"12":{"loc":{"start":{"line":132,"column":4},"end":{"line":139,"column":5}},"type":"if","locations":[{"start":{"line":132,"column":4},"end":{"line":139,"column":5}},{"start":{"line":132,"column":4},"end":{"line":139,"column":5}}],"line":132},"13":{"loc":{"start":{"line":132,"column":8},"end":{"line":132,"column":37}},"type":"binary-expr","locations":[{"start":{"line":132,"column":8},"end":{"line":132,"column":19}},{"start":{"line":132,"column":23},"end":{"line":132,"column":37}}],"line":132},"14":{"loc":{"start":{"line":136,"column":25},"end":{"line":136,"column":69}},"type":"cond-expr","locations":[{"start":{"line":136,"column":41},"end":{"line":136,"column":47}},{"start":{"line":136,"column":50},"end":{"line":136,"column":69}}],"line":136},"15":{"loc":{"start":{"line":140,"column":4},"end":{"line":143,"column":5}},"type":"if","locations":[{"start":{"line":140,"column":4},"end":{"line":143,"column":5}},{"start":{"line":140,"column":4},"end":{"line":143,"column":5}}],"line":140},"16":{"loc":{"start":{"line":140,"column":8},"end":{"line":140,"column":29}},"type":"binary-expr","locations":[{"start":{"line":140,"column":8},"end":{"line":140,"column":19}},{"start":{"line":140,"column":23},"end":{"line":140,"column":29}}],"line":140},"17":{"loc":{"start":{"line":148,"column":2},"end":{"line":187,"column":3}},"type":"if","locations":[{"start":{"line":148,"column":2},"end":{"line":187,"column":3}},{"start":{"line":148,"column":2},"end":{"line":187,"column":3}}],"line":148},"18":{"loc":{"start":{"line":150,"column":4},"end":{"line":153,"column":5}},"type":"if","locations":[{"start":{"line":150,"column":4},"end":{"line":153,"column":5}},{"start":{"line":150,"column":4},"end":{"line":153,"column":5}}],"line":150},"19":{"loc":{"start":{"line":150,"column":8},"end":{"line":150,"column":42}},"type":"binary-expr","locations":[{"start":{"line":150,"column":8},"end":{"line":150,"column":25}},{"start":{"line":150,"column":29},"end":{"line":150,"column":42}}],"line":150},"20":{"loc":{"start":{"line":155,"column":4},"end":{"line":157,"column":5}},"type":"if","locations":[{"start":{"line":155,"column":4},"end":{"line":157,"column":5}},{"start":{"line":155,"column":4},"end":{"line":157,"column":5}}],"line":155},"21":{"loc":{"start":{"line":161,"column":4},"end":{"line":170,"column":5}},"type":"if","locations":[{"start":{"line":161,"column":4},"end":{"line":170,"column":5}},{"start":{"line":161,"column":4},"end":{"line":170,"column":5}}],"line":161},"22":{"loc":{"start":{"line":162,"column":6},"end":{"line":167,"column":7}},"type":"if","locations":[{"start":{"line":162,"column":6},"end":{"line":167,"column":7}},{"start":{"line":162,"column":6},"end":{"line":167,"column":7}}],"line":162},"23":{"loc":{"start":{"line":164,"column":27},"end":{"line":164,"column":71}},"type":"cond-expr","locations":[{"start":{"line":164,"column":43},"end":{"line":164,"column":49}},{"start":{"line":164,"column":52},"end":{"line":164,"column":71}}],"line":164},"24":{"loc":{"start":{"line":169,"column":13},"end":{"line":169,"column":78}},"type":"cond-expr","locations":[{"start":{"line":169,"column":22},"end":{"line":169,"column":63}},{"start":{"line":169,"column":66},"end":{"line":169,"column":78}}],"line":169},"25":{"loc":{"start":{"line":190,"column":2},"end":{"line":229,"column":3}},"type":"if","locations":[{"start":{"line":190,"column":2},"end":{"line":229,"column":3}},{"start":{"line":190,"column":2},"end":{"line":229,"column":3}}],"line":190},"26":{"loc":{"start":{"line":192,"column":4},"end":{"line":195,"column":5}},"type":"if","locations":[{"start":{"line":192,"column":4},"end":{"line":195,"column":5}},{"start":{"line":192,"column":4},"end":{"line":195,"column":5}}],"line":192},"27":{"loc":{"start":{"line":192,"column":8},"end":{"line":192,"column":42}},"type":"binary-expr","locations":[{"start":{"line":192,"column":8},"end":{"line":192,"column":25}},{"start":{"line":192,"column":29},"end":{"line":192,"column":42}}],"line":192},"28":{"loc":{"start":{"line":197,"column":4},"end":{"line":212,"column":5}},"type":"if","locations":[{"start":{"line":197,"column":4},"end":{"line":212,"column":5}},{"start":{"line":197,"column":4},"end":{"line":212,"column":5}}],"line":197},"29":{"loc":{"start":{"line":197,"column":8},"end":{"line":197,"column":42}},"type":"binary-expr","locations":[{"start":{"line":197,"column":8},"end":{"line":197,"column":24}},{"start":{"line":197,"column":28},"end":{"line":197,"column":42}}],"line":197},"30":{"loc":{"start":{"line":216,"column":4},"end":{"line":221,"column":5}},"type":"if","locations":[{"start":{"line":216,"column":4},"end":{"line":221,"column":5}},{"start":{"line":216,"column":4},"end":{"line":221,"column":5}}],"line":216},"31":{"loc":{"start":{"line":216,"column":8},"end":{"line":216,"column":37}},"type":"binary-expr","locations":[{"start":{"line":216,"column":8},"end":{"line":216,"column":19}},{"start":{"line":216,"column":23},"end":{"line":216,"column":37}}],"line":216},"32":{"loc":{"start":{"line":218,"column":25},"end":{"line":218,"column":69}},"type":"cond-expr","locations":[{"start":{"line":218,"column":41},"end":{"line":218,"column":47}},{"start":{"line":218,"column":50},"end":{"line":218,"column":69}}],"line":218},"33":{"loc":{"start":{"line":223,"column":4},"end":{"line":226,"column":5}},"type":"if","locations":[{"start":{"line":223,"column":4},"end":{"line":226,"column":5}},{"start":{"line":223,"column":4},"end":{"line":226,"column":5}}],"line":223},"34":{"loc":{"start":{"line":223,"column":8},"end":{"line":223,"column":29}},"type":"binary-expr","locations":[{"start":{"line":223,"column":8},"end":{"line":223,"column":14}},{"start":{"line":223,"column":18},"end":{"line":223,"column":29}}],"line":223},"35":{"loc":{"start":{"line":233,"column":2},"end":{"line":250,"column":3}},"type":"if","locations":[{"start":{"line":233,"column":2},"end":{"line":250,"column":3}},{"start":{"line":233,"column":2},"end":{"line":250,"column":3}}],"line":233},"36":{"loc":{"start":{"line":234,"column":4},"end":{"line":236,"column":5}},"type":"if","locations":[{"start":{"line":234,"column":4},"end":{"line":236,"column":5}},{"start":{"line":234,"column":4},"end":{"line":236,"column":5}}],"line":234},"37":{"loc":{"start":{"line":238,"column":4},"end":{"line":243,"column":5}},"type":"if","locations":[{"start":{"line":238,"column":4},"end":{"line":243,"column":5}},{"start":{"line":238,"column":4},"end":{"line":243,"column":5}}],"line":238},"38":{"loc":{"start":{"line":238,"column":8},"end":{"line":238,"column":43}},"type":"binary-expr","locations":[{"start":{"line":238,"column":8},"end":{"line":238,"column":26}},{"start":{"line":238,"column":30},"end":{"line":238,"column":43}}],"line":238},"39":{"loc":{"start":{"line":239,"column":6},"end":{"line":241,"column":7}},"type":"if","locations":[{"start":{"line":239,"column":6},"end":{"line":241,"column":7}},{"start":{"line":239,"column":6},"end":{"line":241,"column":7}}],"line":239},"40":{"loc":{"start":{"line":245,"column":4},"end":{"line":247,"column":5}},"type":"if","locations":[{"start":{"line":245,"column":4},"end":{"line":247,"column":5}},{"start":{"line":245,"column":4},"end":{"line":247,"column":5}}],"line":245},"41":{"loc":{"start":{"line":252,"column":2},"end":{"line":267,"column":3}},"type":"if","locations":[{"start":{"line":252,"column":2},"end":{"line":267,"column":3}},{"start":{"line":252,"column":2},"end":{"line":267,"column":3}}],"line":252},"42":{"loc":{"start":{"line":256,"column":4},"end":{"line":261,"column":5}},"type":"if","locations":[{"start":{"line":256,"column":4},"end":{"line":261,"column":5}},{"start":{"line":256,"column":4},"end":{"line":261,"column":5}}],"line":256},"43":{"loc":{"start":{"line":256,"column":8},"end":{"line":256,"column":37}},"type":"binary-expr","locations":[{"start":{"line":256,"column":8},"end":{"line":256,"column":19}},{"start":{"line":256,"column":23},"end":{"line":256,"column":37}}],"line":256},"44":{"loc":{"start":{"line":258,"column":25},"end":{"line":258,"column":69}},"type":"cond-expr","locations":[{"start":{"line":258,"column":41},"end":{"line":258,"column":47}},{"start":{"line":258,"column":50},"end":{"line":258,"column":69}}],"line":258},"45":{"loc":{"start":{"line":263,"column":4},"end":{"line":266,"column":5}},"type":"if","locations":[{"start":{"line":263,"column":4},"end":{"line":266,"column":5}},{"start":{"line":263,"column":4},"end":{"line":266,"column":5}}],"line":263}},"s":{"0":4,"1":40,"2":40,"3":21,"4":1,"5":1,"6":1,"7":1,"8":0,"9":1,"10":1,"11":1,"12":20,"13":1,"14":2,"15":19,"16":1,"17":1,"18":19,"19":3,"20":1,"21":0,"22":2,"23":0,"24":20,"25":2,"26":0,"27":0,"28":4,"29":16,"30":5,"31":0,"32":0,"33":3,"34":1,"35":2,"36":2,"37":18,"38":5,"39":0,"40":13,"41":4,"42":1,"43":3,"44":2,"45":0,"46":0,"47":1,"48":2,"49":3,"50":12,"51":14,"52":1,"53":1,"54":2,"55":11,"56":0,"57":0,"58":1,"59":0,"60":1,"61":12,"62":1,"63":1,"64":0,"65":0,"66":0,"67":1,"68":1,"69":11},"f":{"0":40},"b":{"0":[40,40],"1":[2,38],"2":[40,4],"3":[0,2],"4":[0,2],"5":[2,0],"6":[0,0],"7":[0,2],"8":[2,0],"9":[0,2],"10":[2,36],"11":[38,2],"12":[2,0],"13":[2,2],"14":[2,0],"15":[0,0],"16":[0,0],"17":[4,32],"18":[0,4],"19":[4,0],"20":[0,4],"21":[0,4],"22":[0,0],"23":[0,0],"24":[0,0],"25":[6,26],"26":[0,6],"27":[6,0],"28":[2,4],"29":[6,4],"30":[0,4],"31":[4,4],"32":[0,0],"33":[4,0],"34":[4,4],"35":[2,24],"36":[0,2],"37":[0,2],"38":[2,2],"39":[0,0],"40":[0,2],"41":[2,22],"42":[0,2],"43":[2,2],"44":[0,0],"45":[2,0]},"_coverageSchema":"332fd63041d2c1bcb487cc26dd0d5f7d97098a6c","hash":"a8e6bd28e0467e2f3cd3d13ad456eef0be3516d7"}
,"/home/orar/workspace/npmlab/questrar/src/components/RequestError/RequestError.jsx": {"path":"/home/orar/workspace/npmlab/questrar/src/components/RequestError/RequestError.jsx","statementMap":{"0":{"start":{"line":38,"column":4},"end":{"line":38,"column":24}},"1":{"start":{"line":46,"column":53},"end":{"line":46,"column":63}},"2":{"start":{"line":47,"column":21},"end":{"line":47,"column":31}},"3":{"start":{"line":49,"column":4},"end":{"line":51,"column":5}},"4":{"start":{"line":50,"column":6},"end":{"line":50,"column":49}},"5":{"start":{"line":53,"column":4},"end":{"line":55,"column":32}},"6":{"start":{"line":54,"column":6},"end":{"line":54,"column":25}},"7":{"start":{"line":55,"column":13},"end":{"line":55,"column":30}},"8":{"start":{"line":56,"column":4},"end":{"line":56,"column":35}},"9":{"start":{"line":64,"column":4},"end":{"line":66,"column":5}},"10":{"start":{"line":65,"column":6},"end":{"line":65,"column":26}},"11":{"start":{"line":75,"column":51},"end":{"line":75,"column":61}},"12":{"start":{"line":76,"column":22},"end":{"line":76,"column":60}},"13":{"start":{"line":78,"column":4},"end":{"line":89,"column":5}},"14":{"start":{"line":80,"column":6},"end":{"line":85,"column":7}},"15":{"start":{"line":81,"column":23},"end":{"line":81,"column":48}},"16":{"start":{"line":82,"column":27},"end":{"line":82,"column":71}},"17":{"start":{"line":84,"column":8},"end":{"line":84,"column":56}},"18":{"start":{"line":86,"column":6},"end":{"line":88,"column":7}},"19":{"start":{"line":87,"column":8},"end":{"line":87,"column":55}},"20":{"start":{"line":90,"column":4},"end":{"line":90,"column":20}},"21":{"start":{"line":101,"column":24},"end":{"line":101,"column":34}},"22":{"start":{"line":103,"column":4},"end":{"line":109,"column":5}},"23":{"start":{"line":104,"column":6},"end":{"line":108,"column":7}},"24":{"start":{"line":111,"column":20},"end":{"line":115,"column":5}},"25":{"start":{"line":118,"column":4},"end":{"line":128,"column":5}},"26":{"start":{"line":132,"column":78},"end":{"line":132,"column":88}},"27":{"start":{"line":133,"column":21},"end":{"line":133,"column":31}},"28":{"start":{"line":135,"column":4},"end":{"line":148,"column":5}},"29":{"start":{"line":136,"column":25},"end":{"line":136,"column":61}},"30":{"start":{"line":138,"column":6},"end":{"line":147,"column":8}},"31":{"start":{"line":150,"column":4},"end":{"line":152,"column":5}},"32":{"start":{"line":151,"column":6},"end":{"line":151,"column":29}},"33":{"start":{"line":154,"column":4},"end":{"line":156,"column":5}},"34":{"start":{"line":155,"column":6},"end":{"line":155,"column":29}},"35":{"start":{"line":158,"column":4},"end":{"line":165,"column":5}},"36":{"start":{"line":159,"column":6},"end":{"line":164,"column":8}},"37":{"start":{"line":167,"column":4},"end":{"line":173,"column":5}},"38":{"start":{"line":168,"column":6},"end":{"line":172,"column":8}},"39":{"start":{"line":175,"column":4},"end":{"line":179,"column":6}}},"fnMap":{"0":{"name":"(anonymous_0)","decl":{"start":{"line":37,"column":2},"end":{"line":37,"column":3}},"loc":{"start":{"line":37,"column":25},"end":{"line":39,"column":3}},"line":37},"1":{"name":"(anonymous_1)","decl":{"start":{"line":45,"column":17},"end":{"line":45,"column":18}},"loc":{"start":{"line":45,"column":23},"end":{"line":57,"column":3}},"line":45},"2":{"name":"(anonymous_2)","decl":{"start":{"line":63,"column":20},"end":{"line":63,"column":21}},"loc":{"start":{"line":63,"column":37},"end":{"line":67,"column":3}},"line":63},"3":{"name":"(anonymous_3)","decl":{"start":{"line":74,"column":13},"end":{"line":74,"column":14}},"loc":{"start":{"line":74,"column":19},"end":{"line":91,"column":3}},"line":74},"4":{"name":"(anonymous_4)","decl":{"start":{"line":100,"column":18},"end":{"line":100,"column":19}},"loc":{"start":{"line":100,"column":24},"end":{"line":129,"column":3}},"line":100},"5":{"name":"(anonymous_5)","decl":{"start":{"line":131,"column":2},"end":{"line":131,"column":3}},"loc":{"start":{"line":131,"column":11},"end":{"line":180,"column":3}},"line":131}},"branchMap":{"0":{"loc":{"start":{"line":49,"column":4},"end":{"line":51,"column":5}},"type":"if","locations":[{"start":{"line":49,"column":4},"end":{"line":51,"column":5}},{"start":{"line":49,"column":4},"end":{"line":51,"column":5}}],"line":49},"1":{"loc":{"start":{"line":49,"column":8},"end":{"line":49,"column":38}},"type":"binary-expr","locations":[{"start":{"line":49,"column":8},"end":{"line":49,"column":12}},{"start":{"line":49,"column":16},"end":{"line":49,"column":38}}],"line":49},"2":{"loc":{"start":{"line":53,"column":4},"end":{"line":55,"column":32}},"type":"if","locations":[{"start":{"line":53,"column":4},"end":{"line":55,"column":32}},{"start":{"line":53,"column":4},"end":{"line":55,"column":32}}],"line":53},"3":{"loc":{"start":{"line":53,"column":8},"end":{"line":53,"column":60}},"type":"binary-expr","locations":[{"start":{"line":53,"column":8},"end":{"line":53,"column":12}},{"start":{"line":53,"column":17},"end":{"line":53,"column":35}},{"start":{"line":53,"column":39},"end":{"line":53,"column":59}}],"line":53},"4":{"loc":{"start":{"line":64,"column":4},"end":{"line":66,"column":5}},"type":"if","locations":[{"start":{"line":64,"column":4},"end":{"line":66,"column":5}},{"start":{"line":64,"column":4},"end":{"line":66,"column":5}}],"line":64},"5":{"loc":{"start":{"line":78,"column":4},"end":{"line":89,"column":5}},"type":"if","locations":[{"start":{"line":78,"column":4},"end":{"line":89,"column":5}},{"start":{"line":78,"column":4},"end":{"line":89,"column":5}}],"line":78},"6":{"loc":{"start":{"line":80,"column":6},"end":{"line":85,"column":7}},"type":"if","locations":[{"start":{"line":80,"column":6},"end":{"line":85,"column":7}},{"start":{"line":80,"column":6},"end":{"line":85,"column":7}}],"line":80},"7":{"loc":{"start":{"line":82,"column":27},"end":{"line":82,"column":71}},"type":"cond-expr","locations":[{"start":{"line":82,"column":43},"end":{"line":82,"column":49}},{"start":{"line":82,"column":52},"end":{"line":82,"column":71}}],"line":82},"8":{"loc":{"start":{"line":86,"column":6},"end":{"line":88,"column":7}},"type":"if","locations":[{"start":{"line":86,"column":6},"end":{"line":88,"column":7}},{"start":{"line":86,"column":6},"end":{"line":88,"column":7}}],"line":86},"9":{"loc":{"start":{"line":103,"column":4},"end":{"line":109,"column":5}},"type":"if","locations":[{"start":{"line":103,"column":4},"end":{"line":109,"column":5}},{"start":{"line":103,"column":4},"end":{"line":109,"column":5}}],"line":103},"10":{"loc":{"start":{"line":104,"column":14},"end":{"line":108,"column":7}},"type":"cond-expr","locations":[{"start":{"line":104,"column":60},"end":{"line":104,"column":81}},{"start":{"line":105,"column":8},"end":{"line":107,"column":14}}],"line":104},"11":{"loc":{"start":{"line":111,"column":20},"end":{"line":115,"column":5}},"type":"cond-expr","locations":[{"start":{"line":111,"column":44},"end":{"line":111,"column":59}},{"start":{"line":112,"column":6},"end":{"line":114,"column":12}}],"line":111},"12":{"loc":{"start":{"line":132,"column":59},"end":{"line":132,"column":73}},"type":"default-arg","locations":[{"start":{"line":132,"column":71},"end":{"line":132,"column":73}}],"line":132},"13":{"loc":{"start":{"line":135,"column":4},"end":{"line":148,"column":5}},"type":"if","locations":[{"start":{"line":135,"column":4},"end":{"line":148,"column":5}},{"start":{"line":135,"column":4},"end":{"line":148,"column":5}}],"line":135},"14":{"loc":{"start":{"line":135,"column":8},"end":{"line":135,"column":40}},"type":"binary-expr","locations":[{"start":{"line":135,"column":8},"end":{"line":135,"column":21}},{"start":{"line":135,"column":25},"end":{"line":135,"column":40}}],"line":135},"15":{"loc":{"start":{"line":150,"column":4},"end":{"line":152,"column":5}},"type":"if","locations":[{"start":{"line":150,"column":4},"end":{"line":152,"column":5}},{"start":{"line":150,"column":4},"end":{"line":152,"column":5}}],"line":150},"16":{"loc":{"start":{"line":150,"column":8},"end":{"line":150,"column":31}},"type":"binary-expr","locations":[{"start":{"line":150,"column":8},"end":{"line":150,"column":21}},{"start":{"line":150,"column":25},"end":{"line":150,"column":31}}],"line":150},"17":{"loc":{"start":{"line":154,"column":4},"end":{"line":156,"column":5}},"type":"if","locations":[{"start":{"line":154,"column":4},"end":{"line":156,"column":5}},{"start":{"line":154,"column":4},"end":{"line":156,"column":5}}],"line":154},"18":{"loc":{"start":{"line":158,"column":4},"end":{"line":165,"column":5}},"type":"if","locations":[{"start":{"line":158,"column":4},"end":{"line":165,"column":5}},{"start":{"line":158,"column":4},"end":{"line":165,"column":5}}],"line":158},"19":{"loc":{"start":{"line":167,"column":4},"end":{"line":173,"column":5}},"type":"if","locations":[{"start":{"line":167,"column":4},"end":{"line":173,"column":5}},{"start":{"line":167,"column":4},"end":{"line":173,"column":5}}],"line":167}},"s":{"0":0,"1":0,"2":0,"3":0,"4":0,"5":0,"6":0,"7":0,"8":0,"9":5,"10":5,"11":5,"12":10,"13":7,"14":8,"15":4,"16":1,"17":4,"18":25,"19":4,"20":21,"21":7,"22":19,"23":2,"24":18,"25":6,"26":32,"27":21,"28":31,"29":2,"30":2,"31":18,"32":3,"33":15,"34":1,"35":14,"36":2,"37":12,"38":1,"39":11},"f":{"0":0,"1":0,"2":0,"3":10,"4":8,"5":40},"b":{"0":[0,0],"1":[0,0],"2":[0,0],"3":[0,0,0],"4":[0,0],"5":[10,0],"6":[0,10],"7":[0,0],"8":[4,6],"9":[2,6],"10":[0,2],"11":[6,2],"12":[38],"13":[4,36],"14":[40,6],"15":[6,30],"16":[36,34],"17":[2,28],"18":[4,24],"19":[2,22]},"_coverageSchema":"332fd63041d2c1bcb487cc26dd0d5f7d97098a6c","hash":"33b8d4e89adc7dfbb58af09d61a9145aa8bea93a"}
,"/home/orar/workspace/npmlab/questrar/src/components/RequestError/index.js": {"path":"/home/orar/workspace/npmlab/questrar/src/components/RequestError/index.js","statementMap":{},"fnMap":{},"branchMap":{},"s":{},"f":{},"b":{},"_coverageSchema":"332fd63041d2c1bcb487cc26dd0d5f7d97098a6c","hash":"b687c1d9850fc56028d7e13f700a8711b60539a6"}
,"/home/orar/workspace/npmlab/questrar/src/components/RequestPending/RequestPending.jsx": {"path":"/home/orar/workspace/npmlab/questrar/src/components/RequestPending/RequestPending.jsx","statementMap":{"0":{"start":{"line":15,"column":23},"end":{"line":19,"column":1}},"1":{"start":{"line":16,"column":2},"end":{"line":18,"column":8}}},"fnMap":{"0":{"name":"(anonymous_0)","decl":{"start":{"line":15,"column":23},"end":{"line":15,"column":24}},"loc":{"start":{"line":16,"column":2},"end":{"line":18,"column":8}},"line":16}},"branchMap":{},"s":{"0":8,"1":6},"f":{"0":6},"b":{},"_coverageSchema":"332fd63041d2c1bcb487cc26dd0d5f7d97098a6c","hash":"43be577b57be8e22533df0b884768b0741e2a466"}
,"/home/orar/workspace/npmlab/questrar/src/components/RequestPending/index.js": {"path":"/home/orar/workspace/npmlab/questrar/src/components/RequestPending/index.js","statementMap":{},"fnMap":{},"branchMap":{},"s":{},"f":{},"b":{},"_coverageSchema":"332fd63041d2c1bcb487cc26dd0d5f7d97098a6c","hash":"44a28f818d037ff0d4b58f7b1f10fcd1ffcd90da"}
,"/home/orar/workspace/npmlab/questrar/src/components/RequestSuccess/RequestSuccess.jsx": {"path":"/home/orar/workspace/npmlab/questrar/src/components/RequestSuccess/RequestSuccess.jsx","statementMap":{"0":{"start":{"line":39,"column":4},"end":{"line":39,"column":24}},"1":{"start":{"line":48,"column":53},"end":{"line":48,"column":63}},"2":{"start":{"line":49,"column":21},"end":{"line":49,"column":31}},"3":{"start":{"line":52,"column":4},"end":{"line":54,"column":5}},"4":{"start":{"line":53,"column":6},"end":{"line":53,"column":49}},"5":{"start":{"line":56,"column":4},"end":{"line":58,"column":32}},"6":{"start":{"line":57,"column":6},"end":{"line":57,"column":25}},"7":{"start":{"line":58,"column":13},"end":{"line":58,"column":30}},"8":{"start":{"line":59,"column":4},"end":{"line":59,"column":35}},"9":{"start":{"line":68,"column":4},"end":{"line":70,"column":5}},"10":{"start":{"line":69,"column":6},"end":{"line":69,"column":26}},"11":{"start":{"line":79,"column":51},"end":{"line":79,"column":61}},"12":{"start":{"line":80,"column":22},"end":{"line":80,"column":60}},"13":{"start":{"line":82,"column":4},"end":{"line":93,"column":5}},"14":{"start":{"line":84,"column":6},"end":{"line":89,"column":7}},"15":{"start":{"line":85,"column":23},"end":{"line":85,"column":48}},"16":{"start":{"line":86,"column":27},"end":{"line":86,"column":71}},"17":{"start":{"line":88,"column":8},"end":{"line":88,"column":56}},"18":{"start":{"line":90,"column":6},"end":{"line":92,"column":7}},"19":{"start":{"line":91,"column":8},"end":{"line":91,"column":55}},"20":{"start":{"line":94,"column":4},"end":{"line":94,"column":20}},"21":{"start":{"line":104,"column":24},"end":{"line":104,"column":34}},"22":{"start":{"line":106,"column":4},"end":{"line":112,"column":5}},"23":{"start":{"line":107,"column":6},"end":{"line":111,"column":7}},"24":{"start":{"line":114,"column":20},"end":{"line":114,"column":81}},"25":{"start":{"line":117,"column":4},"end":{"line":127,"column":5}},"26":{"start":{"line":131,"column":74},"end":{"line":131,"column":84}},"27":{"start":{"line":132,"column":21},"end":{"line":132,"column":31}},"28":{"start":{"line":134,"column":4},"end":{"line":148,"column":5}},"29":{"start":{"line":135,"column":6},"end":{"line":137,"column":7}},"30":{"start":{"line":136,"column":8},"end":{"line":136,"column":31}},"31":{"start":{"line":139,"column":6},"end":{"line":147,"column":8}},"32":{"start":{"line":150,"column":4},"end":{"line":163,"column":5}},"33":{"start":{"line":151,"column":25},"end":{"line":151,"column":61}},"34":{"start":{"line":153,"column":6},"end":{"line":162,"column":8}},"35":{"start":{"line":165,"column":4},"end":{"line":165,"column":27}}},"fnMap":{"0":{"name":"(anonymous_0)","decl":{"start":{"line":38,"column":2},"end":{"line":38,"column":3}},"loc":{"start":{"line":38,"column":25},"end":{"line":40,"column":3}},"line":38},"1":{"name":"(anonymous_1)","decl":{"start":{"line":47,"column":17},"end":{"line":47,"column":18}},"loc":{"start":{"line":47,"column":23},"end":{"line":60,"column":3}},"line":47},"2":{"name":"(anonymous_2)","decl":{"start":{"line":67,"column":20},"end":{"line":67,"column":21}},"loc":{"start":{"line":67,"column":37},"end":{"line":71,"column":3}},"line":67},"3":{"name":"(anonymous_3)","decl":{"start":{"line":78,"column":13},"end":{"line":78,"column":14}},"loc":{"start":{"line":78,"column":19},"end":{"line":95,"column":3}},"line":78},"4":{"name":"(anonymous_4)","decl":{"start":{"line":103,"column":18},"end":{"line":103,"column":19}},"loc":{"start":{"line":103,"column":24},"end":{"line":128,"column":3}},"line":103},"5":{"name":"(anonymous_5)","decl":{"start":{"line":130,"column":2},"end":{"line":130,"column":3}},"loc":{"start":{"line":130,"column":11},"end":{"line":166,"column":3}},"line":130}},"branchMap":{"0":{"loc":{"start":{"line":52,"column":4},"end":{"line":54,"column":5}},"type":"if","locations":[{"start":{"line":52,"column":4},"end":{"line":54,"column":5}},{"start":{"line":52,"column":4},"end":{"line":54,"column":5}}],"line":52},"1":{"loc":{"start":{"line":52,"column":8},"end":{"line":52,"column":38}},"type":"binary-expr","locations":[{"start":{"line":52,"column":8},"end":{"line":52,"column":12}},{"start":{"line":52,"column":16},"end":{"line":52,"column":38}}],"line":52},"2":{"loc":{"start":{"line":56,"column":4},"end":{"line":58,"column":32}},"type":"if","locations":[{"start":{"line":56,"column":4},"end":{"line":58,"column":32}},{"start":{"line":56,"column":4},"end":{"line":58,"column":32}}],"line":56},"3":{"loc":{"start":{"line":56,"column":8},"end":{"line":56,"column":63}},"type":"binary-expr","locations":[{"start":{"line":56,"column":8},"end":{"line":56,"column":12}},{"start":{"line":56,"column":17},"end":{"line":56,"column":35}},{"start":{"line":56,"column":39},"end":{"line":56,"column":62}}],"line":56},"4":{"loc":{"start":{"line":68,"column":4},"end":{"line":70,"column":5}},"type":"if","locations":[{"start":{"line":68,"column":4},"end":{"line":70,"column":5}},{"start":{"line":68,"column":4},"end":{"line":70,"column":5}}],"line":68},"5":{"loc":{"start":{"line":82,"column":4},"end":{"line":93,"column":5}},"type":"if","locations":[{"start":{"line":82,"column":4},"end":{"line":93,"column":5}},{"start":{"line":82,"column":4},"end":{"line":93,"column":5}}],"line":82},"6":{"loc":{"start":{"line":84,"column":6},"end":{"line":89,"column":7}},"type":"if","locations":[{"start":{"line":84,"column":6},"end":{"line":89,"column":7}},{"start":{"line":84,"column":6},"end":{"line":89,"column":7}}],"line":84},"7":{"loc":{"start":{"line":86,"column":27},"end":{"line":86,"column":71}},"type":"cond-expr","locations":[{"start":{"line":86,"column":43},"end":{"line":86,"column":49}},{"start":{"line":86,"column":52},"end":{"line":86,"column":71}}],"line":86},"8":{"loc":{"start":{"line":90,"column":6},"end":{"line":92,"column":7}},"type":"if","locations":[{"start":{"line":90,"column":6},"end":{"line":92,"column":7}},{"start":{"line":90,"column":6},"end":{"line":92,"column":7}}],"line":90},"9":{"loc":{"start":{"line":106,"column":4},"end":{"line":112,"column":5}},"type":"if","locations":[{"start":{"line":106,"column":4},"end":{"line":112,"column":5}},{"start":{"line":106,"column":4},"end":{"line":112,"column":5}}],"line":106},"10":{"loc":{"start":{"line":107,"column":14},"end":{"line":111,"column":7}},"type":"cond-expr","locations":[{"start":{"line":107,"column":60},"end":{"line":107,"column":81}},{"start":{"line":108,"column":8},"end":{"line":110,"column":14}}],"line":107},"11":{"loc":{"start":{"line":114,"column":20},"end":{"line":114,"column":81}},"type":"cond-expr","locations":[{"start":{"line":114,"column":43},"end":{"line":114,"column":63}},{"start":{"line":114,"column":66},"end":{"line":114,"column":81}}],"line":114},"12":{"loc":{"start":{"line":131,"column":55},"end":{"line":131,"column":69}},"type":"default-arg","locations":[{"start":{"line":131,"column":67},"end":{"line":131,"column":69}}],"line":131},"13":{"loc":{"start":{"line":134,"column":4},"end":{"line":148,"column":5}},"type":"if","locations":[{"start":{"line":134,"column":4},"end":{"line":148,"column":5}},{"start":{"line":134,"column":4},"end":{"line":148,"column":5}}],"line":134},"14":{"loc":{"start":{"line":135,"column":6},"end":{"line":137,"column":7}},"type":"if","locations":[{"start":{"line":135,"column":6},"end":{"line":137,"column":7}},{"start":{"line":135,"column":6},"end":{"line":137,"column":7}}],"line":135},"15":{"loc":{"start":{"line":142,"column":13},"end":{"line":143,"column":42}},"type":"cond-expr","locations":[{"start":{"line":142,"column":68},"end":{"line":142,"column":83}},{"start":{"line":143,"column":16},"end":{"line":143,"column":42}}],"line":142},"16":{"loc":{"start":{"line":142,"column":13},"end":{"line":142,"column":65}},"type":"binary-expr","locations":[{"start":{"line":142,"column":13},"end":{"line":142,"column":38}},{"start":{"line":142,"column":42},"end":{"line":142,"column":65}}],"line":142},"17":{"loc":{"start":{"line":150,"column":4},"end":{"line":163,"column":5}},"type":"if","locations":[{"start":{"line":150,"column":4},"end":{"line":163,"column":5}},{"start":{"line":150,"column":4},"end":{"line":163,"column":5}}],"line":150},"18":{"loc":{"start":{"line":150,"column":8},"end":{"line":150,"column":43}},"type":"binary-expr","locations":[{"start":{"line":150,"column":8},"end":{"line":150,"column":24}},{"start":{"line":150,"column":28},"end":{"line":150,"column":43}}],"line":150}},"s":{"0":0,"1":0,"2":0,"3":0,"4":0,"5":0,"6":0,"7":0,"8":0,"9":10,"10":10,"11":11,"12":19,"13":12,"14":17,"15":2,"16":1,"17":2,"18":20,"19":3,"20":8,"21":1,"22":11,"23":1,"24":10,"25":1,"26":11,"27":11,"28":11,"29":1,"30":1,"31":0,"32":10,"33":1,"34":1,"35":9},"f":{"0":0,"1":0,"2":0,"3":20,"4":2,"5":22},"b":{"0":[0,0],"1":[0,0],"2":[0,0],"3":[0,0,0],"4":[0,0],"5":[20,0],"6":[2,18],"7":[2,0],"8":[4,14],"9":[0,2],"10":[0,0],"11":[0,2],"12":[22],"13":[2,20],"14":[2,0],"15":[0,0],"16":[0,0],"17":[2,18],"18":[20,6]},"_coverageSchema":"332fd63041d2c1bcb487cc26dd0d5f7d97098a6c","hash":"897454a367c717ad080cbfe070da4bab8b3d6d8f"}
,"/home/orar/workspace/npmlab/questrar/src/components/RequestSuccess/index.js": {"path":"/home/orar/workspace/npmlab/questrar/src/components/RequestSuccess/index.js","statementMap":{},"fnMap":{},"branchMap":{},"s":{},"f":{},"b":{},"_coverageSchema":"332fd63041d2c1bcb487cc26dd0d5f7d97098a6c","hash":"d6c298cb1454040984496664b19a2e73b8cd1557"}
,"/home/orar/workspace/npmlab/questrar/src/components/Spinner/Spinner.jsx": {"path":"/home/orar/workspace/npmlab/questrar/src/components/Spinner/Spinner.jsx","statementMap":{"0":{"start":{"line":10,"column":16},"end":{"line":25,"column":1}},"1":{"start":{"line":11,"column":16},"end":{"line":11,"column":18}},"2":{"start":{"line":12,"column":19},"end":{"line":12,"column":45}},"3":{"start":{"line":13,"column":2},"end":{"line":13,"column":62}},"4":{"start":{"line":15,"column":15},"end":{"line":15,"column":32}},"5":{"start":{"line":17,"column":2},"end":{"line":24,"column":4}},"6":{"start":{"line":20,"column":26},"end":{"line":20,"column":55}},"7":{"start":{"line":21,"column":8},"end":{"line":21,"column":60}}},"fnMap":{"0":{"name":"(anonymous_0)","decl":{"start":{"line":10,"column":16},"end":{"line":10,"column":17}},"loc":{"start":{"line":10,"column":37},"end":{"line":25,"column":1}},"line":10},"1":{"name":"(anonymous_1)","decl":{"start":{"line":19,"column":16},"end":{"line":19,"column":17}},"loc":{"start":{"line":19,"column":26},"end":{"line":22,"column":7}},"line":19}},"branchMap":{"0":{"loc":{"start":{"line":12,"column":19},"end":{"line":12,"column":45}},"type":"cond-expr","locations":[{"start":{"line":12,"column":36},"end":{"line":12,"column":40}},{"start":{"line":12,"column":43},"end":{"line":12,"column":45}}],"line":12}},"s":{"0":10,"1":6,"2":6,"3":36,"4":3,"5":3,"6":33,"7":33},"f":{"0":6,"1":66},"b":{"0":[2,4]},"_coverageSchema":"332fd63041d2c1bcb487cc26dd0d5f7d97098a6c","hash":"e2e1d52ff0da4074d245ab1d52da3a9320e9a758"}
,"/home/orar/workspace/npmlab/questrar/src/module/RequestProvider.jsx": {"path":"/home/orar/workspace/npmlab/questrar/src/module/RequestProvider.jsx","statementMap":{"0":{"start":{"line":43,"column":32},"end":{"line":43,"column":42}},"1":{"start":{"line":44,"column":6},"end":{"line":50,"column":7}},"2":{"start":{"line":45,"column":8},"end":{"line":49,"column":11}},"3":{"start":{"line":46,"column":10},"end":{"line":48,"column":11}},"4":{"start":{"line":47,"column":12},"end":{"line":47,"column":31}},"5":{"start":{"line":54,"column":32},"end":{"line":54,"column":42}},"6":{"start":{"line":55,"column":6},"end":{"line":57,"column":7}},"7":{"start":{"line":56,"column":8},"end":{"line":56,"column":32}},"8":{"start":{"line":65,"column":27},"end":{"line":65,"column":61}},"9":{"start":{"line":74,"column":4},"end":{"line":76,"column":5}},"10":{"start":{"line":75,"column":6},"end":{"line":75,"column":49}},"11":{"start":{"line":77,"column":4},"end":{"line":77,"column":14}},"12":{"start":{"line":84,"column":35},"end":{"line":84,"column":69}},"13":{"start":{"line":93,"column":4},"end":{"line":95,"column":5}},"14":{"start":{"line":94,"column":6},"end":{"line":94,"column":48}},"15":{"start":{"line":96,"column":4},"end":{"line":96,"column":43}},"16":{"start":{"line":106,"column":4},"end":{"line":108,"column":5}},"17":{"start":{"line":107,"column":6},"end":{"line":107,"column":53}},"18":{"start":{"line":109,"column":4},"end":{"line":109,"column":35}},"19":{"start":{"line":118,"column":37},"end":{"line":129,"column":3}},"20":{"start":{"line":119,"column":4},"end":{"line":119,"column":48}},"21":{"start":{"line":119,"column":41},"end":{"line":119,"column":48}},"22":{"start":{"line":121,"column":18},"end":{"line":121,"column":40}},"23":{"start":{"line":122,"column":18},"end":{"line":122,"column":55}},"24":{"start":{"line":123,"column":20},"end":{"line":123,"column":54}},"25":{"start":{"line":124,"column":16},"end":{"line":124,"column":61}},"26":{"start":{"line":125,"column":4},"end":{"line":125,"column":16}},"27":{"start":{"line":126,"column":18},"end":{"line":126,"column":32}},"28":{"start":{"line":127,"column":17},"end":{"line":127,"column":58}},"29":{"start":{"line":128,"column":4},"end":{"line":128,"column":30}},"30":{"start":{"line":138,"column":4},"end":{"line":140,"column":5}},"31":{"start":{"line":139,"column":6},"end":{"line":139,"column":86}},"32":{"start":{"line":141,"column":26},"end":{"line":150,"column":5}},"33":{"start":{"line":142,"column":18},"end":{"line":142,"column":19}},"34":{"start":{"line":143,"column":6},"end":{"line":143,"column":25}},"35":{"start":{"line":144,"column":6},"end":{"line":144,"column":28}},"36":{"start":{"line":146,"column":6},"end":{"line":148,"column":7}},"37":{"start":{"line":147,"column":8},"end":{"line":147,"column":30}},"38":{"start":{"line":149,"column":6},"end":{"line":149,"column":17}},"39":{"start":{"line":151,"column":4},"end":{"line":151,"column":51}},"40":{"start":{"line":162,"column":4},"end":{"line":164,"column":5}},"41":{"start":{"line":163,"column":6},"end":{"line":163,"column":85}},"42":{"start":{"line":165,"column":25},"end":{"line":174,"column":5}},"43":{"start":{"line":166,"column":18},"end":{"line":166,"column":19}},"44":{"start":{"line":167,"column":6},"end":{"line":167,"column":24}},"45":{"start":{"line":168,"column":6},"end":{"line":168,"column":28}},"46":{"start":{"line":170,"column":6},"end":{"line":172,"column":7}},"47":{"start":{"line":171,"column":8},"end":{"line":171,"column":30}},"48":{"start":{"line":173,"column":6},"end":{"line":173,"column":17}},"49":{"start":{"line":175,"column":4},"end":{"line":175,"column":50}},"50":{"start":{"line":187,"column":4},"end":{"line":189,"column":5}},"51":{"start":{"line":188,"column":6},"end":{"line":188,"column":86}},"52":{"start":{"line":190,"column":26},"end":{"line":199,"column":5}},"53":{"start":{"line":191,"column":18},"end":{"line":191,"column":19}},"54":{"start":{"line":192,"column":6},"end":{"line":192,"column":25}},"55":{"start":{"line":193,"column":6},"end":{"line":193,"column":23}},"56":{"start":{"line":195,"column":6},"end":{"line":197,"column":7}},"57":{"start":{"line":196,"column":8},"end":{"line":196,"column":30}},"58":{"start":{"line":198,"column":6},"end":{"line":198,"column":17}},"59":{"start":{"line":200,"column":4},"end":{"line":200,"column":51}},"60":{"start":{"line":209,"column":4},"end":{"line":211,"column":5}},"61":{"start":{"line":210,"column":6},"end":{"line":210,"column":75}},"62":{"start":{"line":212,"column":22},"end":{"line":216,"column":5}},"63":{"start":{"line":214,"column":6},"end":{"line":214,"column":21}},"64":{"start":{"line":215,"column":6},"end":{"line":215,"column":15}},"65":{"start":{"line":217,"column":4},"end":{"line":217,"column":48}},"66":{"start":{"line":226,"column":4},"end":{"line":228,"column":5}},"67":{"start":{"line":227,"column":6},"end":{"line":227,"column":75}},"68":{"start":{"line":229,"column":22},"end":{"line":232,"column":5}},"69":{"start":{"line":230,"column":6},"end":{"line":230,"column":22}},"70":{"start":{"line":231,"column":6},"end":{"line":231,"column":15}},"71":{"start":{"line":233,"column":4},"end":{"line":233,"column":47}},"72":{"start":{"line":243,"column":4},"end":{"line":245,"column":5}},"73":{"start":{"line":244,"column":6},"end":{"line":244,"column":76}},"74":{"start":{"line":246,"column":18},"end":{"line":246,"column":40}},"75":{"start":{"line":247,"column":4},"end":{"line":247,"column":60}},"76":{"start":{"line":247,"column":48},"end":{"line":247,"column":60}},"77":{"start":{"line":249,"column":17},"end":{"line":249,"column":22}},"78":{"start":{"line":250,"column":4},"end":{"line":250,"column":20}},"79":{"start":{"line":251,"column":4},"end":{"line":251,"column":38}},"80":{"start":{"line":259,"column":26},"end":{"line":266,"column":3}},"81":{"start":{"line":270,"column":25},"end":{"line":270,"column":35}},"82":{"start":{"line":272,"column":17},"end":{"line":272,"column":39}},"83":{"start":{"line":273,"column":20},"end":{"line":273,"column":41}},"84":{"start":{"line":275,"column":20},"end":{"line":275,"column":37}},"85":{"start":{"line":277,"column":4},"end":{"line":281,"column":6}}},"fnMap":{"0":{"name":"(anonymous_0)","decl":{"start":{"line":42,"column":4},"end":{"line":42,"column":5}},"loc":{"start":{"line":42,"column":24},"end":{"line":51,"column":5}},"line":42},"1":{"name":"(anonymous_1)","decl":{"start":{"line":45,"column":30},"end":{"line":45,"column":31}},"loc":{"start":{"line":45,"column":48},"end":{"line":49,"column":9}},"line":45},"2":{"name":"(anonymous_2)","decl":{"start":{"line":53,"column":4},"end":{"line":53,"column":5}},"loc":{"start":{"line":53,"column":27},"end":{"line":58,"column":5}},"line":53},"3":{"name":"(anonymous_3)","decl":{"start":{"line":65,"column":13},"end":{"line":65,"column":14}},"loc":{"start":{"line":65,"column":27},"end":{"line":65,"column":61}},"line":65},"4":{"name":"(anonymous_4)","decl":{"start":{"line":73,"column":32},"end":{"line":73,"column":33}},"loc":{"start":{"line":73,"column":38},"end":{"line":78,"column":3}},"line":73},"5":{"name":"(anonymous_5)","decl":{"start":{"line":84,"column":29},"end":{"line":84,"column":30}},"loc":{"start":{"line":84,"column":35},"end":{"line":84,"column":69}},"line":84},"6":{"name":"(anonymous_6)","decl":{"start":{"line":92,"column":20},"end":{"line":92,"column":21}},"loc":{"start":{"line":92,"column":26},"end":{"line":97,"column":3}},"line":92},"7":{"name":"(anonymous_7)","decl":{"start":{"line":105,"column":20},"end":{"line":105,"column":21}},"loc":{"start":{"line":105,"column":52},"end":{"line":110,"column":3}},"line":105},"8":{"name":"(anonymous_8)","decl":{"start":{"line":118,"column":21},"end":{"line":118,"column":22}},"loc":{"start":{"line":118,"column":37},"end":{"line":129,"column":3}},"line":118},"9":{"name":"(anonymous_9)","decl":{"start":{"line":118,"column":37},"end":{"line":118,"column":38}},"loc":{"start":{"line":118,"column":79},"end":{"line":129,"column":3}},"line":118},"10":{"name":"(anonymous_10)","decl":{"start":{"line":137,"column":22},"end":{"line":137,"column":23}},"loc":{"start":{"line":137,"column":53},"end":{"line":152,"column":3}},"line":137},"11":{"name":"(anonymous_11)","decl":{"start":{"line":141,"column":26},"end":{"line":141,"column":27}},"loc":{"start":{"line":141,"column":33},"end":{"line":150,"column":5}},"line":141},"12":{"name":"(anonymous_12)","decl":{"start":{"line":161,"column":18},"end":{"line":161,"column":19}},"loc":{"start":{"line":161,"column":49},"end":{"line":176,"column":3}},"line":161},"13":{"name":"(anonymous_13)","decl":{"start":{"line":165,"column":25},"end":{"line":165,"column":26}},"loc":{"start":{"line":165,"column":32},"end":{"line":174,"column":5}},"line":165},"14":{"name":"(anonymous_14)","decl":{"start":{"line":186,"column":19},"end":{"line":186,"column":20}},"loc":{"start":{"line":186,"column":50},"end":{"line":201,"column":3}},"line":186},"15":{"name":"(anonymous_15)","decl":{"start":{"line":190,"column":26},"end":{"line":190,"column":27}},"loc":{"start":{"line":190,"column":33},"end":{"line":199,"column":5}},"line":190},"16":{"name":"(anonymous_16)","decl":{"start":{"line":208,"column":17},"end":{"line":208,"column":18}},"loc":{"start":{"line":208,"column":33},"end":{"line":218,"column":3}},"line":208},"17":{"name":"(anonymous_17)","decl":{"start":{"line":212,"column":22},"end":{"line":212,"column":23}},"loc":{"start":{"line":212,"column":29},"end":{"line":216,"column":5}},"line":212},"18":{"name":"(anonymous_18)","decl":{"start":{"line":225,"column":17},"end":{"line":225,"column":18}},"loc":{"start":{"line":225,"column":33},"end":{"line":234,"column":3}},"line":225},"19":{"name":"(anonymous_19)","decl":{"start":{"line":229,"column":22},"end":{"line":229,"column":23}},"loc":{"start":{"line":229,"column":29},"end":{"line":232,"column":5}},"line":229},"20":{"name":"(anonymous_20)","decl":{"start":{"line":242,"column":18},"end":{"line":242,"column":19}},"loc":{"start":{"line":242,"column":34},"end":{"line":252,"column":3}},"line":242},"21":{"name":"(anonymous_21)","decl":{"start":{"line":259,"column":19},"end":{"line":259,"column":20}},"loc":{"start":{"line":259,"column":26},"end":{"line":266,"column":3}},"line":259},"22":{"name":"(anonymous_22)","decl":{"start":{"line":269,"column":2},"end":{"line":269,"column":3}},"loc":{"start":{"line":269,"column":11},"end":{"line":282,"column":3}},"line":269}},"branchMap":{"0":{"loc":{"start":{"line":44,"column":6},"end":{"line":50,"column":7}},"type":"if","locations":[{"start":{"line":44,"column":6},"end":{"line":50,"column":7}},{"start":{"line":44,"column":6},"end":{"line":50,"column":7}}],"line":44},"1":{"loc":{"start":{"line":44,"column":10},"end":{"line":44,"column":58}},"type":"binary-expr","locations":[{"start":{"line":44,"column":10},"end":{"line":44,"column":25}},{"start":{"line":44,"column":29},"end":{"line":44,"column":58}}],"line":44},"2":{"loc":{"start":{"line":46,"column":10},"end":{"line":48,"column":11}},"type":"if","locations":[{"start":{"line":46,"column":10},"end":{"line":48,"column":11}},{"start":{"line":46,"column":10},"end":{"line":48,"column":11}}],"line":46},"3":{"loc":{"start":{"line":55,"column":6},"end":{"line":57,"column":7}},"type":"if","locations":[{"start":{"line":55,"column":6},"end":{"line":57,"column":7}},{"start":{"line":55,"column":6},"end":{"line":57,"column":7}}],"line":55},"4":{"loc":{"start":{"line":74,"column":4},"end":{"line":76,"column":5}},"type":"if","locations":[{"start":{"line":74,"column":4},"end":{"line":76,"column":5}},{"start":{"line":74,"column":4},"end":{"line":76,"column":5}}],"line":74},"5":{"loc":{"start":{"line":93,"column":4},"end":{"line":95,"column":5}},"type":"if","locations":[{"start":{"line":93,"column":4},"end":{"line":95,"column":5}},{"start":{"line":93,"column":4},"end":{"line":95,"column":5}}],"line":93},"6":{"loc":{"start":{"line":106,"column":4},"end":{"line":108,"column":5}},"type":"if","locations":[{"start":{"line":106,"column":4},"end":{"line":108,"column":5}},{"start":{"line":106,"column":4},"end":{"line":108,"column":5}}],"line":106},"7":{"loc":{"start":{"line":119,"column":4},"end":{"line":119,"column":48}},"type":"if","locations":[{"start":{"line":119,"column":4},"end":{"line":119,"column":48}},{"start":{"line":119,"column":4},"end":{"line":119,"column":48}}],"line":119},"8":{"loc":{"start":{"line":123,"column":20},"end":{"line":123,"column":54}},"type":"cond-expr","locations":[{"start":{"line":123,"column":28},"end":{"line":123,"column":37}},{"start":{"line":123,"column":40},"end":{"line":123,"column":54}}],"line":123},"9":{"loc":{"start":{"line":138,"column":4},"end":{"line":140,"column":5}},"type":"if","locations":[{"start":{"line":138,"column":4},"end":{"line":140,"column":5}},{"start":{"line":138,"column":4},"end":{"line":140,"column":5}}],"line":138},"10":{"loc":{"start":{"line":146,"column":6},"end":{"line":148,"column":7}},"type":"if","locations":[{"start":{"line":146,"column":6},"end":{"line":148,"column":7}},{"start":{"line":146,"column":6},"end":{"line":148,"column":7}}],"line":146},"11":{"loc":{"start":{"line":162,"column":4},"end":{"line":164,"column":5}},"type":"if","locations":[{"start":{"line":162,"column":4},"end":{"line":164,"column":5}},{"start":{"line":162,"column":4},"end":{"line":164,"column":5}}],"line":162},"12":{"loc":{"start":{"line":170,"column":6},"end":{"line":172,"column":7}},"type":"if","locations":[{"start":{"line":170,"column":6},"end":{"line":172,"column":7}},{"start":{"line":170,"column":6},"end":{"line":172,"column":7}}],"line":170},"13":{"loc":{"start":{"line":187,"column":4},"end":{"line":189,"column":5}},"type":"if","locations":[{"start":{"line":187,"column":4},"end":{"line":189,"column":5}},{"start":{"line":187,"column":4},"end":{"line":189,"column":5}}],"line":187},"14":{"loc":{"start":{"line":195,"column":6},"end":{"line":197,"column":7}},"type":"if","locations":[{"start":{"line":195,"column":6},"end":{"line":197,"column":7}},{"start":{"line":195,"column":6},"end":{"line":197,"column":7}}],"line":195},"15":{"loc":{"start":{"line":209,"column":4},"end":{"line":211,"column":5}},"type":"if","locations":[{"start":{"line":209,"column":4},"end":{"line":211,"column":5}},{"start":{"line":209,"column":4},"end":{"line":211,"column":5}}],"line":209},"16":{"loc":{"start":{"line":226,"column":4},"end":{"line":228,"column":5}},"type":"if","locations":[{"start":{"line":226,"column":4},"end":{"line":228,"column":5}},{"start":{"line":226,"column":4},"end":{"line":228,"column":5}}],"line":226},"17":{"loc":{"start":{"line":243,"column":4},"end":{"line":245,"column":5}},"type":"if","locations":[{"start":{"line":243,"column":4},"end":{"line":245,"column":5}},{"start":{"line":243,"column":4},"end":{"line":245,"column":5}}],"line":243},"18":{"loc":{"start":{"line":247,"column":4},"end":{"line":247,"column":60}},"type":"if","locations":[{"start":{"line":247,"column":4},"end":{"line":247,"column":60}},{"start":{"line":247,"column":4},"end":{"line":247,"column":60}}],"line":247}},"s":{"0":18,"1":9,"2":0,"3":0,"4":0,"5":0,"6":49,"7":0,"8":49,"9":0,"10":28,"11":28,"12":28,"13":56,"14":6,"15":28,"16":12,"17":5,"18":11,"19":5,"20":10,"21":5,"22":6,"23":5,"24":6,"25":6,"26":6,"27":6,"28":6,"29":6,"30":2,"31":1,"32":1,"33":2,"34":2,"35":2,"36":2,"37":2,"38":2,"39":2,"40":3,"41":0,"42":3,"43":3,"44":3,"45":3,"46":3,"47":3,"48":3,"49":1,"50":2,"51":0,"52":2,"53":2,"54":2,"55":2,"56":2,"57":2,"58":2,"59":2,"60":0,"61":1,"62":0,"63":1,"64":0,"65":1,"66":1,"67":16,"68":15,"69":0,"70":0,"71":0,"72":1,"73":0,"74":1,"75":1,"76":0,"77":1,"78":1,"79":1,"80":16,"81":15,"82":15,"83":15,"84":15,"85":15},"f":{"0":18,"1":0,"2":0,"3":98,"4":0,"5":56,"6":56,"7":12,"8":10,"9":10,"10":2,"11":2,"12":2,"13":2,"14":4,"15":4,"16":0,"17":0,"18":0,"19":0,"20":2,"21":32,"22":30},"b":{"0":[0,18],"1":[18,0],"2":[0,0],"3":[0,0],"4":[0,0],"5":[0,56],"6":[0,12],"7":[0,10],"8":[0,10],"9":[0,2],"10":[2,0],"11":[0,2],"12":[2,0],"13":[0,4],"14":[4,0],"15":[0,0],"16":[0,0],"17":[0,2],"18":[0,2]},"_coverageSchema":"332fd63041d2c1bcb487cc26dd0d5f7d97098a6c","hash":"4e81e23f0145de90103d82f946f40e94544abea2"}
,"/home/orar/workspace/npmlab/questrar/src/module/common.js": {"path":"/home/orar/workspace/npmlab/questrar/src/module/common.js","statementMap":{"0":{"start":{"line":6,"column":23},"end":{"line":6,"column":32}},"1":{"start":{"line":7,"column":23},"end":{"line":7,"column":32}},"2":{"start":{"line":8,"column":22},"end":{"line":8,"column":30}},"3":{"start":{"line":11,"column":23},"end":{"line":11,"column":32}},"4":{"start":{"line":12,"column":22},"end":{"line":12,"column":30}},"5":{"start":{"line":13,"column":21},"end":{"line":13,"column":28}},"6":{"start":{"line":14,"column":21},"end":{"line":14,"column":28}},"7":{"start":{"line":18,"column":44},"end":{"line":26,"column":1}}},"fnMap":{},"branchMap":{},"s":{"0":12,"1":12,"2":12,"3":12,"4":12,"5":12,"6":12,"7":12},"f":{},"b":{},"_coverageSchema":"332fd63041d2c1bcb487cc26dd0d5f7d97098a6c","hash":"cdc2765befc2db66230742a68749d38deda3ae10"}
,"/home/orar/workspace/npmlab/questrar/src/module/context.js": {"path":"/home/orar/workspace/npmlab/questrar/src/module/context.js","statementMap":{"0":{"start":{"line":6,"column":58},"end":{"line":9,"column":1}},"1":{"start":{"line":15,"column":4},"end":{"line":15,"column":51}}},"fnMap":{},"branchMap":{},"s":{"0":6,"1":6},"f":{},"b":{},"_coverageSchema":"332fd63041d2c1bcb487cc26dd0d5f7d97098a6c","hash":"66efa4558a40506b4a589a8b2454a4809308df71"}
,"/home/orar/workspace/npmlab/questrar/src/module/helper.js": {"path":"/home/orar/workspace/npmlab/questrar/src/module/helper.js","statementMap":{"0":{"start":{"line":20,"column":33},"end":{"line":48,"column":1}},"1":{"start":{"line":25,"column":2},"end":{"line":25,"column":78}},"2":{"start":{"line":26,"column":2},"end":{"line":26,"column":80}},"3":{"start":{"line":28,"column":2},"end":{"line":35,"column":3}},"4":{"start":{"line":29,"column":4},"end":{"line":31,"column":5}},"5":{"start":{"line":30,"column":6},"end":{"line":30,"column":35}},"6":{"start":{"line":31,"column":6},"end":{"line":33,"column":5}},"7":{"start":{"line":32,"column":6},"end":{"line":32,"column":25}},"8":{"start":{"line":34,"column":4},"end":{"line":34,"column":14}},"9":{"start":{"line":37,"column":17},"end":{"line":37,"column":19}},"10":{"start":{"line":38,"column":2},"end":{"line":45,"column":3}},"11":{"start":{"line":39,"column":4},"end":{"line":44,"column":5}},"12":{"start":{"line":40,"column":20},"end":{"line":40,"column":42}},"13":{"start":{"line":41,"column":6},"end":{"line":41,"column":25}},"14":{"start":{"line":42,"column":11},"end":{"line":44,"column":5}},"15":{"start":{"line":43,"column":6},"end":{"line":43,"column":32}},"16":{"start":{"line":47,"column":2},"end":{"line":47,"column":16}},"17":{"start":{"line":58,"column":33},"end":{"line":67,"column":1}},"18":{"start":{"line":59,"column":12},"end":{"line":59,"column":15}},"19":{"start":{"line":60,"column":2},"end":{"line":60,"column":20}},"20":{"start":{"line":61,"column":2},"end":{"line":61,"column":20}},"21":{"start":{"line":62,"column":2},"end":{"line":62,"column":19}},"22":{"start":{"line":63,"column":2},"end":{"line":65,"column":3}},"23":{"start":{"line":64,"column":4},"end":{"line":64,"column":20}},"24":{"start":{"line":66,"column":2},"end":{"line":66,"column":11}},"25":{"start":{"line":76,"column":15},"end":{"line":76,"column":28}},"26":{"start":{"line":77,"column":2},"end":{"line":77,"column":39}},"27":{"start":{"line":88,"column":2},"end":{"line":88,"column":36}},"28":{"start":{"line":98,"column":2},"end":{"line":98,"column":51}},"29":{"start":{"line":108,"column":2},"end":{"line":108,"column":33}},"30":{"start":{"line":118,"column":2},"end":{"line":118,"column":55}},"31":{"start":{"line":123,"column":2},"end":{"line":123,"column":53}},"32":{"start":{"line":123,"column":41},"end":{"line":123,"column":53}},"33":{"start":{"line":125,"column":2},"end":{"line":125,"column":40}}},"fnMap":{"0":{"name":"(anonymous_0)","decl":{"start":{"line":20,"column":33},"end":{"line":20,"column":34}},"loc":{"start":{"line":24,"column":5},"end":{"line":48,"column":1}},"line":24},"1":{"name":"(anonymous_1)","decl":{"start":{"line":58,"column":33},"end":{"line":58,"column":34}},"loc":{"start":{"line":58,"column":56},"end":{"line":67,"column":1}},"line":58},"2":{"name":"randomId","decl":{"start":{"line":75,"column":16},"end":{"line":75,"column":24}},"loc":{"start":{"line":75,"column":36},"end":{"line":78,"column":1}},"line":75},"3":{"name":"isFunc","decl":{"start":{"line":87,"column":16},"end":{"line":87,"column":22}},"loc":{"start":{"line":87,"column":43},"end":{"line":89,"column":1}},"line":87},"4":{"name":"isObj","decl":{"start":{"line":96,"column":16},"end":{"line":96,"column":21}},"loc":{"start":{"line":96,"column":41},"end":{"line":99,"column":1}},"line":96},"5":{"name":"isNumber","decl":{"start":{"line":107,"column":16},"end":{"line":107,"column":24}},"loc":{"start":{"line":107,"column":44},"end":{"line":109,"column":1}},"line":107},"6":{"name":"nonEmpty","decl":{"start":{"line":117,"column":16},"end":{"line":117,"column":24}},"loc":{"start":{"line":117,"column":45},"end":{"line":119,"column":1}},"line":117},"7":{"name":"isEmptyObj","decl":{"start":{"line":122,"column":16},"end":{"line":122,"column":26}},"loc":{"start":{"line":122,"column":47},"end":{"line":126,"column":1}},"line":122}},"branchMap":{"0":{"loc":{"start":{"line":28,"column":2},"end":{"line":35,"column":3}},"type":"if","locations":[{"start":{"line":28,"column":2},"end":{"line":35,"column":3}},{"start":{"line":28,"column":2},"end":{"line":35,"column":3}}],"line":28},"1":{"loc":{"start":{"line":29,"column":4},"end":{"line":31,"column":5}},"type":"if","locations":[{"start":{"line":29,"column":4},"end":{"line":31,"column":5}},{"start":{"line":29,"column":4},"end":{"line":31,"column":5}}],"line":29},"2":{"loc":{"start":{"line":31,"column":6},"end":{"line":33,"column":5}},"type":"if","locations":[{"start":{"line":31,"column":6},"end":{"line":33,"column":5}},{"start":{"line":31,"column":6},"end":{"line":33,"column":5}}],"line":31},"3":{"loc":{"start":{"line":39,"column":4},"end":{"line":44,"column":5}},"type":"if","locations":[{"start":{"line":39,"column":4},"end":{"line":44,"column":5}},{"start":{"line":39,"column":4},"end":{"line":44,"column":5}}],"line":39},"4":{"loc":{"start":{"line":42,"column":11},"end":{"line":44,"column":5}},"type":"if","locations":[{"start":{"line":42,"column":11},"end":{"line":44,"column":5}},{"start":{"line":42,"column":11},"end":{"line":44,"column":5}}],"line":42},"5":{"loc":{"start":{"line":63,"column":2},"end":{"line":65,"column":3}},"type":"if","locations":[{"start":{"line":63,"column":2},"end":{"line":65,"column":3}},{"start":{"line":63,"column":2},"end":{"line":65,"column":3}}],"line":63},"6":{"loc":{"start":{"line":98,"column":9},"end":{"line":98,"column":51}},"type":"binary-expr","locations":[{"start":{"line":98,"column":9},"end":{"line":98,"column":22}},{"start":{"line":98,"column":26},"end":{"line":98,"column":51}}],"line":98},"7":{"loc":{"start":{"line":118,"column":9},"end":{"line":118,"column":55}},"type":"binary-expr","locations":[{"start":{"line":118,"column":9},"end":{"line":118,"column":37}},{"start":{"line":118,"column":41},"end":{"line":118,"column":55}}],"line":118},"8":{"loc":{"start":{"line":123,"column":2},"end":{"line":123,"column":53}},"type":"if","locations":[{"start":{"line":123,"column":2},"end":{"line":123,"column":53}},{"start":{"line":123,"column":2},"end":{"line":123,"column":53}}],"line":123},"9":{"loc":{"start":{"line":123,"column":6},"end":{"line":123,"column":39}},"type":"binary-expr","locations":[{"start":{"line":123,"column":6},"end":{"line":123,"column":22}},{"start":{"line":123,"column":26},"end":{"line":123,"column":39}}],"line":123}},"s":{"0":30,"1":8,"2":8,"3":8,"4":0,"5":0,"6":0,"7":0,"8":0,"9":8,"10":11,"11":12,"12":7,"13":7,"14":6,"15":17,"16":30,"17":41,"18":52,"19":52,"20":27,"21":52,"22":192,"23":44,"24":53,"25":173,"26":325,"27":49,"28":27,"29":13,"30":159,"31":6,"32":0,"33":6},"f":{"0":8,"1":52,"2":332,"3":86,"4":54,"5":14,"6":318,"7":12},"b":{"0":[0,8],"1":[0,0],"2":[0,0],"3":[10,4],"4":[4,0],"5":[2,50],"6":[54,52],"7":[318,168],"8":[0,12],"9":[12,12]},"_coverageSchema":"332fd63041d2c1bcb487cc26dd0d5f7d97098a6c","hash":"1a76a4f8c539d7d8748ae01c8de6ae60b0d97197"}
,"/home/orar/workspace/npmlab/questrar/src/module/withRequest.jsx": {"path":"/home/orar/workspace/npmlab/questrar/src/module/withRequest.jsx","statementMap":{"0":{"start":{"line":26,"column":2},"end":{"line":133,"column":3}},"1":{"start":{"line":27,"column":4},"end":{"line":132,"column":5}},"2":{"start":{"line":36,"column":17},"end":{"line":36,"column":19}},"3":{"start":{"line":38,"column":8},"end":{"line":59,"column":9}},"4":{"start":{"line":40,"column":10},"end":{"line":50,"column":11}},"5":{"start":{"line":41,"column":28},"end":{"line":41,"column":50}},"6":{"start":{"line":42,"column":12},"end":{"line":45,"column":13}},"7":{"start":{"line":43,"column":32},"end":{"line":43,"column":76}},"8":{"start":{"line":44,"column":14},"end":{"line":44,"column":40}},"9":{"start":{"line":46,"column":17},"end":{"line":50,"column":11}},"10":{"start":{"line":47,"column":26},"end":{"line":47,"column":79}},"11":{"start":{"line":49,"column":12},"end":{"line":49,"column":34}},"12":{"start":{"line":53,"column":30},"end":{"line":53,"column":40}},"13":{"start":{"line":54,"column":10},"end":{"line":58,"column":11}},"14":{"start":{"line":55,"column":28},"end":{"line":55,"column":60}},"15":{"start":{"line":57,"column":12},"end":{"line":57,"column":36}},"16":{"start":{"line":61,"column":8},"end":{"line":61,"column":18}},"17":{"start":{"line":71,"column":20},"end":{"line":71,"column":33}},"18":{"start":{"line":73,"column":8},"end":{"line":73,"column":63}},"19":{"start":{"line":73,"column":53},"end":{"line":73,"column":63}},"20":{"start":{"line":75,"column":8},"end":{"line":86,"column":9}},"21":{"start":{"line":77,"column":10},"end":{"line":79,"column":11}},"22":{"start":{"line":78,"column":12},"end":{"line":78,"column":69}},"23":{"start":{"line":82,"column":10},"end":{"line":85,"column":17}},"24":{"start":{"line":83,"column":27},"end":{"line":83,"column":68}},"25":{"start":{"line":84,"column":12},"end":{"line":84,"column":60}},"26":{"start":{"line":89,"column":25},"end":{"line":94,"column":10}},"27":{"start":{"line":90,"column":10},"end":{"line":92,"column":11}},"28":{"start":{"line":91,"column":12},"end":{"line":91,"column":54}},"29":{"start":{"line":93,"column":10},"end":{"line":93,"column":62}},"30":{"start":{"line":97,"column":8},"end":{"line":103,"column":9}},"31":{"start":{"line":98,"column":22},"end":{"line":98,"column":57}},"32":{"start":{"line":98,"column":41},"end":{"line":98,"column":56}},"33":{"start":{"line":99,"column":10},"end":{"line":101,"column":11}},"34":{"start":{"line":100,"column":12},"end":{"line":100,"column":23}},"35":{"start":{"line":102,"column":10},"end":{"line":102,"column":67}},"36":{"start":{"line":105,"column":8},"end":{"line":108,"column":15}},"37":{"start":{"line":106,"column":10},"end":{"line":106,"column":34}},"38":{"start":{"line":107,"column":10},"end":{"line":107,"column":21}},"39":{"start":{"line":118,"column":21},"end":{"line":118,"column":48}},"40":{"start":{"line":119,"column":24},"end":{"line":119,"column":75}},"41":{"start":{"line":121,"column":8},"end":{"line":121,"column":70}},"42":{"start":{"line":126,"column":8},"end":{"line":130,"column":10}}},"fnMap":{"0":{"name":"withRequest","decl":{"start":{"line":25,"column":24},"end":{"line":25,"column":35}},"loc":{"start":{"line":25,"column":71},"end":{"line":134,"column":1}},"line":25},"1":{"name":"withRequestHOC","decl":{"start":{"line":26,"column":18},"end":{"line":26,"column":32}},"loc":{"start":{"line":26,"column":56},"end":{"line":133,"column":3}},"line":26},"2":{"name":"(anonymous_2)","decl":{"start":{"line":35,"column":15},"end":{"line":35,"column":16}},"loc":{"start":{"line":35,"column":21},"end":{"line":62,"column":7}},"line":35},"3":{"name":"(anonymous_3)","decl":{"start":{"line":70,"column":19},"end":{"line":70,"column":20}},"loc":{"start":{"line":70,"column":57},"end":{"line":109,"column":7}},"line":70},"4":{"name":"(anonymous_4)","decl":{"start":{"line":82,"column":28},"end":{"line":82,"column":29}},"loc":{"start":{"line":82,"column":41},"end":{"line":85,"column":11}},"line":82},"5":{"name":"(anonymous_5)","decl":{"start":{"line":89,"column":60},"end":{"line":89,"column":61}},"loc":{"start":{"line":89,"column":70},"end":{"line":94,"column":9}},"line":89},"6":{"name":"(anonymous_6)","decl":{"start":{"line":98,"column":36},"end":{"line":98,"column":37}},"loc":{"start":{"line":98,"column":41},"end":{"line":98,"column":56}},"line":98},"7":{"name":"(anonymous_7)","decl":{"start":{"line":105,"column":31},"end":{"line":105,"column":32}},"loc":{"start":{"line":105,"column":48},"end":{"line":108,"column":9}},"line":105},"8":{"name":"(anonymous_8)","decl":{"start":{"line":117,"column":24},"end":{"line":117,"column":25}},"loc":{"start":{"line":117,"column":51},"end":{"line":122,"column":7}},"line":117},"9":{"name":"(anonymous_9)","decl":{"start":{"line":125,"column":6},"end":{"line":125,"column":7}},"loc":{"start":{"line":125,"column":15},"end":{"line":131,"column":7}},"line":125}},"branchMap":{"0":{"loc":{"start":{"line":38,"column":8},"end":{"line":59,"column":9}},"type":"if","locations":[{"start":{"line":38,"column":8},"end":{"line":59,"column":9}},{"start":{"line":38,"column":8},"end":{"line":59,"column":9}}],"line":38},"1":{"loc":{"start":{"line":40,"column":10},"end":{"line":50,"column":11}},"type":"if","locations":[{"start":{"line":40,"column":10},"end":{"line":50,"column":11}},{"start":{"line":40,"column":10},"end":{"line":50,"column":11}}],"line":40},"2":{"loc":{"start":{"line":42,"column":12},"end":{"line":45,"column":13}},"type":"if","locations":[{"start":{"line":42,"column":12},"end":{"line":45,"column":13}},{"start":{"line":42,"column":12},"end":{"line":45,"column":13}}],"line":42},"3":{"loc":{"start":{"line":43,"column":32},"end":{"line":43,"column":76}},"type":"cond-expr","locations":[{"start":{"line":43,"column":57},"end":{"line":43,"column":64}},{"start":{"line":43,"column":67},"end":{"line":43,"column":76}}],"line":43},"4":{"loc":{"start":{"line":46,"column":17},"end":{"line":50,"column":11}},"type":"if","locations":[{"start":{"line":46,"column":17},"end":{"line":50,"column":11}},{"start":{"line":46,"column":17},"end":{"line":50,"column":11}}],"line":46},"5":{"loc":{"start":{"line":47,"column":26},"end":{"line":47,"column":79}},"type":"cond-expr","locations":[{"start":{"line":47,"column":54},"end":{"line":47,"column":64}},{"start":{"line":47,"column":67},"end":{"line":47,"column":79}}],"line":47},"6":{"loc":{"start":{"line":54,"column":10},"end":{"line":58,"column":11}},"type":"if","locations":[{"start":{"line":54,"column":10},"end":{"line":58,"column":11}},{"start":{"line":54,"column":10},"end":{"line":58,"column":11}}],"line":54},"7":{"loc":{"start":{"line":54,"column":14},"end":{"line":54,"column":64}},"type":"binary-expr","locations":[{"start":{"line":54,"column":15},"end":{"line":54,"column":37}},{"start":{"line":54,"column":41},"end":{"line":54,"column":56}},{"start":{"line":54,"column":61},"end":{"line":54,"column":64}}],"line":54},"8":{"loc":{"start":{"line":55,"column":28},"end":{"line":55,"column":60}},"type":"cond-expr","locations":[{"start":{"line":55,"column":49},"end":{"line":55,"column":52}},{"start":{"line":55,"column":55},"end":{"line":55,"column":60}}],"line":55},"9":{"loc":{"start":{"line":73,"column":8},"end":{"line":73,"column":63}},"type":"if","locations":[{"start":{"line":73,"column":8},"end":{"line":73,"column":63}},{"start":{"line":73,"column":8},"end":{"line":73,"column":63}}],"line":73},"10":{"loc":{"start":{"line":73,"column":12},"end":{"line":73,"column":51}},"type":"binary-expr","locations":[{"start":{"line":73,"column":12},"end":{"line":73,"column":31}},{"start":{"line":73,"column":35},"end":{"line":73,"column":51}}],"line":73},"11":{"loc":{"start":{"line":75,"column":8},"end":{"line":86,"column":9}},"type":"if","locations":[{"start":{"line":75,"column":8},"end":{"line":86,"column":9}},{"start":{"line":75,"column":8},"end":{"line":86,"column":9}}],"line":75},"12":{"loc":{"start":{"line":77,"column":10},"end":{"line":79,"column":11}},"type":"if","locations":[{"start":{"line":77,"column":10},"end":{"line":79,"column":11}},{"start":{"line":77,"column":10},"end":{"line":79,"column":11}}],"line":77},"13":{"loc":{"start":{"line":90,"column":10},"end":{"line":92,"column":11}},"type":"if","locations":[{"start":{"line":90,"column":10},"end":{"line":92,"column":11}},{"start":{"line":90,"column":10},"end":{"line":92,"column":11}}],"line":90},"14":{"loc":{"start":{"line":97,"column":8},"end":{"line":103,"column":9}},"type":"if","locations":[{"start":{"line":97,"column":8},"end":{"line":103,"column":9}},{"start":{"line":97,"column":8},"end":{"line":103,"column":9}}],"line":97},"15":{"loc":{"start":{"line":99,"column":10},"end":{"line":101,"column":11}},"type":"if","locations":[{"start":{"line":99,"column":10},"end":{"line":101,"column":11}},{"start":{"line":99,"column":10},"end":{"line":101,"column":11}}],"line":99}},"s":{"0":24,"1":24,"2":10,"3":10,"4":5,"5":0,"6":5,"7":5,"8":5,"9":5,"10":10,"11":8,"12":5,"13":8,"14":0,"15":0,"16":5,"17":3,"18":8,"19":1,"20":7,"21":3,"22":2,"23":2,"24":2,"25":0,"26":4,"27":8,"28":4,"29":5,"30":15,"31":2,"32":2,"33":2,"34":2,"35":0,"36":1,"37":3,"38":3,"39":1,"40":1,"41":1,"42":12},"f":{"0":24,"1":24,"2":10,"3":6,"4":0,"5":10,"6":4,"7":6,"8":2,"9":24},"b":{"0":[10,0],"1":[0,10],"2":[0,0],"3":[0,0],"4":[10,0],"5":[4,6],"6":[0,10],"7":[10,10,0],"8":[0,0],"9":[0,6],"10":[6,6],"11":[0,6],"12":[0,0],"13":[2,8],"14":[4,2],"15":[4,0]},"_coverageSchema":"332fd63041d2c1bcb487cc26dd0d5f7d97098a6c","hash":"6cf2b9517f24d780c26f75f7b40b1aa204d25940"}
,"/home/orar/workspace/npmlab/questrar/src/module/withRequestSelector.jsx": {"path":"/home/orar/workspace/npmlab/questrar/src/module/withRequestSelector.jsx","statementMap":{"0":{"start":{"line":20,"column":2},"end":{"line":57,"column":3}},"1":{"start":{"line":32,"column":21},"end":{"line":32,"column":31}},"2":{"start":{"line":33,"column":6},"end":{"line":35,"column":7}},"3":{"start":{"line":34,"column":8},"end":{"line":34,"column":44}},"4":{"start":{"line":36,"column":6},"end":{"line":36,"column":39}},"5":{"start":{"line":45,"column":22},"end":{"line":45,"column":49}},"6":{"start":{"line":47,"column":6},"end":{"line":47,"column":92}},"7":{"start":{"line":51,"column":6},"end":{"line":55,"column":7}}},"fnMap":{"0":{"name":"withRequestSelector","decl":{"start":{"line":19,"column":24},"end":{"line":19,"column":43}},"loc":{"start":{"line":19,"column":68},"end":{"line":58,"column":1}},"line":19},"1":{"name":"(anonymous_1)","decl":{"start":{"line":31,"column":17},"end":{"line":31,"column":18}},"loc":{"start":{"line":31,"column":50},"end":{"line":37,"column":5}},"line":31},"2":{"name":"(anonymous_2)","decl":{"start":{"line":44,"column":22},"end":{"line":44,"column":23}},"loc":{"start":{"line":44,"column":49},"end":{"line":48,"column":5}},"line":44},"3":{"name":"(anonymous_3)","decl":{"start":{"line":50,"column":4},"end":{"line":50,"column":5}},"loc":{"start":{"line":50,"column":13},"end":{"line":56,"column":5}},"line":50}},"branchMap":{"0":{"loc":{"start":{"line":33,"column":6},"end":{"line":35,"column":7}},"type":"if","locations":[{"start":{"line":33,"column":6},"end":{"line":35,"column":7}},{"start":{"line":33,"column":6},"end":{"line":35,"column":7}}],"line":33},"1":{"loc":{"start":{"line":33,"column":10},"end":{"line":33,"column":53}},"type":"binary-expr","locations":[{"start":{"line":33,"column":10},"end":{"line":33,"column":12}},{"start":{"line":33,"column":16},"end":{"line":33,"column":53}}],"line":33}},"s":{"0":6,"1":2,"2":1,"3":1,"4":1,"5":1,"6":0,"7":1},"f":{"0":6,"1":2,"2":0,"3":2},"b":{"0":[0,2],"1":[2,2]},"_coverageSchema":"332fd63041d2c1bcb487cc26dd0d5f7d97098a6c","hash":"809c350ddedd227dfd4f12772655ea733d3d41aa"}
,"/home/orar/workspace/npmlab/questrar/src/redux/RequestReducer.js": {"path":"/home/orar/workspace/npmlab/questrar/src/redux/RequestReducer.js","statementMap":{"0":{"start":{"line":12,"column":28},"end":{"line":12,"column":40}},"1":{"start":{"line":23,"column":12},"end":{"line":23,"column":17}},"2":{"start":{"line":25,"column":2},"end":{"line":27,"column":3}},"3":{"start":{"line":26,"column":4},"end":{"line":26,"column":23}},"4":{"start":{"line":28,"column":2},"end":{"line":34,"column":3}},"5":{"start":{"line":29,"column":4},"end":{"line":29,"column":29}},"6":{"start":{"line":30,"column":4},"end":{"line":32,"column":5}},"7":{"start":{"line":31,"column":6},"end":{"line":31,"column":26}},"8":{"start":{"line":33,"column":4},"end":{"line":33,"column":13}},"9":{"start":{"line":36,"column":2},"end":{"line":42,"column":3}},"10":{"start":{"line":37,"column":4},"end":{"line":37,"column":26}},"11":{"start":{"line":38,"column":4},"end":{"line":40,"column":5}},"12":{"start":{"line":39,"column":6},"end":{"line":39,"column":26}},"13":{"start":{"line":41,"column":4},"end":{"line":41,"column":13}},"14":{"start":{"line":44,"column":2},"end":{"line":44,"column":11}},"15":{"start":{"line":55,"column":2},"end":{"line":57,"column":3}},"16":{"start":{"line":56,"column":4},"end":{"line":56,"column":40}},"17":{"start":{"line":58,"column":2},"end":{"line":58,"column":35}},"18":{"start":{"line":68,"column":2},"end":{"line":71,"column":3}},"19":{"start":{"line":70,"column":4},"end":{"line":70,"column":35}},"20":{"start":{"line":72,"column":2},"end":{"line":72,"column":15}},"21":{"start":{"line":81,"column":2},"end":{"line":81,"column":68}},"22":{"start":{"line":84,"column":13},"end":{"line":84,"column":22}},"23":{"start":{"line":85,"column":18},"end":{"line":85,"column":28}},"24":{"start":{"line":87,"column":18},"end":{"line":87,"column":54}},"25":{"start":{"line":88,"column":2},"end":{"line":88,"column":25}},"26":{"start":{"line":89,"column":2},"end":{"line":89,"column":23}},"27":{"start":{"line":90,"column":2},"end":{"line":90,"column":30}},"28":{"start":{"line":92,"column":15},"end":{"line":92,"column":63}},"29":{"start":{"line":93,"column":2},"end":{"line":93,"column":31}},"30":{"start":{"line":102,"column":2},"end":{"line":102,"column":68}},"31":{"start":{"line":104,"column":13},"end":{"line":104,"column":22}},"32":{"start":{"line":105,"column":18},"end":{"line":105,"column":28}},"33":{"start":{"line":107,"column":18},"end":{"line":107,"column":54}},"34":{"start":{"line":108,"column":2},"end":{"line":108,"column":23}},"35":{"start":{"line":110,"column":15},"end":{"line":110,"column":63}},"36":{"start":{"line":111,"column":2},"end":{"line":111,"column":31}},"37":{"start":{"line":120,"column":2},"end":{"line":120,"column":68}},"38":{"start":{"line":122,"column":13},"end":{"line":122,"column":22}},"39":{"start":{"line":123,"column":18},"end":{"line":123,"column":28}},"40":{"start":{"line":125,"column":18},"end":{"line":125,"column":54}},"41":{"start":{"line":126,"column":2},"end":{"line":126,"column":24}},"42":{"start":{"line":128,"column":15},"end":{"line":128,"column":63}},"43":{"start":{"line":129,"column":2},"end":{"line":129,"column":31}},"44":{"start":{"line":139,"column":2},"end":{"line":139,"column":74}},"45":{"start":{"line":141,"column":13},"end":{"line":141,"column":22}},"46":{"start":{"line":142,"column":18},"end":{"line":142,"column":28}},"47":{"start":{"line":145,"column":18},"end":{"line":145,"column":54}},"48":{"start":{"line":146,"column":2},"end":{"line":146,"column":24}},"49":{"start":{"line":147,"column":2},"end":{"line":147,"column":28}},"50":{"start":{"line":148,"column":2},"end":{"line":148,"column":30}},"51":{"start":{"line":149,"column":2},"end":{"line":149,"column":30}},"52":{"start":{"line":151,"column":15},"end":{"line":151,"column":63}},"53":{"start":{"line":152,"column":2},"end":{"line":152,"column":31}},"54":{"start":{"line":163,"column":2},"end":{"line":163,"column":74}},"55":{"start":{"line":165,"column":13},"end":{"line":165,"column":22}},"56":{"start":{"line":166,"column"
[...]
1},"2":{"name":"(anonymous_2)","decl":{"start":{"line":18,"column":24},"end":{"line":18,"column":25}},"loc":{"start":{"line":18,"column":30},"end":{"line":24,"column":3}},"line":18},"3":{"name":"(anonymous_3)","decl":{"start":{"line":26,"column":24},"end":{"line":26,"column":25}},"loc":{"start":{"line":26,"column":30},"end":{"line":35,"column":3}},"line":26},"4":{"name":"(anonymous_4)","decl":{"start":{"line":37,"column":13},"end":{"line":37,"column":14}},"loc":{"start":{"line":37,"column":19},"end":{"line":43,"column":3}},"line":37},"5":{"name":"(anonymous_5)","decl":{"start":{"line":45,"column":90},"end":{"line":45,"column":91}},"loc":{"start":{"line":45,"column":96},"end":{"line":50,"column":3}},"line":45},"6":{"name":"(anonymous_6)","decl":{"start":{"line":52,"column":83},"end":{"line":52,"column":84}},"loc":{"start":{"line":52,"column":89},"end":{"line":58,"column":3}},"line":52},"7":{"name":"(anonymous_7)","decl":{"start":{"line":60,"column":69},"end":{"line":60,"column":70}},"loc":{"start":{"line":60,"column":75},"end":{"line":66,"column":3}},"line":60},"8":{"name":"(anonymous_8)","decl":{"start":{"line":68,"column":93},"end":{"line":68,"column":94}},"loc":{"start":{"line":68,"column":99},"end":{"line":74,"column":3}},"line":68},"9":{"name":"(anonymous_9)","decl":{"start":{"line":69,"column":19},"end":{"line":69,"column":20}},"loc":{"start":{"line":69,"column":25},"end":{"line":69,"column":84}},"line":69},"10":{"name":"(anonymous_10)","decl":{"start":{"line":76,"column":77},"end":{"line":76,"column":78}},"loc":{"start":{"line":76,"column":83},"end":{"line":82,"column":3}},"line":76}},"branchMap":{},"s":{"0":1,"1":0,"2":1,"3":1,"4":10,"5":1,"6":5,"7":1,"8":5,"9":5,"10":5,"11":5,"12":5,"13":1,"14":1,"15":1,"16":1,"17":1,"18":1,"19":1,"20":1,"21":1,"22":1,"23":1,"24":1,"25":1,"26":1,"27":1,"28":1,"29":1,"30":1,"31":1,"32":1,"33":1,"34":1,"35":1,"36":1,"37":1},"f":{"0":0,"1":1,"2":10,"3":5,"4":5,"5":1,"6":1,"7":1,"8":1,"9":1,"10":1},"b":{},"_coverageSchema":"d34fc3e6b8297bcde183f5492bcb8fcb36775295","hash":"f11af0163d799d3d9396bc295bdab497f2defd37"}
,"/home/orar/workspace/npmlab/questrar/test/components/Spinner.spec.jsx": {"path":"/home/orar/workspace/npmlab/questrar/test/components/Spinner.spec.jsx","statementMap":{"0":{"start":{"line":6,"column":0},"end":{"line":31,"column":3}},"1":{"start":{"line":10,"column":24},"end":{"line":14,"column":3}},"2":{"start":{"line":11,"column":4},"end":{"line":13,"column":5}},"3":{"start":{"line":16,"column":2},"end":{"line":18,"column":5}},"4":{"start":{"line":17,"column":4},"end":{"line":17,"column":20}},"5":{"start":{"line":20,"column":2},"end":{"line":23,"column":5}},"6":{"start":{"line":21,"column":4},"end":{"line":21,"column":61}},"7":{"start":{"line":22,"column":4},"end":{"line":22,"column":51}},"8":{"start":{"line":25,"column":2},"end":{"line":30,"column":5}},"9":{"start":{"line":26,"column":4},"end":{"line":26,"column":14}},"10":{"start":{"line":27,"column":4},"end":{"line":27,"column":20}},"11":{"start":{"line":29,"column":4},"end":{"line":29,"column":86}}},"fnMap":{"0":{"name":"(anonymous_0)","decl":{"start":{"line":6,"column":24},"end":{"line":6,"column":25}},"loc":{"start":{"line":6,"column":30},"end":{"line":31,"column":1}},"line":6},"1":{"name":"(anonymous_1)","decl":{"start":{"line":10,"column":24},"end":{"line":10,"column":25}},"loc":{"start":{"line":10,"column":30},"end":{"line":14,"column":3}},"line":10},"2":{"name":"(anonymous_2)","decl":{"start":{"line":16,"column":13},"end":{"line":16,"column":14}},"loc":{"start":{"line":16,"column":19},"end":{"line":18,"column":3}},"line":16},"3":{"name":"(anonymous_3)","decl":{"start":{"line":20,"column":37},"end":{"line":20,"column":38}},"loc":{"start":{"line":20,"column":43},"end":{"line":23,"column":3}},"line":20},"4":{"name":"(anonymous_4)","decl":{"start":{"line":25,"column":45},"end":{"line":25,"column":46}},"loc":{"start":{"line":25,"column":51},"end":{"line":30,"column":3}},"line":25}},"branchMap":{},"s":{"0":1,"1":1,"2":3,"3":1,"4":2,"5":1,"6":1,"7":1,"8":1,"9":1,"10":1,"11":1},"f":{"0":1,"1":3,"2":2,"3":1,"4":1},"b":{},"_coverageSchema":"d34fc3e6b8297bcde183f5492bcb8fcb36775295","hash":"2e9450bc59cf558a03ad4e096fec80285417518b"}
,"/home/orar/workspace/npmlab/questrar/test/module/RequestProvider.spec.jsx": {"path":"/home/orar/workspace/npmlab/questrar/test/module/RequestProvider.spec.jsx","statementMap":{"0":{"start":{"line":8,"column":0},"end":{"line":116,"column":3}},"1":{"start":{"line":10,"column":15},"end":{"line":12,"column":3}},"2":{"start":{"line":11,"column":4},"end":{"line":11,"column":32}},"3":{"start":{"line":14,"column":2},"end":{"line":16,"column":5}},"4":{"start":{"line":15,"column":4},"end":{"line":15,"column":21}},"5":{"start":{"line":18,"column":2},"end":{"line":21,"column":5}},"6":{"start":{"line":19,"column":4},"end":{"line":19,"column":69}},"7":{"start":{"line":23,"column":2},"end":{"line":26,"column":5}},"8":{"start":{"line":24,"column":21},"end":{"line":24,"column":50}},"9":{"start":{"line":25,"column":4},"end":{"line":25,"column":36}},"10":{"start":{"line":28,"column":2},"end":{"line":31,"column":5}},"11":{"start":{"line":29,"column":18},"end":{"line":29,"column":54}},"12":{"start":{"line":30,"column":4},"end":{"line":30,"column":33}},"13":{"start":{"line":34,"column":2},"end":{"line":43,"column":5}},"14":{"start":{"line":35,"column":15},"end":{"line":35,"column":25}},"15":{"start":{"line":36,"column":20},"end":{"line":36,"column":54}},"16":{"start":{"line":37,"column":4},"end":{"line":37,"column":54}},"17":{"start":{"line":38,"column":18},"end":{"line":38,"column":54}},"18":{"start":{"line":40,"column":4},"end":{"line":40,"column":51}},"19":{"start":{"line":41,"column":4},"end":{"line":41,"column":44}},"20":{"start":{"line":42,"column":4},"end":{"line":42,"column":100}},"21":{"start":{"line":45,"column":2},"end":{"line":54,"column":5}},"22":{"start":{"line":46,"column":15},"end":{"line":46,"column":25}},"23":{"start":{"line":47,"column":20},"end":{"line":47,"column":56}},"24":{"start":{"line":48,"column":4},"end":{"line":48,"column":50}},"25":{"start":{"line":49,"column":18},"end":{"line":49,"column":54}},"26":{"start":{"line":51,"column":4},"end":{"line":51,"column":51}},"27":{"start":{"line":52,"column":4},"end":{"line":52,"column":44}},"28":{"start":{"line":53,"column":4},"end":{"line":53,"column":100}},"29":{"start":{"line":56,"column":2},"end":{"line":65,"column":5}},"30":{"start":{"line":57,"column":15},"end":{"line":57,"column":25}},"31":{"start":{"line":58,"column":20},"end":{"line":58,"column":56}},"32":{"start":{"line":59,"column":4},"end":{"line":59,"column":51}},"33":{"start":{"line":60,"column":18},"end":{"line":60,"column":54}},"34":{"start":{"line":62,"column":4},"end":{"line":62,"column":51}},"35":{"start":{"line":63,"column":4},"end":{"line":63,"column":44}},"36":{"start":{"line":64,"column":4},"end":{"line":64,"column":100}},"37":{"start":{"line":68,"column":2},"end":{"line":81,"column":5}},"38":{"start":{"line":69,"column":15},"end":{"line":69,"column":25}},"39":{"start":{"line":70,"column":20},"end":{"line":70,"column":32}},"40":{"start":{"line":71,"column":4},"end":{"line":71,"column":51}},"41":{"start":{"line":72,"column":18},"end":{"line":72,"column":54}},"42":{"start":{"line":74,"column":4},"end":{"line":74,"column":51}},"43":{"start":{"line":75,"column":4},"end":{"line":75,"column":44}},"44":{"start":{"line":76,"column":4},"end":{"line":76,"column":100}},"45":{"start":{"line":78,"column":4},"end":{"line":78,"column":41}},"46":{"start":{"line":79,"column":21},"end":{"line":79,"column":57}},"47":{"start":{"line":80,"column":4},"end":{"line":80,"column":36}},"48":{"start":{"line":84,"column":2},"end":{"line":93,"column":5}},"49":{"start":{"line":85,"column":20},"end":{"line":85,"column":55}},"50":{"start":{"line":87,"column":4},"end":{"line":87,"column":75}},"51":{"start":{"line":88,"column":4},"end":{"line":88,"column":74}},"52":{"start":{"line":89,"column":4},"end":{"line":89,"column":75}},"53":{"start":{"line":90,"column":4},"end":{"line":90,"column":74}},"54":{"start":{"line":91,"column":4},"end":{"line":91,"column":73}},"55":{"start":{"line":92,"column":4},"end":{"line":92,"column":73}},"56":{"start":{"line":96,"column":2},"end":{"line":115,"column":5}},"57":{"start":{"line":97,"column":15},"end":{"line":97,"column":25}},"58":{"start":{"line":98,"column":20},"end":{"line":98,"column":44}},"59":{"start":{"line":99,"column":22},"end":{"line":103,"column":5}},"60":{"start":{"line":100,"column":16},"end":{"line":100,"column":17}},"61":{"start":{"line":101,"column":6},"end":{"line":101,"column":26}},"62":{"start":{"line":102,"column":6},"end":{"line":102,"column":15}},"63":{"start":{"line":104,"column":4},"end":{"line":104,"column":55}},"64":{"start":{"line":105,"column":18},"end":{"line":105,"column":54}},"65":{"start":{"line":107,"column":4},"end":{"line":107,"column":44}},"66":{"start":{"line":108,"column":4},"end":{"line":114,"column":6}}},"fnMap":{"0":{"name":"(anonymous_0)","decl":{"start":{"line":8,"column":32},"end":{"line":8,"column":33}},"loc":{"start":{"line":8,"column":38},"end":{"line":116,"column":1}},"line":8},"1":{"name":"(anonymous_1)","decl":{"start":{"line":10,"column":15},"end":{"line":10,"column":16}},"loc":{"start":{"line":11,"column":4},"end":{"line":11,"column":32}},"line":11},"2":{"name":"(anonymous_2)","decl":{"start":{"line":14,"column":13},"end":{"line":14,"column":14}},"loc":{"start":{"line":14,"column":19},"end":{"line":16,"column":3}},"line":14},"3":{"name":"(anonymous_3)","decl":{"start":{"line":18,"column":60},"end":{"line":18,"column":61}},"loc":{"start":{"line":18,"column":66},"end":{"line":21,"column":3}},"line":18},"4":{"name":"(anonymous_4)","decl":{"start":{"line":23,"column":77},"end":{"line":23,"column":78}},"loc":{"start":{"line":23,"column":83},"end":{"line":26,"column":3}},"line":23},"5":{"name":"(anonymous_5)","decl":{"start":{"line":28,"column":51},"end":{"line":28,"column":52}},"loc":{"start":{"line":28,"column":57},"end":{"line":31,"column":3}},"line":28},"6":{"name":"(anonymous_6)","decl":{"start":{"line":34,"column":72},"end":{"line":34,"column":73}},"loc":{"start":{"line":34,"column":78},"end":{"line":43,"column":3}},"line":34},"7":{"name":"(anonymous_7)","decl":{"start":{"line":45,"column":63},"end":{"line":45,"column":64}},"loc":{"start":{"line":45,"column":69},"end":{"line":54,"column":3}},"line":45},"8":{"name":"(anonymous_8)","decl":{"start":{"line":56,"column":69},"end":{"line":56,"column":70}},"loc":{"start":{"line":56,"column":75},"end":{"line":65,"column":3}},"line":56},"9":{"name":"(anonymous_9)","decl":{"start":{"line":68,"column":56},"end":{"line":68,"column":57}},"loc":{"start":{"line":68,"column":62},"end":{"line":81,"column":3}},"line":68},"10":{"name":"(anonymous_10)","decl":{"start":{"line":84,"column":54},"end":{"line":84,"column":55}},"loc":{"start":{"line":84,"column":60},"end":{"line":93,"column":3}},"line":84},"11":{"name":"(anonymous_11)","decl":{"start":{"line":96,"column":77},"end":{"line":96,"column":78}},"loc":{"start":{"line":96,"column":83},"end":{"line":115,"column":3}},"line":96},"12":{"name":"(anonymous_12)","decl":{"start":{"line":99,"column":22},"end":{"line":99,"column":23}},"loc":{"start":{"line":99,"column":29},"end":{"line":103,"column":5}},"line":99}},"branchMap":{},"s":{"0":1,"1":1,"2":9,"3":1,"4":9,"5":1,"6":1,"7":1,"8":1,"9":1,"10":1,"11":1,"12":1,"13":1,"14":1,"15":1,"16":1,"17":1,"18":1,"19":1,"20":1,"21":1,"22":1,"23":1,"24":1,"25":1,"26":1,"27":1,"28":1,"29":1,"30":1,"31":1,"32":1,"33":1,"34":1,"35":1,"36":1,"37":1,"38":1,"39":1,"40":1,"41":1,"42":1,"43":1,"44":1,"45":1,"46":1,"47":1,"48":1,"49":1,"50":1,"51":1,"52":1,"53":1,"54":1,"55":1,"56":1,"57":1,"58":1,"59":1,"60":1,"61":1,"62":1,"63":1,"64":1,"65":1,"66":1},"f":{"0":1,"1":9,"2":9,"3":1,"4":1,"5":1,"6":1,"7":1,"8":1,"9":1,"10":1,"11":1,"12":1},"b":{},"_coverageSchema":"d34fc3e6b8297bcde183f5492bcb8fcb36775295","hash":"f9595f686d240eb3d3326f2ecb5932efe2cbe74c"}
,"/home/orar/workspace/npmlab/questrar/test/module/withRequest.spec.jsx": {"path":"/home/orar/workspace/npmlab/questrar/test/module/withRequest.spec.jsx","statementMap":{"0":{"start":{"line":8,"column":22},"end":{"line":8,"column":65}},"1":{"start":{"line":8,"column":28},"end":{"line":8,"column":65}},"2":{"start":{"line":11,"column":0},"end":{"line":82,"column":3}},"3":{"start":{"line":21,"column":28},"end":{"line":28,"column":3}},"4":{"start":{"line":22,"column":17},"end":{"line":25,"column":10}},"5":{"start":{"line":23,"column":18},"end":{"line":23,"column":55}},"6":{"start":{"line":24,"column":6},"end":{"line":24,"column":51}},"7":{"start":{"line":27,"column":4},"end":{"line":27,"column":46}},"8":{"start":{"line":30,"column":2},"end":{"line":39,"column":5}},"9":{"start":{"line":31,"column":4},"end":{"line":31,"column":45}},"10":{"start":{"line":32,"column":4},"end":{"line":32,"column":34}},"11":{"start":{"line":33,"column":4},"end":{"line":33,"column":24}},"12":{"start":{"line":34,"column":4},"end":{"line":34,"column":66}},"13":{"start":{"line":35,"column":4},"end":{"line":35,"column":68}},"14":{"start":{"line":37,"column":4},"end":{"line":37,"column":49}},"15":{"start":{"line":38,"column":4},"end":{"line":38,"column":43}},"16":{"start":{"line":42,"column":2},"end":{"line":44,"column":5}},"17":{"start":{"line":43,"column":4},"end":{"line":43,"column":77}},"18":{"start":{"line":47,"column":2},"end":{"line":52,"column":5}},"19":{"start":{"line":48,"column":21},"end":{"line":48,"column":39}},"20":{"start":{"line":49,"column":16},"end":{"line":49,"column":33}},"21":{"start":{"line":51,"column":4},"end":{"line":51,"column":51}},"22":{"start":{"line":54,"column":2},"end":{"line":58,"column":5}},"23":{"start":{"line":55,"column":16},"end":{"line":55,"column":51}},"24":{"start":{"line":57,"column":4},"end":{"line":57,"column":37}},"25":{"start":{"line":61,"column":2},"end":{"line":66,"column":5}},"26":{"start":{"line":62,"column":21},"end":{"line":62,"column":47}},"27":{"start":{"line":63,"column":18},"end":{"line":63,"column":56}},"28":{"start":{"line":65,"column":4},"end":{"line":65,"column":71}},"29":{"start":{"line":69,"column":2},"end":{"line":74,"column":7}},"30":{"start":{"line":71,"column":21},"end":{"line":71,"column":69}},"31":{"start":{"line":73,"column":6},"end":{"line":73,"column":69}},"32":{"start":{"line":76,"column":2},"end":{"line":81,"column":5}},"33":{"start":{"line":77,"column":22},"end":{"line":77,"column":83}},"34":{"start":{"line":78,"column":17},"end":{"line":78,"column":35}},"35":{"start":{"line":80,"column":4},"end":{"line":80,"column":41}}},"fnMap":{"0":{"name":"(anonymous_0)","decl":{"start":{"line":8,"column":22},"end":{"line":8,"column":23}},"loc":{"start":{"line":8,"column":28},"end":{"line":8,"column":65}},"line":8},"1":{"name":"(anonymous_1)","decl":{"start":{"line":11,"column":26},"end":{"line":11,"column":27}},"loc":{"start":{"line":11,"column":32},"end":{"line":82,"column":1}},"line":11},"2":{"name":"(anonymous_2)","decl":{"start":{"line":21,"column":28},"end":{"line":21,"column":29}},"loc":{"start":{"line":21,"column":34},"end":{"line":28,"column":3}},"line":21},"3":{"name":"(anonymous_3)","decl":{"start":{"line":22,"column":31},"end":{"line":22,"column":32}},"loc":{"start":{"line":22,"column":44},"end":{"line":25,"column":5}},"line":22},"4":{"name":"(anonymous_4)","decl":{"start":{"line":30,"column":13},"end":{"line":30,"column":14}},"loc":{"start":{"line":30,"column":19},"end":{"line":39,"column":3}},"line":30},"5":{"name":"(anonymous_5)","decl":{"start":{"line":42,"column":69},"end":{"line":42,"column":70}},"loc":{"start":{"line":42,"column":75},"end":{"line":44,"column":3}},"line":42},"6":{"name":"(anonymous_6)","decl":{"start":{"line":47,"column":55},"end":{"line":47,"column":56}},"loc":{"start":{"line":47,"column":61},"end":{"line":52,"column":3}},"line":47},"7":{"name":"(anonymous_7)","decl":{"start":{"line":54,"column":54},"end":{"line":54,"column":55}},"loc":{"start":{"line":54,"column":60},"end":{"line":58,"column":3}},"line":54},"8":{"name":"(anonymous_8)","decl":{"start":{"line":61,"column":76},"end":{"line":61,"column":77}},"loc":{"start":{"line":61,"column":82},"end":{"line":66,"column":3}},"line":61},"9":{"name":"(anonymous_9)","decl":{"start":{"line":70,"column":4},"end":{"line":70,"column":5}},"loc":{"start":{"line":70,"column":10},"end":{"line":74,"column":5}},"line":70},"10":{"name":"(anonymous_10)","decl":{"start":{"line":76,"column":69},"end":{"line":76,"column":70}},"loc":{"start":{"line":76,"column":75},"end":{"line":81,"column":3}},"line":76}},"branchMap":{},"s":{"0":1,"1":1,"2":1,"3":1,"4":6,"5":60,"6":60,"7":6,"8":1,"9":6,"10":6,"11":6,"12":6,"13":6,"14":6,"15":6,"16":1,"17":1,"18":1,"19":1,"20":1,"21":1,"22":1,"23":1,"24":1,"25":1,"26":1,"27":1,"28":1,"29":1,"30":1,"31":1,"32":1,"33":1,"34":1,"35":1},"f":{"0":1,"1":1,"2":6,"3":60,"4":6,"5":1,"6":1,"7":1,"8":1,"9":1,"10":1},"b":{},"_coverageSchema":"d34fc3e6b8297bcde183f5492bcb8fcb36775295","hash":"b9ce5f0bdde5df11676f2e59a4e9bb1da03c9cc7"}
,"/home/orar/workspace/npmlab/questrar/test/module/withRequestSelector.spec.jsx": {"path":"/home/orar/workspace/npmlab/questrar/test/module/withRequestSelector.spec.jsx","statementMap":{"0":{"start":{"line":8,"column":22},"end":{"line":8,"column":48}},"1":{"start":{"line":8,"column":28},"end":{"line":8,"column":48}},"2":{"start":{"line":11,"column":0},"end":{"line":45,"column":3}},"3":{"start":{"line":18,"column":28},"end":{"line":25,"column":3}},"4":{"start":{"line":19,"column":17},"end":{"line":22,"column":10}},"5":{"start":{"line":20,"column":18},"end":{"line":20,"column":55}},"6":{"start":{"line":21,"column":6},"end":{"line":21,"column":51}},"7":{"start":{"line":24,"column":4},"end":{"line":24,"column":46}},"8":{"start":{"line":27,"column":2},"end":{"line":34,"column":5}},"9":{"start":{"line":28,"column":4},"end":{"line":28,"column":45}},"10":{"start":{"line":29,"column":4},"end":{"line":29,"column":24}},"11":{"start":{"line":31,"column":4},"end":{"line":31,"column":55}},"12":{"start":{"line":33,"column":4},"end":{"line":33,"column":56}},"13":{"start":{"line":36,"column":2},"end":{"line":38,"column":5}},"14":{"start":{"line":37,"column":4},"end":{"line":37,"column":69}},"15":{"start":{"line":40,"column":2},"end":{"line":44,"column":5}},"16":{"start":{"line":41,"column":18},"end":{"line":41,"column":66}},"17":{"start":{"line":43,"column":4},"end":{"line":43,"column":63}}},"fnMap":{"0":{"name":"(anonymous_0)","decl":{"start":{"line":8,"column":22},"end":{"line":8,"column":23}},"loc":{"start":{"line":8,"column":28},"end":{"line":8,"column":48}},"line":8},"1":{"name":"(anonymous_1)","decl":{"start":{"line":11,"column":34},"end":{"line":11,"column":35}},"loc":{"start":{"line":11,"column":40},"end":{"line":45,"column":1}},"line":11},"2":{"name":"(anonymous_2)","decl":{"start":{"line":18,"column":28},"end":{"line":18,"column":29}},"loc":{"start":{"line":18,"column":34},"end":{"line":25,"column":3}},"line":18},"3":{"name":"(anonymous_3)","decl":{"start":{"line":19,"column":31},"end":{"line":19,"column":32}},"loc":{"start":{"line":19,"column":44},"end":{"line":22,"column":5}},"line":19},"4":{"name":"(anonymous_4)","decl":{"start":{"line":27,"column":12},"end":{"line":27,"column":13}},"loc":{"start":{"line":27,"column":18},"end":{"line":34,"column":3}},"line":27},"5":{"name":"(anonymous_5)","decl":{"start":{"line":36,"column":61},"end":{"line":36,"column":62}},"loc":{"start":{"line":36,"column":67},"end":{"line":38,"column":3}},"line":36},"6":{"name":"(anonymous_6)","decl":{"start":{"line":40,"column":76},"end":{"line":40,"column":77}},"loc":{"start":{"line":40,"column":82},"end":{"line":44,"column":3}},"line":40}},"branchMap":{},"s":{"0":1,"1":0,"2":1,"3":1,"4":1,"5":10,"6":10,"7":1,"8":1,"9":1,"10":1,"11":1,"12":1,"13":1,"14":1,"15":1,"16":1,"17":1},"f":{"0":0,"1":1,"2":1,"3":10,"4":1,"5":1,"6":1},"b":{},"_coverageSchema":"d34fc3e6b8297bcde183f5492bcb8fcb36775295","hash":"57e39378b3475a0032accec1bb8b493546d1b4ea"}
}
