TN:
SF:/home/orar/workspace/npmlab/questrar/src/index.js
FNF:0
FNH:0
LF:0
LH:0
BRF:0
BRH:0
end_of_record
TN:
SF:/home/orar/workspace/npmlab/questrar/src/components/Request.jsx
FN:75,(anonymous_0)
FNF:1
FNH:1
FNDA:40,(anonymous_0)
DA:75,4
DA:100,40
DA:102,40
DA:105,21
DA:106,1
DA:107,1
DA:109,1
DA:110,1
DA:111,0
DA:113,1
DA:116,1
DA:117,1
DA:120,20
DA:121,1
DA:124,2
DA:128,19
DA:129,1
DA:132,1
DA:135,19
DA:136,3
DA:138,1
DA:140,0
DA:142,2
DA:144,0
DA:148,20
DA:150,2
DA:151,0
DA:152,0
DA:155,4
DA:156,16
DA:161,5
DA:162,0
DA:163,0
DA:164,3
DA:166,1
DA:169,2
DA:173,2
DA:190,18
DA:192,5
DA:193,0
DA:194,13
DA:197,4
DA:198,1
DA:214,3
DA:216,2
DA:217,0
DA:218,0
DA:220,1
DA:223,2
DA:225,3
DA:228,12
DA:233,14
DA:234,1
DA:235,1
DA:238,2
DA:239,11
DA:240,0
DA:242,0
DA:245,1
DA:246,0
DA:249,1
DA:252,12
DA:253,1
DA:256,1
DA:257,0
DA:258,0
DA:260,0
DA:263,1
DA:265,1
DA:270,11
LF:70
LH:54
BRDA:100,0,0,40
BRDA:100,0,1,40
BRDA:105,1,0,2
BRDA:105,1,1,38
BRDA:105,2,0,40
BRDA:105,2,1,4
BRDA:106,3,0,0
BRDA:106,3,1,2
BRDA:109,4,0,0
BRDA:109,4,1,2
BRDA:109,5,0,2
BRDA:109,5,1,0
BRDA:111,6,0,0
BRDA:111,6,1,0
BRDA:116,7,0,0
BRDA:116,7,1,2
BRDA:116,8,0,2
BRDA:116,8,1,0
BRDA:120,9,0,0
BRDA:120,9,1,2
BRDA:128,10,0,2
BRDA:128,10,1,36
BRDA:128,11,0,38
BRDA:128,11,1,2
BRDA:132,12,0,2
BRDA:132,12,1,0
BRDA:132,13,0,2
BRDA:132,13,1,2
BRDA:136,14,0,2
BRDA:136,14,1,0
BRDA:140,15,0,0
BRDA:140,15,1,0
BRDA:140,16,0,0
BRDA:140,16,1,0
BRDA:148,17,0,4
BRDA:148,17,1,32
BRDA:150,18,0,0
BRDA:150,18,1,4
BRDA:150,19,0,4
BRDA:150,19,1,0
BRDA:155,20,0,0
BRDA:155,20,1,4
BRDA:161,21,0,0
BRDA:161,21,1,4
BRDA:162,22,0,0
BRDA:162,22,1,0
BRDA:164,23,0,0
BRDA:164,23,1,0
BRDA:169,24,0,0
BRDA:169,24,1,0
BRDA:190,25,0,6
BRDA:190,25,1,26
BRDA:192,26,0,0
BRDA:192,26,1,6
BRDA:192,27,0,6
BRDA:192,27,1,0
BRDA:197,28,0,2
BRDA:197,28,1,4
BRDA:197,29,0,6
BRDA:197,29,1,4
BRDA:216,30,0,0
BRDA:216,30,1,4
BRDA:216,31,0,4
BRDA:216,31,1,4
BRDA:218,32,0,0
BRDA:218,32,1,0
BRDA:223,33,0,4
BRDA:223,33,1,0
BRDA:223,34,0,4
BRDA:223,34,1,4
BRDA:233,35,0,2
BRDA:233,35,1,24
BRDA:234,36,0,0
BRDA:234,36,1,2
BRDA:238,37,0,0
BRDA:238,37,1,2
BRDA:238,38,0,2
BRDA:238,38,1,2
BRDA:239,39,0,0
BRDA:239,39,1,0
BRDA:245,40,0,0
BRDA:245,40,1,2
BRDA:252,41,0,2
BRDA:252,41,1,22
BRDA:256,42,0,0
BRDA:256,42,1,2
BRDA:256,43,0,2
BRDA:256,43,1,2
BRDA:258,44,0,0
BRDA:258,44,1,0
BRDA:263,45,0,2
BRDA:263,45,1,0
BRF:92
BRH:53
end_of_record
TN:
SF:/home/orar/workspace/npmlab/questrar/src/components/RequestError/RequestError.jsx
FN:37,(anonymous_0)
FN:45,(anonymous_1)
FN:63,(anonymous_2)
FN:74,(anonymous_3)
FN:100,(anonymous_4)
FN:131,(anonymous_5)
FNF:6
FNH:3
FNDA:0,(anonymous_0)
FNDA:0,(anonymous_1)
FNDA:0,(anonymous_2)
FNDA:10,(anonymous_3)
FNDA:8,(anonymous_4)
FNDA:40,(anonymous_5)
DA:38,0
DA:46,0
DA:47,0
DA:49,0
DA:50,0
DA:53,0
DA:54,0
DA:55,0
DA:56,0
DA:64,5
DA:65,5
DA:75,5
DA:76,10
DA:78,7
DA:80,8
DA:81,4
DA:82,1
DA:84,4
DA:86,25
DA:87,4
DA:90,21
DA:101,7
DA:103,19
DA:104,2
DA:111,18
DA:118,6
DA:132,32
DA:133,21
DA:135,31
DA:136,2
DA:138,2
DA:150,18
DA:151,3
DA:154,15
DA:155,1
DA:158,14
DA:159,2
DA:167,12
DA:168,1
DA:175,11
LF:40
LH:31
BRDA:49,0,0,0
BRDA:49,0,1,0
BRDA:49,1,0,0
BRDA:49,1,1,0
BRDA:53,2,0,0
BRDA:53,2,1,0
BRDA:53,3,0,0
BRDA:53,3,1,0
BRDA:53,3,2,0
BRDA:64,4,0,0
BRDA:64,4,1,0
BRDA:78,5,0,10
BRDA:78,5,1,0
BRDA:80,6,0,0
BRDA:80,6,1,10
BRDA:82,7,0,0
BRDA:82,7,1,0
BRDA:86,8,0,4
BRDA:86,8,1,6
BRDA:103,9,0,2
BRDA:103,9,1,6
BRDA:104,10,0,0
BRDA:104,10,1,2
BRDA:111,11,0,6
BRDA:111,11,1,2
BRDA:132,12,0,38
BRDA:135,13,0,4
BRDA:135,13,1,36
BRDA:135,14,0,40
BRDA:135,14,1,6
BRDA:150,15,0,6
BRDA:150,15,1,30
BRDA:150,16,0,36
BRDA:150,16,1,34
BRDA:154,17,0,2
BRDA:154,17,1,28
BRDA:158,18,0,4
BRDA:158,18,1,24
BRDA:167,19,0,2
BRDA:167,19,1,22
BRF:40
BRH:24
end_of_record
TN:
SF:/home/orar/workspace/npmlab/questrar/src/components/RequestError/index.js
FNF:0
FNH:0
LF:0
LH:0
BRF:0
BRH:0
end_of_record
TN:
SF:/home/orar/workspace/npmlab/questrar/src/components/RequestPending/RequestPending.jsx
FN:15,(anonymous_0)
FNF:1
FNH:1
FNDA:6,(anonymous_0)
DA:15,8
DA:16,6
LF:2
LH:2
BRF:0
BRH:0
end_of_record
TN:
SF:/home/orar/workspace/npmlab/questrar/src/components/RequestPending/index.js
FNF:0
FNH:0
LF:0
LH:0
BRF:0
BRH:0
end_of_record
TN:
SF:/home/orar/workspace/npmlab/questrar/src/components/RequestSuccess/RequestSuccess.jsx
FN:38,(anonymous_0)
FN:47,(anonymous_1)
FN:67,(anonymous_2)
FN:78,(anonymous_3)
FN:103,(anonymous_4)
FN:130,(anonymous_5)
FNF:6
FNH:3
FNDA:0,(anonymous_0)
FNDA:0,(anonymous_1)
FNDA:0,(anonymous_2)
FNDA:20,(anonymous_3)
FNDA:2,(anonymous_4)
FNDA:22,(anonymous_5)
DA:39,0
DA:48,0
DA:49,0
DA:52,0
DA:53,0
DA:56,0
DA:57,0
DA:58,0
DA:59,0
DA:68,10
DA:69,10
DA:79,11
DA:80,19
DA:82,12
DA:84,17
DA:85,2
DA:86,1
DA:88,2
DA:90,20
DA:91,3
DA:94,8
DA:104,1
DA:106,11
DA:107,1
DA:114,10
DA:117,1
DA:131,11
DA:132,11
DA:134,11
DA:135,1
DA:136,1
DA:139,0
DA:150,10
DA:151,1
DA:153,1
DA:165,9
LF:36
LH:26
BRDA:52,0,0,0
BRDA:52,0,1,0
BRDA:52,1,0,0
BRDA:52,1,1,0
BRDA:56,2,0,0
BRDA:56,2,1,0
BRDA:56,3,0,0
BRDA:56,3,1,0
BRDA:56,3,2,0
BRDA:68,4,0,0
BRDA:68,4,1,0
BRDA:82,5,0,20
BRDA:82,5,1,0
BRDA:84,6,0,2
BRDA:84,6,1,18
BRDA:86,7,0,2
BRDA:86,7,1,0
BRDA:90,8,0,4
BRDA:90,8,1,14
BRDA:106,9,0,0
BRDA:106,9,1,2
BRDA:107,10,0,0
BRDA:107,10,1,0
BRDA:114,11,0,0
BRDA:114,11,1,2
BRDA:131,12,0,22
BRDA:134,13,0,2
BRDA:134,13,1,20
BRDA:135,14,0,2
BRDA:135,14,1,0
BRDA:142,15,0,0
BRDA:142,15,1,0
BRDA:142,16,0,0
BRDA:142,16,1,0
BRDA:150,17,0,2
BRDA:150,17,1,18
BRDA:150,18,0,20
BRDA:150,18,1,6
BRF:38
BRH:16
end_of_record
TN:
SF:/home/orar/workspace/npmlab/questrar/src/components/RequestSuccess/index.js
FNF:0
FNH:0
LF:0
LH:0
BRF:0
BRH:0
end_of_record
TN:
SF:/home/orar/workspace/npmlab/questrar/src/components/Spinner/Spinner.jsx
FN:10,(anonymous_0)
FN:19,(anonymous_1)
FNF:2
FNH:2
FNDA:6,(anonymous_0)
FNDA:66,(anonymous_1)
DA:10,10
DA:11,6
DA:12,6
DA:13,36
DA:15,3
DA:17,3
DA:20,33
DA:21,33
LF:8
LH:8
BRDA:12,0,0,2
BRDA:12,0,1,4
BRF:2
BRH:2
end_of_record
TN:
SF:/home/orar/workspace/npmlab/questrar/src/module/RequestProvider.jsx
FN:42,(anonymous_0)
FN:45,(anonymous_1)
FN:53,(anonymous_2)
FN:65,(anonymous_3)
FN:73,(anonymous_4)
FN:84,(anonymous_5)
FN:92,(anonymous_6)
FN:105,(anonymous_7)
FN:118,(anonymous_8)
FN:118,(anonymous_9)
FN:137,(anonymous_10)
FN:141,(anonymous_11)
FN:161,(anonymous_12)
FN:165,(anonymous_13)
FN:186,(anonymous_14)
FN:190,(anonymous_15)
FN:208,(anonymous_16)
FN:212,(anonymous_17)
FN:225,(anonymous_18)
FN:229,(anonymous_19)
FN:242,(anonymous_20)
FN:259,(anonymous_21)
FN:269,(anonymous_22)
FNF:23
FNH:16
FNDA:18,(anonymous_0)
FNDA:0,(anonymous_1)
FNDA:0,(anonymous_2)
FNDA:98,(anonymous_3)
FNDA:0,(anonymous_4)
FNDA:56,(anonymous_5)
FNDA:56,(anonymous_6)
FNDA:12,(anonymous_7)
FNDA:10,(anonymous_8)
FNDA:10,(anonymous_9)
FNDA:2,(anonymous_10)
FNDA:2,(anonymous_11)
FNDA:2,(anonymous_12)
FNDA:2,(anonymous_13)
FNDA:4,(anonymous_14)
FNDA:4,(anonymous_15)
FNDA:0,(anonymous_16)
FNDA:0,(anonymous_17)
FNDA:0,(anonymous_18)
FNDA:0,(anonymous_19)
FNDA:2,(anonymous_20)
FNDA:32,(anonymous_21)
FNDA:30,(anonymous_22)
DA:43,18
DA:44,9
DA:45,0
DA:46,0
DA:47,0
DA:54,0
DA:55,49
DA:56,0
DA:65,49
DA:74,0
DA:75,28
DA:77,28
DA:84,28
DA:93,56
DA:94,6
DA:96,28
DA:106,12
DA:107,5
DA:109,11
DA:118,5
DA:119,10
DA:121,6
DA:122,5
DA:123,6
DA:124,6
DA:125,6
DA:126,6
DA:127,6
DA:128,6
DA:138,2
DA:139,1
DA:141,1
DA:142,2
DA:143,2
DA:144,2
DA:146,2
DA:147,2
DA:149,2
DA:151,2
DA:162,3
DA:163,0
DA:165,3
DA:166,3
DA:167,3
DA:168,3
DA:170,3
DA:171,3
DA:173,3
DA:175,1
DA:187,2
DA:188,0
DA:190,2
DA:191,2
DA:192,2
DA:193,2
DA:195,2
DA:196,2
DA:198,2
DA:200,2
DA:209,0
DA:210,1
DA:212,0
DA:214,1
DA:215,0
DA:217,1
DA:226,1
DA:227,16
DA:229,15
DA:230,0
DA:231,0
DA:233,0
DA:243,1
DA:244,0
DA:246,1
DA:247,1
DA:249,1
DA:250,1
DA:251,1
DA:259,16
DA:270,15
DA:272,15
DA:273,15
DA:275,15
DA:277,15
LF:84
LH:69
BRDA:44,0,0,0
BRDA:44,0,1,18
BRDA:44,1,0,18
BRDA:44,1,1,0
BRDA:46,2,0,0
BRDA:46,2,1,0
BRDA:55,3,0,0
BRDA:55,3,1,0
BRDA:74,4,0,0
BRDA:74,4,1,0
BRDA:93,5,0,0
BRDA:93,5,1,56
BRDA:106,6,0,0
BRDA:106,6,1,12
BRDA:119,7,0,0
BRDA:119,7,1,10
BRDA:123,8,0,0
BRDA:123,8,1,10
BRDA:138,9,0,0
BRDA:138,9,1,2
BRDA:146,10,0,2
BRDA:146,10,1,0
BRDA:162,11,0,0
BRDA:162,11,1,2
BRDA:170,12,0,2
BRDA:170,12,1,0
BRDA:187,13,0,0
BRDA:187,13,1,4
BRDA:195,14,0,4
BRDA:195,14,1,0
BRDA:209,15,0,0
BRDA:209,15,1,0
BRDA:226,16,0,0
BRDA:226,16,1,0
BRDA:243,17,0,0
BRDA:243,17,1,2
BRDA:247,18,0,0
BRDA:247,18,1,2
BRF:38
BRH:14
end_of_record
TN:
SF:/home/orar/workspace/npmlab/questrar/src/module/common.js
FNF:0
FNH:0
DA:6,12
DA:7,12
DA:8,12
DA:11,12
DA:12,12
DA:13,12
DA:14,12
DA:18,12
LF:8
LH:8
BRF:0
BRH:0
end_of_record
TN:
SF:/home/orar/workspace/npmlab/questrar/src/module/context.js
FNF:0
FNH:0
DA:6,6
DA:15,6
LF:2
LH:2
BRF:0
BRH:0
end_of_record
TN:
SF:/home/orar/workspace/npmlab/questrar/src/module/helper.js
FN:20,(anonymous_0)
FN:58,(anonymous_1)
FN:75,randomId
FN:87,isFunc
FN:96,isObj
FN:107,isNumber
FN:117,nonEmpty
FN:122,isEmptyObj
FNF:8
FNH:8
FNDA:8,(anonymous_0)
FNDA:52,(anonymous_1)
FNDA:332,randomId
FNDA:86,isFunc
FNDA:54,isObj
FNDA:14,isNumber
FNDA:318,nonEmpty
FNDA:12,isEmptyObj
DA:20,30
DA:25,8
DA:26,8
DA:28,8
DA:29,0
DA:30,0
DA:31,0
DA:32,0
DA:34,0
DA:37,8
DA:38,11
DA:39,12
DA:40,7
DA:41,7
DA:42,6
DA:43,17
DA:47,30
DA:58,41
DA:59,52
DA:60,52
DA:61,27
DA:62,52
DA:63,192
DA:64,44
DA:66,53
DA:76,173
DA:77,325
DA:88,49
DA:98,27
DA:108,13
DA:118,159
DA:123,6
DA:125,6
LF:33
LH:28
BRDA:28,0,0,0
BRDA:28,0,1,8
BRDA:29,1,0,0
BRDA:29,1,1,0
BRDA:31,2,0,0
BRDA:31,2,1,0
BRDA:39,3,0,10
BRDA:39,3,1,4
BRDA:42,4,0,4
BRDA:42,4,1,0
BRDA:63,5,0,2
BRDA:63,5,1,50
BRDA:98,6,0,54
BRDA:98,6,1,52
BRDA:118,7,0,318
BRDA:118,7,1,168
BRDA:123,8,0,0
BRDA:123,8,1,12
BRDA:123,9,0,12
BRDA:123,9,1,12
BRF:20
BRH:13
end_of_record
TN:
SF:/home/orar/workspace/npmlab/questrar/src/module/withRequest.jsx
FN:25,withRequest
FN:26,withRequestHOC
FN:35,(anonymous_2)
FN:70,(anonymous_3)
FN:82,(anonymous_4)
FN:89,(anonymous_5)
FN:98,(anonymous_6)
FN:105,(anonymous_7)
FN:117,(anonymous_8)
FN:125,(anonymous_9)
FNF:10
FNH:9
FNDA:24,withRequest
FNDA:24,withRequestHOC
FNDA:10,(anonymous_2)
FNDA:6,(anonymous_3)
FNDA:0,(anonymous_4)
FNDA:10,(anonymous_5)
FNDA:4,(anonymous_6)
FNDA:6,(anonymous_7)
FNDA:2,(anonymous_8)
FNDA:24,(anonymous_9)
DA:26,24
DA:27,24
DA:36,10
DA:38,10
DA:40,5
DA:41,0
DA:42,5
DA:43,5
DA:44,5
DA:46,5
DA:47,10
DA:49,8
DA:53,5
DA:54,8
DA:55,0
DA:57,0
DA:61,5
DA:71,3
DA:73,8
DA:75,7
DA:77,3
DA:78,2
DA:82,2
DA:83,2
DA:84,0
DA:89,4
DA:90,8
DA:91,4
DA:93,5
DA:97,15
DA:98,2
DA:99,2
DA:100,2
DA:102,0
DA:105,1
DA:106,3
DA:107,3
DA:118,1
DA:119,1
DA:121,1
DA:126,12
LF:41
LH:36
BRDA:38,0,0,10
BRDA:38,0,1,0
BRDA:40,1,0,0
BRDA:40,1,1,10
BRDA:42,2,0,0
BRDA:42,2,1,0
BRDA:43,3,0,0
BRDA:43,3,1,0
BRDA:46,4,0,10
BRDA:46,4,1,0
BRDA:47,5,0,4
BRDA:47,5,1,6
BRDA:54,6,0,0
BRDA:54,6,1,10
BRDA:54,7,0,10
BRDA:54,7,1,10
BRDA:54,7,2,0
BRDA:55,8,0,0
BRDA:55,8,1,0
BRDA:73,9,0,0
BRDA:73,9,1,6
BRDA:73,10,0,6
BRDA:73,10,1,6
BRDA:75,11,0,0
BRDA:75,11,1,6
BRDA:77,12,0,0
BRDA:77,12,1,0
BRDA:90,13,0,2
BRDA:90,13,1,8
BRDA:97,14,0,4
BRDA:97,14,1,2
BRDA:99,15,0,4
BRDA:99,15,1,0
BRF:33
BRH:17
end_of_record
TN:
SF:/home/orar/workspace/npmlab/questrar/src/module/withRequestSelector.jsx
FN:19,withRequestSelector
FN:31,(anonymous_1)
FN:44,(anonymous_2)
FN:50,(anonymous_3)
FNF:4
FNH:3
FNDA:6,withRequestSelector
FNDA:2,(anonymous_1)
FNDA:0,(anonymous_2)
FNDA:2,(anonymous_3)
DA:20,6
DA:32,2
DA:33,1
DA:34,1
DA:36,1
DA:45,1
DA:47,0
DA:51,1
LF:8
LH:7
BRDA:33,0,0,0
BRDA:33,0,1,2
BRDA:33,1,0,2
BRDA:33,1,1,2
BRF:4
BRH:3
end_of_record
TN:
SF:/home/orar/workspace/npmlab/questrar/src/redux/RequestReducer.js
FN:22,setRemoves
FN:54,getState
FN:67,setMessage
FN:80,handleRequestPending
FN:101,handleRequestClean
FN:119,handleRequestDirty
FN:138,handleRequestFailed
FN:162,handleRequestSuccess
FN:185,removeRequestState
FN:207,(anonymous_9)
FN:220,rootReducer
FNF:11
FNH:10
FNDA:18,setRemoves
FNDA:64,getState
FNDA:26,setMessage
FNDA:8,handleRequestPending
FNDA:8,handleRequestClean
FNDA:8,handleRequestDirty
FNDA:8,handleRequestFailed
FNDA:8,handleRequestSuccess
FNDA:8,removeRequestState
FNDA:0,(anonymous_9)
FNDA:26,rootReducer
DA:12,11
DA:23,10
DA:25,18
DA:26,2
DA:28,10
DA:29,2
DA:30,2
DA:31,9
DA:33,1
DA:36,8
DA:37,0
DA:38,0
DA:39,8
DA:41,32
DA:44,35
DA:55,37
DA:56,40
DA:58,16
DA:68,26
DA:70,15
DA:72,17
DA:81,8
DA:84,8
DA:85,8
DA:87,8
DA:88,8
DA:89,8
DA:90,8
DA:92,8
DA:93,8
DA:102,8
DA:104,8
DA:105,8
DA:107,8
DA:108,8
DA:110,8
DA:111,8
DA:120,8
DA:122,8
DA:123,8
DA:125,8
DA:126,8
DA:128,8
DA:129,8
DA:139,8
DA:141,8
DA:142,4
DA:145,6
DA:146,4
DA:147,17
DA:148,6
DA:149,6
DA:151,6
DA:152,6
DA:163,6
DA:165,4
DA:166,6
DA:168,5
DA:169,4
DA:170,4
DA:171,4
DA:172,4
DA:174,4
DA:175,4
DA:186,4
DA:188,4
DA:189,4
DA:191,4
DA:192,4
DA:193,4
DA:194,4
DA:196,0
DA:207,2
DA:208,0
DA:210,0
DA:221,13
DA:222,13
DA:223,13
DA:225,2
DA:228,2
DA:231,2
DA:234,2
DA:237,2
DA:240,0
DA:243,2
DA:246,1
LF:86
LH:80
BRDA:25,0,0,2
BRDA:25,0,1,16
BRDA:28,1,0,2
BRDA:28,1,1,16
BRDA:30,2,0,2
BRDA:30,2,1,0
BRDA:36,3,0,0
BRDA:36,3,1,16
BRDA:38,4,0,0
BRDA:38,4,1,0
BRDA:55,5,0,54
BRDA:55,5,1,10
BRDA:68,6,0,22
BRDA:68,6,1,4
BRDA:191,7,0,8
BRDA:191,7,1,0
BRDA:222,8,0,24
BRDA:222,8,1,2
BRDA:222,9,0,26
BRDA:222,9,1,24
BRDA:223,10,0,4
BRDA:223,10,1,4
BRDA:223,10,2,4
BRDA:223,10,3,4
BRDA:223,10,4,4
BRDA:223,10,5,0
BRDA:223,10,6,4
BRDA:223,10,7,2
BRF:28
BRH:22
end_of_record
TN:
SF:/home/orar/workspace/npmlab/questrar/src/redux/common.js
FNF:0
FNH:0
DA:4,4
DA:7,4
LF:2
LH:2
BRF:0
BRH:0
end_of_record
TN:
SF:/home/orar/workspace/npmlab/questrar/src/redux/createRequest.js
FN:25,createRequest
FN:49,(anonymous_1)
FN:65,(anonymous_2)
FN:74,(anonymous_3)
FN:93,(anonymous_4)
FN:108,(anonymous_5)
FN:114,(anonymous_6)
FN:120,(anonymous_7)
FN:126,actionCreator
FN:130,(anonymous_9)
FNF:10
FNH:10
FNDA:22,createRequest
FNDA:24,(anonymous_1)
FNDA:4,(anonymous_2)
FNDA:4,(anonymous_3)
FNDA:4,(anonymous_4)
FNDA:4,(anonymous_5)
FNDA:4,(anonymous_6)
FNDA:4,(anonymous_7)
FNDA:2,actionCreator
FNDA:2,(anonymous_9)
DA:29,22
DA:31,23
DA:32,14
DA:34,23
DA:35,23
DA:36,22
DA:39,13
DA:49,22
DA:50,14
DA:51,12
DA:52,14
DA:53,3
DA:55,14
DA:56,23
DA:65,13
DA:74,13
DA:75,2
DA:76,4
DA:77,13
DA:78,2
DA:79,13
DA:80,2
DA:83,13
DA:93,13
DA:94,3
DA:95,13
DA:96,3
DA:97,11
DA:98,13
DA:99,11
DA:101,13
DA:108,22
DA:114,22
DA:120,11
DA:127,1
DA:130,11
DA:132,11
DA:134,11
DA:135,11
DA:136,11
DA:138,11
DA:139,11
DA:141,11
DA:143,11
LF:44
LH:44
BRDA:31,0,0,22
BRDA:31,0,1,18
BRDA:31,0,2,0
BRDA:34,1,0,22
BRDA:34,1,1,0
BRDA:35,2,0,22
BRDA:35,2,1,0
BRDA:36,3,0,22
BRDA:36,3,1,0
BRDA:39,4,0,18
BRDA:39,4,1,4
BRDA:52,5,0,6
BRDA:52,5,1,18
BRDA:77,6,0,0
BRDA:77,6,1,4
BRDA:79,7,0,0
BRDA:79,7,1,4
BRDA:79,8,0,4
BRDA:79,8,1,4
BRDA:96,9,0,0
BRDA:96,9,1,4
BRDA:98,10,0,0
BRDA:98,10,1,4
BRDA:98,11,0,4
BRDA:98,11,1,4
BRF:25
BRH:17
end_of_record
TN:
SF:/home/orar/workspace/npmlab/questrar/src/redux/createStateProvider.js
FN:21,createStateProvider
FN:53,getRawState
FN:69,getState
FN:84,putState
FN:95,runUpdate
FN:96,run
FN:113,observe
FN:121,release
FN:131,updateRequest
FNF:9
FNH:1
FNDA:8,createStateProvider
FNDA:0,getRawState
FNDA:0,getState
FNDA:0,putState
FNDA:0,runUpdate
FNDA:0,run
FNDA:0,observe
FNDA:0,release
FNDA:0,updateRequest
DA:22,4
DA:46,4
DA:54,0
DA:55,0
DA:56,0
DA:57,0
DA:58,0
DA:59,0
DA:62,0
DA:70,0
DA:71,0
DA:72,0
DA:74,0
DA:85,0
DA:96,0
DA:97,0
DA:98,0
DA:99,0
DA:101,0
DA:102,0
DA:114,0
DA:122,0
DA:123,0
DA:132,0
DA:134,0
DA:136,0
DA:137,0
DA:139,0
DA:140,4
DA:142,0
DA:143,0
DA:145,0
DA:146,0
DA:148,0
DA:150,0
DA:151,0
DA:156,4
LF:37
LH:4
BRDA:46,0,0,8
BRDA:46,0,1,6
BRDA:58,1,0,0
BRDA:58,1,1,0
BRDA:58,2,0,0
BRDA:58,2,1,0
BRDA:71,3,0,0
BRDA:71,3,1,0
BRDA:71,4,0,0
BRDA:71,4,1,0
BRDA:98,5,0,0
BRDA:98,5,1,0
BRDA:99,6,0,0
BRDA:99,6,1,0
BRDA:122,7,0,0
BRDA:122,7,1,0
BRDA:134,8,0,0
BRDA:134,8,1,0
BRDA:134,8,2,0
BRDA:134,8,3,0
BRDA:134,8,4,0
BRDA:150,9,0,0
BRDA:150,9,1,0
BRF:23
BRH:2
end_of_record
TN:
SF:/home/orar/workspace/npmlab/questrar/src/redux/index.js
FNF:0
FNH:0
LF:0
LH:0
BRF:0
BRH:0
end_of_record
TN:
SF:/home/orar/workspace/npmlab/questrar/test/StyleMock.js
FNF:0
FNH:0
LF:0
LH:0
BRF:0
BRH:0
end_of_record
TN:
SF:/home/orar/workspace/npmlab/questrar/test/test-bundle.js
FNF:0
FNH:0
DA:10,16
DA:12,16
DA:13,16
DA:14,16
DA:16,16
DA:17,16
LF:6
LH:6
BRF:0
BRH:0
end_of_record
TN:
SF:/home/orar/workspace/npmlab/questrar/test/components/Request.spec.jsx
FN:10,(anonymous_0)
FN:12,(anonymous_1)
FN:19,(anonymous_2)
FN:30,(anonymous_3)
FN:38,(anonymous_4)
FN:46,(anonymous_5)
FN:50,(anonymous_6)
FN:56,(anonymous_7)
FN:62,(anonymous_8)
FN:71,(anonymous_9)
FN:73,(anonymous_10)
FN:80,(anonymous_11)
FN:90,(anonymous_12)
FN:100,(anonymous_13)
FN:107,(anonymous_14)
FN:116,(anonymous_15)
FNF:16
FNH:15
FNDA:0,(anonymous_0)
FNDA:1,(anonymous_1)
FNDA:10,(anonymous_2)
FNDA:19,(anonymous_3)
FNDA:10,(anonymous_4)
FNDA:1,(anonymous_5)
FNDA:1,(anonymous_6)
FNDA:1,(anonymous_7)
FNDA:1,(anonymous_8)
FNDA:1,(anonymous_9)
FNDA:1,(anonymous_10)
FNDA:1,(anonymous_11)
FNDA:1,(anonymous_12)
FNDA:1,(anonymous_13)
FNDA:1,(anonymous_14)
FNDA:1,(anonymous_15)
DA:10,1
DA:12,1
DA:19,1
DA:20,10
DA:30,1
DA:31,19
DA:38,1
DA:39,10
DA:40,10
DA:41,10
DA:42,10
DA:43,10
DA:46,1
DA:47,1
DA:50,1
DA:51,1
DA:52,1
DA:53,1
DA:56,1
DA:57,1
DA:58,1
DA:59,1
DA:62,1
DA:63,1
DA:64,1
DA:65,1
DA:67,1
DA:68,1
DA:71,1
DA:72,1
DA:73,1
DA:75,1
DA:77,1
DA:80,1
DA:81,1
DA:82,1
DA:83,1
DA:84,1
DA:86,1
DA:87,1
DA:90,1
DA:91,1
DA:92,1
DA:93,1
DA:94,1
DA:96,1
DA:100,1
DA:101,1
DA:102,1
DA:104,1
DA:107,1
DA:108,1
DA:109,1
DA:110,1
DA:112,1
DA:113,1
DA:116,1
DA:117,1
DA:118,1
DA:119,1
DA:121,1
DA:123,1
DA:124,1
DA:125,1
DA:126,1
LF:65
LH:65
BRF:0
BRH:0
end_of_record
TN:
SF:/home/orar/workspace/npmlab/questrar/test/components/RequestError.spec.jsx
FN:8,(anonymous_0)
FN:11,(anonymous_1)
FN:18,(anonymous_2)
FN:26,(anonymous_3)
FN:37,(anonymous_4)
FN:46,(anonymous_5)
FN:50,(anonymous_6)
FN:57,(anonymous_7)
FN:69,(anonymous_8)
FN:77,(anonymous_9)
FN:85,(anonymous_10)
FN:92,(anonymous_11)
FN:101,(anonymous_12)
FN:111,(anonymous_13)
FN:120,(anonymous_14)
FNF:15
FNH:14
FNDA:0,(anonymous_0)
FNDA:1,(anonymous_1)
FNDA:19,(anonymous_2)
FNDA:10,(anonymous_3)
FNDA:10,(anonymous_4)
FNDA:1,(anonymous_5)
FNDA:1,(anonymous_6)
FNDA:1,(anonymous_7)
FNDA:1,(anonymous_8)
FNDA:1,(anonymous_9)
FNDA:1,(anonymous_10)
FNDA:1,(anonymous_11)
FNDA:1,(anonymous_12)
FNDA:1,(anonymous_13)
FNDA:1,(anonymous_14)
DA:8,1
DA:11,1
DA:18,1
DA:19,19
DA:26,1
DA:27,10
DA:37,1
DA:38,10
DA:39,10
DA:40,10
DA:41,10
DA:42,10
DA:46,1
DA:47,1
DA:50,1
DA:51,1
DA:52,1
DA:54,1
DA:57,1
DA:58,1
DA:62,1
DA:64,1
DA:65,1
DA:66,1
DA:69,1
DA:70,1
DA:71,1
DA:72,1
DA:74,1
DA:77,1
DA:78,1
DA:79,1
DA:80,1
DA:82,1
DA:85,1
DA:86,1
DA:87,1
DA:89,1
DA:92,1
DA:93,1
DA:94,1
DA:95,1
DA:97,1
DA:98,1
DA:101,1
DA:102,1
DA:103,1
DA:104,1
DA:105,1
DA:107,1
DA:108,1
DA:111,1
DA:112,1
DA:113,1
DA:115,1
DA:116,1
DA:117,1
DA:120,1
DA:121,1
DA:125,1
DA:127,1
DA:128,1
DA:129,1
DA:130,1
DA:131,1
LF:65
LH:65
BRF:0
BRH:0
end_of_record
TN:
SF:/home/orar/workspace/npmlab/questrar/test/components/RequestPending.spec.jsx
FN:7,(anonymous_0)
FN:12,(anonymous_1)
FN:18,(anonymous_2)
FN:22,(anonymous_3)
FN:27,(anonymous_4)
FNF:5
FNH:5
FNDA:1,(anonymous_0)
FNDA:3,(anonymous_1)
FNDA:2,(anonymous_2)
FNDA:1,(anonymous_3)
FNDA:1,(anonymous_4)
DA:7,1
DA:12,1
DA:13,3
DA:18,1
DA:19,2
DA:22,1
DA:23,1
DA:24,1
DA:27,1
DA:28,1
DA:29,1
DA:30,1
LF:12
LH:12
BRF:0
BRH:0
end_of_record
TN:
SF:/home/orar/workspace/npmlab/questrar/test/components/RequestSuccess.spec.jsx
FN:9,(anonymous_0)
FN:11,(anonymous_1)
FN:18,(anonymous_2)
FN:26,(anonymous_3)
FN:37,(anonymous_4)
FN:45,(anonymous_5)
FN:52,(anonymous_6)
FN:60,(anonymous_7)
FN:68,(anonymous_8)
FN:69,(anonymous_9)
FN:76,(anonymous_10)
FNF:11
FNH:10
FNDA:0,(anonymous_0)
FNDA:1,(anonymous_1)
FNDA:10,(anonymous_2)
FNDA:5,(anonymous_3)
FNDA:5,(anonymous_4)
FNDA:1,(anonymous_5)
FNDA:1,(anonymous_6)
FNDA:1,(anonymous_7)
FNDA:1,(anonymous_8)
FNDA:1,(anonymous_9)
FNDA:1,(anonymous_10)
DA:9,1
DA:11,1
DA:18,1
DA:19,10
DA:26,1
DA:27,5
DA:37,1
DA:38,5
DA:39,5
DA:40,5
DA:41,5
DA:42,5
DA:45,1
DA:46,1
DA:47,1
DA:49,1
DA:52,1
DA:53,1
DA:54,1
DA:55,1
DA:57,1
DA:60,1
DA:61,1
DA:62,1
DA:64,1
DA:65,1
DA:68,1
DA:69,1
DA:70,1
DA:72,1
DA:73,1
DA:76,1
DA:77,1
DA:78,1
DA:79,1
DA:81,1
LF:36
LH:36
BRF:0
BRH:0
end_of_record
TN:
SF:/home/orar/workspace/npmlab/questrar/test/components/Spinner.spec.jsx
FN:6,(anonymous_0)
FN:10,(anonymous_1)
FN:16,(anonymous_2)
FN:20,(anonymous_3)
FN:25,(anonymous_4)
FNF:5
FNH:5
FNDA:1,(anonymous_0)
FNDA:3,(anonymous_1)
FNDA:2,(anonymous_2)
FNDA:1,(anonymous_3)
FNDA:1,(anonymous_4)
DA:6,1
DA:10,1
DA:11,3
DA:16,1
DA:17,2
DA:20,1
DA:21,1
DA:22,1
DA:25,1
DA:26,1
DA:27,1
DA:29,1
LF:12
LH:12
BRF:0
BRH:0
end_of_record
TN:
SF:/home/orar/workspace/npmlab/questrar/test/module/RequestProvider.spec.jsx
FN:8,(anonymous_0)
FN:10,(anonymous_1)
FN:14,(anonymous_2)
FN:18,(anonymous_3)
FN:23,(anonymous_4)
FN:28,(anonymous_5)
FN:34,(anonymous_6)
FN:45,(anonymous_7)
FN:56,(anonymous_8)
FN:68,(anonymous_9)
FN:84,(anonymous_10)
FN:96,(anonymous_11)
FN:99,(anonymous_12)
FNF:13
FNH:13
FNDA:1,(anonymous_0)
FNDA:9,(anonymous_1)
FNDA:9,(anonymous_2)
FNDA:1,(anonymous_3)
FNDA:1,(anonymous_4)
FNDA:1,(anonymous_5)
FNDA:1,(anonymous_6)
FNDA:1,(anonymous_7)
FNDA:1,(anonymous_8)
FNDA:1,(anonymous_9)
FNDA:1,(anonymous_10)
FNDA:1,(anonymous_11)
FNDA:1,(anonymous_12)
DA:8,1
DA:10,1
DA:11,9
DA:14,1
DA:15,9
DA:18,1
DA:19,1
DA:23,1
DA:24,1
DA:25,1
DA:28,1
DA:29,1
DA:30,1
DA:34,1
DA:35,1
DA:36,1
DA:37,1
DA:38,1
DA:40,1
DA:41,1
DA:42,1
DA:45,1
DA:46,1
DA:47,1
DA:48,1
DA:49,1
DA:51,1
DA:52,1
DA:53,1
DA:56,1
DA:57,1
DA:58,1
DA:59,1
DA:60,1
DA:62,1
DA:63,1
DA:64,1
DA:68,1
DA:69,1
DA:70,1
DA:71,1
DA:72,1
DA:74,1
DA:75,1
DA:76,1
DA:78,1
DA:79,1
DA:80,1
DA:84,1
DA:85,1
DA:87,1
DA:88,1
DA:89,1
DA:90,1
DA:91,1
DA:92,1
DA:96,1
DA:97,1
DA:98,1
DA:99,1
DA:100,1
DA:101,1
DA:102,1
DA:104,1
DA:105,1
DA:107,1
DA:108,1
LF:67
LH:67
BRF:0
BRH:0
end_of_record
TN:
SF:/home/orar/workspace/npmlab/questrar/test/module/withRequest.spec.jsx
FN:8,(anonymous_0)
FN:11,(anonymous_1)
FN:21,(anonymous_2)
FN:22,(anonymous_3)
FN:30,(anonymous_4)
FN:42,(anonymous_5)
FN:47,(anonymous_6)
FN:54,(anonymous_7)
FN:61,(anonymous_8)
FN:70,(anonymous_9)
FN:76,(anonymous_10)
FNF:11
FNH:11
FNDA:1,(anonymous_0)
FNDA:1,(anonymous_1)
FNDA:6,(anonymous_2)
FNDA:60,(anonymous_3)
FNDA:6,(anonymous_4)
FNDA:1,(anonymous_5)
FNDA:1,(anonymous_6)
FNDA:1,(anonymous_7)
FNDA:1,(anonymous_8)
FNDA:1,(anonymous_9)
FNDA:1,(anonymous_10)
DA:8,1
DA:11,1
DA:21,1
DA:22,6
DA:23,60
DA:24,60
DA:27,6
DA:30,1
DA:31,6
DA:32,6
DA:33,6
DA:34,6
DA:35,6
DA:37,6
DA:38,6
DA:42,1
DA:43,1
DA:47,1
DA:48,1
DA:49,1
DA:51,1
DA:54,1
DA:55,1
DA:57,1
DA:61,1
DA:62,1
DA:63,1
DA:65,1
DA:69,1
DA:71,1
DA:73,1
DA:76,1
DA:77,1
DA:78,1
DA:80,1
LF:35
LH:35
BRF:0
BRH:0
end_of_record
TN:
SF:/home/orar/workspace/npmlab/questrar/test/module/withRequestSelector.spec.jsx
FN:8,(anonymous_0)
FN:11,(anonymous_1)
FN:18,(anonymous_2)
FN:19,(anonymous_3)
FN:27,(anonymous_4)
FN:36,(anonymous_5)
FN:40,(anonymous_6)
FNF:7
FNH:6
FNDA:0,(anonymous_0)
FNDA:1,(anonymous_1)
FNDA:1,(anonymous_2)
FNDA:10,(anonymous_3)
FNDA:1,(anonymous_4)
FNDA:1,(anonymous_5)
FNDA:1,(anonymous_6)
DA:8,1
DA:11,1
DA:18,1
DA:19,1
DA:20,10
DA:21,10
DA:24,1
DA:27,1
DA:28,1
DA:29,1
DA:31,1
DA:33,1
DA:36,1
DA:37,1
DA:40,1
DA:41,1
DA:43,1
LF:17
LH:17
BRF:0
BRH:0
end_of_record
